<?xml version="1.0" encoding="UTF-8"?>
<robot generator="Robot 7.0 (Python 3.10.6 on win32)" generated="2024-06-05T17:47:27.105650" rpa="false" schemaversion="5">
<suite id="s1" name="PuzzleCompletionSmokeTests" source="G:\Projects\dqc_bbta\daily_quick_crossword_browser_test_automation\src\tests\PuzzleCompletionSmokeTests.robot">
<test id="s1-t1" name="Complete Puzzle From Previous Month Without Making Mistakes" line="11">
<variable name="${puzzle_dict}">
<var>${28May2024-NoMistakes}</var>
<status status="PASS" start="2024-06-05T17:47:27.359456" elapsed="0.000000"/>
</variable>
<kw name="Open Browser At Daily Quick Crossword Game Page" owner="GamePage">
<kw name="Start Browser" owner="Helpers">
<kw name="Open Browser" owner="SeleniumLibrary">
<msg time="2024-06-05T17:47:27.359456" level="INFO">Opening browser 'chrome' to base url 'https://www.gamelab.com/games/daily-quick-crossword'.</msg>
<arg>browser=${browser}</arg>
<arg>url=${url}</arg>
<doc>Opens a new browser instance to the optional ``url``.</doc>
<status status="PASS" start="2024-06-05T17:47:27.359456" elapsed="3.434940"/>
</kw>
<kw name="Maximize Browser Window" owner="SeleniumLibrary">
<doc>Maximizes current browser window.</doc>
<status status="PASS" start="2024-06-05T17:47:30.795396" elapsed="0.053109"/>
</kw>
<kw name="Set Selenium Timeout" owner="SeleniumLibrary">
<arg>${SELENIUM_TIMEOUT}</arg>
<doc>Sets the timeout that is used by various keywords.</doc>
<status status="PASS" start="2024-06-05T17:47:30.848505" elapsed="0.001997"/>
</kw>
<arg>${BROWSER}</arg>
<arg>${DQC_GAME_URL}</arg>
<status status="PASS" start="2024-06-05T17:47:27.359456" elapsed="3.491046"/>
</kw>
<status status="PASS" start="2024-06-05T17:47:27.359456" elapsed="3.491046"/>
</kw>
<kw name="Prepare Game Main Menu For Interaction" owner="GamePage">
<kw name="Wait For Page To Become Interactable" owner="GamePage">
<kw name="Get &quot;Is Element Loaded&quot; JavaScript" owner="Helpers">
<variable name="${js}">
<var>document.evaluate("${element_xpath}", document, null, XPathResult.BOOLEAN_TYPE, null).booleanValue</var>
<status status="PASS" start="2024-06-05T17:47:30.851503" elapsed="0.000997"/>
</variable>
<return>
<value>${js}</value>
<status status="PASS" start="2024-06-05T17:47:30.852500" elapsed="0.000000"/>
</return>
<msg time="2024-06-05T17:47:30.852500" level="INFO">${cookie_dialog_loaded_cond} = document.evaluate("//div[@id='qc-cmp2-ui']", document, null, XPathResult.BOOLEAN_TYPE, null).booleanValue</msg>
<var>${cookie_dialog_loaded_cond}</var>
<arg>${COOKIE_DIALOG_XPATH}</arg>
<status status="PASS" start="2024-06-05T17:47:30.851503" elapsed="0.000997"/>
</kw>
<kw name="Get &quot;Is Element Loaded&quot; JavaScript" owner="Helpers">
<variable name="${js}">
<var>document.evaluate("${element_xpath}", document, null, XPathResult.BOOLEAN_TYPE, null).booleanValue</var>
<status status="PASS" start="2024-06-05T17:47:30.853462" elapsed="0.000000"/>
</variable>
<return>
<value>${js}</value>
<status status="PASS" start="2024-06-05T17:47:30.853462" elapsed="0.000000"/>
</return>
<msg time="2024-06-05T17:47:30.853462" level="INFO">${preroll_container_frame_loaded_cond} = document.evaluate("//div[@id='ark_pre-roll']/descendant::iframe", document, null, XPathResult.BOOLEAN_TYPE, null).booleanValue</msg>
<var>${preroll_container_frame_loaded_cond}</var>
<arg>${PREROLL_CONTAINER_FRAME_XPATH}</arg>
<status status="PASS" start="2024-06-05T17:47:30.852500" elapsed="0.000962"/>
</kw>
<kw name="Get &quot;Is Element Loaded&quot; JavaScript" owner="Helpers">
<variable name="${js}">
<var>document.evaluate("${element_xpath}", document, null, XPathResult.BOOLEAN_TYPE, null).booleanValue</var>
<status status="PASS" start="2024-06-05T17:47:30.853462" elapsed="0.000000"/>
</variable>
<return>
<value>${js}</value>
<status status="PASS" start="2024-06-05T17:47:30.853462" elapsed="0.000000"/>
</return>
<msg time="2024-06-05T17:47:30.853462" level="INFO">${game_container_frame_loaded_cond} = document.evaluate("//iframe[@id='canvas-box']", document, null, XPathResult.BOOLEAN_TYPE, null).booleanValue</msg>
<var>${game_container_frame_loaded_cond}</var>
<arg>${GAME_CONTAINER_FRAME_XPATH}</arg>
<status status="PASS" start="2024-06-05T17:47:30.853462" elapsed="0.000000"/>
</kw>
<kw name="Wait For Condition" owner="SeleniumLibrary">
<arg>return ${cookie_dialog_loaded_cond} || ${preroll_container_frame_loaded_cond} || ${game_container_frame_loaded_cond}</arg>
<doc>Waits until ``condition`` is true or ``timeout`` expires.</doc>
<status status="PASS" start="2024-06-05T17:47:30.853462" elapsed="0.108376"/>
</kw>
<tag>robot:private</tag>
<status status="PASS" start="2024-06-05T17:47:30.851503" elapsed="0.110335"/>
</kw>
<kw name="Close Dialogs Blocking Game Container" owner="GamePage">
<kw name="Get Element Count" owner="SeleniumLibrary">
<msg time="2024-06-05T17:47:30.973510" level="INFO">${is_cookie_policy_dialog_displayed} = 1</msg>
<var>${is_cookie_policy_dialog_displayed}</var>
<arg>id:${COOKIE_DIALOG_ID}</arg>
<doc>Returns the number of elements matching ``locator``.</doc>
<status status="PASS" start="2024-06-05T17:47:30.966361" elapsed="0.007149"/>
</kw>
<if>
<branch type="IF" condition="$is_cookie_policy_dialog_displayed">
<kw name="Agree To Cookie Policy" owner="GamePage">
<kw name="Click Element After It Loads" owner="Helpers">
<kw name="Wait For Element To Be Interactable" owner="Helpers">
<kw name="Wait Until Page Contains Element" owner="SeleniumLibrary">
<arg>${locator}</arg>
<doc>Waits until the element ``locator`` appears on the current page.</doc>
<status status="PASS" start="2024-06-05T17:47:30.973510" elapsed="0.019336"/>
</kw>
<kw name="Wait Until Element Is Visible" owner="SeleniumLibrary">
<arg>${locator}</arg>
<doc>Waits until the element ``locator`` is visible.</doc>
<status status="PASS" start="2024-06-05T17:47:30.992846" elapsed="0.014103"/>
</kw>
<arg>${locator}</arg>
<status status="PASS" start="2024-06-05T17:47:30.973510" elapsed="0.033439"/>
</kw>
<kw name="Click Element" owner="SeleniumLibrary">
<msg time="2024-06-05T17:47:31.006949" level="INFO">Clicking element '//div[@id='qc-cmp2-ui']/descendant::div[contains(@class,'qc-cmp2-summary-buttons')]/button/span[text()='AGREE']/..'.</msg>
<arg>${locator}</arg>
<arg>${modifier}</arg>
<arg>${action_chain}</arg>
<doc>Click the element identified by ``locator``.</doc>
<status status="PASS" start="2024-06-05T17:47:31.006949" elapsed="0.337691"/>
</kw>
<arg>${COOKIE_DIALOG_AGREE_BUTTON_XPATH}</arg>
<status status="PASS" start="2024-06-05T17:47:30.973510" elapsed="0.371130"/>
</kw>
<tag>robot:private</tag>
<status status="PASS" start="2024-06-05T17:47:30.973510" elapsed="0.371130"/>
</kw>
<status status="PASS" start="2024-06-05T17:47:30.973510" elapsed="0.371130"/>
</branch>
<status status="PASS" start="2024-06-05T17:47:30.973510" elapsed="0.371130"/>
</if>
<kw name="Get Element Count" owner="SeleniumLibrary">
<msg time="2024-06-05T17:47:31.361068" level="INFO">${is_preroll_container_frame_displayed} = 1</msg>
<var>${is_preroll_container_frame_displayed}</var>
<arg>xpath:${PREROLL_CONTAINER_FRAME_XPATH}</arg>
<doc>Returns the number of elements matching ``locator``.</doc>
<status status="PASS" start="2024-06-05T17:47:31.344640" elapsed="0.016428"/>
</kw>
<if>
<branch type="IF" condition="$is_preroll_container_frame_displayed">
<try>
<branch type="TRY">
<kw name="Switch To Frame After It Loads" owner="Helpers">
<kw name="Wait Until Page Contains Element" owner="SeleniumLibrary">
<arg>${locator}</arg>
<doc>Waits until the element ``locator`` appears on the current page.</doc>
<status status="PASS" start="2024-06-05T17:47:31.362072" elapsed="0.008997"/>
</kw>
<kw name="Select Frame" owner="SeleniumLibrary">
<msg time="2024-06-05T17:47:31.371069" level="INFO">Selecting frame 'xpath://div[@id='ark_pre-roll']/descendant::iframe'.</msg>
<arg>${locator}</arg>
<doc>Sets frame identified by ``locator`` as the current frame.</doc>
<status status="PASS" start="2024-06-05T17:47:31.371069" elapsed="0.018969"/>
</kw>
<arg>xpath:${PREROLL_CONTAINER_FRAME_XPATH}</arg>
<status status="PASS" start="2024-06-05T17:47:31.362072" elapsed="0.027966"/>
</kw>
<kw name="Switch To Frame After It Loads" owner="Helpers">
<kw name="Wait Until Page Contains Element" owner="SeleniumLibrary">
<arg>${locator}</arg>
<doc>Waits until the element ``locator`` appears on the current page.</doc>
<status status="PASS" start="2024-06-05T17:47:31.390038" elapsed="0.683415"/>
</kw>
<kw name="Select Frame" owner="SeleniumLibrary">
<msg time="2024-06-05T17:47:32.073453" level="INFO">Selecting frame 'xpath://iframe[starts-with(@id, 'google_ads_iframe')]'.</msg>
<arg>${locator}</arg>
<doc>Sets frame identified by ``locator`` as the current frame.</doc>
<status status="PASS" start="2024-06-05T17:47:32.073453" elapsed="0.066590"/>
</kw>
<arg>xpath:${COMMON_GOOGLE_ADS_FRAME_XPATH}</arg>
<status status="PASS" start="2024-06-05T17:47:31.390038" elapsed="0.750005"/>
</kw>
<kw name="Get Element Count" owner="SeleniumLibrary">
<msg time="2024-06-05T17:47:32.140043" level="INFO">${is_ad_dismiss_button_in_current_frame} = 1</msg>
<var>${is_ad_dismiss_button_in_current_frame}</var>
<arg>id:${PREROLL_CONTAINER_DISMISS_AD_BUTTON_ID}</arg>
<doc>Returns the number of elements matching ``locator``.</doc>
<status status="PASS" start="2024-06-05T17:47:32.140043" elapsed="0.000000"/>
</kw>
<if>
<branch type="IF" condition="not $is_ad_dismiss_button_in_current_frame">
<kw name="Switch To Frame After It Loads" owner="Helpers">
<arg>xpath:${COMMON_GOOGLE_ADS_NESTED_FRAME_XPATH}</arg>
<status status="NOT RUN" start="2024-06-05T17:47:32.140043" elapsed="0.000000"/>
</kw>
<status status="NOT RUN" start="2024-06-05T17:47:32.140043" elapsed="0.000000"/>
</branch>
<status status="PASS" start="2024-06-05T17:47:32.140043" elapsed="0.015631"/>
</if>
<kw name="Click Element After It Loads" owner="Helpers">
<kw name="Wait For Element To Be Interactable" owner="Helpers">
<kw name="Wait Until Page Contains Element" owner="SeleniumLibrary">
<arg>${locator}</arg>
<doc>Waits until the element ``locator`` appears on the current page.</doc>
<status status="PASS" start="2024-06-05T17:47:32.156639" elapsed="0.000000"/>
</kw>
<kw name="Wait Until Element Is Visible" owner="SeleniumLibrary">
<arg>${locator}</arg>
<doc>Waits until the element ``locator`` is visible.</doc>
<status status="PASS" start="2024-06-05T17:47:32.156639" elapsed="0.497815"/>
</kw>
<arg>${locator}</arg>
<status status="PASS" start="2024-06-05T17:47:32.156004" elapsed="0.498450"/>
</kw>
<kw name="Click Element" owner="SeleniumLibrary">
<msg time="2024-06-05T17:47:32.654454" level="INFO">Clicking element 'id:dismiss-button'.</msg>
<arg>${locator}</arg>
<arg>${modifier}</arg>
<arg>${action_chain}</arg>
<doc>Click the element identified by ``locator``.</doc>
<status status="PASS" start="2024-06-05T17:47:32.654454" elapsed="0.113933"/>
</kw>
<arg>id:${PREROLL_CONTAINER_DISMISS_AD_BUTTON_ID}</arg>
<status status="PASS" start="2024-06-05T17:47:32.155674" elapsed="0.612713"/>
</kw>
<kw name="Unselect Frame" owner="SeleniumLibrary">
<doc>Sets the main frame as the current frame.</doc>
<status status="PASS" start="2024-06-05T17:47:32.768387" elapsed="0.059889"/>
</kw>
<status status="PASS" start="2024-06-05T17:47:31.362072" elapsed="1.466204"/>
</branch>
<branch type="EXCEPT">
<kw name="Unselect Frame" owner="SeleniumLibrary">
<doc>Sets the main frame as the current frame.</doc>
<status status="NOT RUN" start="2024-06-05T17:47:32.828276" elapsed="0.000000"/>
</kw>
<status status="NOT RUN" start="2024-06-05T17:47:32.828276" elapsed="0.000000"/>
</branch>
<status status="PASS" start="2024-06-05T17:47:31.362072" elapsed="1.466204"/>
</try>
<status status="PASS" start="2024-06-05T17:47:31.361068" elapsed="1.467208"/>
</branch>
<status status="PASS" start="2024-06-05T17:47:31.361068" elapsed="1.467208"/>
</if>
<tag>robot:private</tag>
<status status="PASS" start="2024-06-05T17:47:30.961838" elapsed="1.866438"/>
</kw>
<kw name="Wait For Main Menu To Load" owner="GameWindow">
<kw name="Select Game Container Frame" owner="GameWindow" type="SETUP">
<kw name="Switch To Frame After It Loads" owner="Helpers">
<kw name="Wait Until Page Contains Element" owner="SeleniumLibrary">
<arg>${locator}</arg>
<doc>Waits until the element ``locator`` appears on the current page.</doc>
<status status="PASS" start="2024-06-05T17:47:32.828276" elapsed="0.011454"/>
</kw>
<kw name="Select Frame" owner="SeleniumLibrary">
<msg time="2024-06-05T17:47:32.839730" level="INFO">Selecting frame 'id:canvas-box'.</msg>
<arg>${locator}</arg>
<doc>Sets frame identified by ``locator`` as the current frame.</doc>
<status status="PASS" start="2024-06-05T17:47:32.839730" elapsed="0.128716"/>
</kw>
<arg>id:${GAME_CONTAINER_FRAME_ID}</arg>
<status status="PASS" start="2024-06-05T17:47:32.828276" elapsed="0.140170"/>
</kw>
<tag>robot:private</tag>
<status status="PASS" start="2024-06-05T17:47:32.828276" elapsed="0.140170"/>
</kw>
<kw name="Wait For Menu To Be Ready" owner="GameMainMenu">
<kw name="Wait Until Page Contains Element" owner="SeleniumLibrary">
<arg>xpath:${MAIN_MENU_SELECTED_MONTH_XPATH}</arg>
<doc>Waits until the element ``locator`` appears on the current page.</doc>
<status status="PASS" start="2024-06-05T17:47:32.968446" elapsed="1.129786"/>
</kw>
<status status="PASS" start="2024-06-05T17:47:32.968446" elapsed="1.129786"/>
</kw>
<kw name="Unselect Frame" owner="SeleniumLibrary" type="TEARDOWN">
<doc>Sets the main frame as the current frame.</doc>
<status status="PASS" start="2024-06-05T17:47:34.099231" elapsed="0.002117"/>
</kw>
<status status="PASS" start="2024-06-05T17:47:32.828276" elapsed="1.273072"/>
</kw>
<status status="PASS" start="2024-06-05T17:47:30.850502" elapsed="3.250846"/>
</kw>
<kw name="Verify That Current Month Is Selected In Main Menu" owner="GameWindow">
<kw name="Select Game Container Frame" owner="GameWindow" type="SETUP">
<kw name="Switch To Frame After It Loads" owner="Helpers">
<kw name="Wait Until Page Contains Element" owner="SeleniumLibrary">
<arg>${locator}</arg>
<doc>Waits until the element ``locator`` appears on the current page.</doc>
<status status="PASS" start="2024-06-05T17:47:34.107031" elapsed="0.006992"/>
</kw>
<kw name="Select Frame" owner="SeleniumLibrary">
<msg time="2024-06-05T17:47:34.115024" level="INFO">Selecting frame 'id:canvas-box'.</msg>
<arg>${locator}</arg>
<doc>Sets frame identified by ``locator`` as the current frame.</doc>
<status status="PASS" start="2024-06-05T17:47:34.115024" elapsed="0.018999"/>
</kw>
<arg>id:${GAME_CONTAINER_FRAME_ID}</arg>
<status status="PASS" start="2024-06-05T17:47:34.106027" elapsed="0.028996"/>
</kw>
<tag>robot:private</tag>
<status status="PASS" start="2024-06-05T17:47:34.101348" elapsed="0.033675"/>
</kw>
<kw name="Get Current Month And Year In Local Time" owner="Helpers">
<kw name="Get Current Date" owner="DateTime">
<msg time="2024-06-05T17:47:34.136025" level="INFO">${month_year_as_string} = June 2024</msg>
<var>${month_year_as_string}</var>
<arg>result_format=%B %Y</arg>
<arg>exclude_millis=True</arg>
<doc>Returns current local or UTC time with an optional increment.</doc>
<status status="PASS" start="2024-06-05T17:47:34.135023" elapsed="0.001002"/>
</kw>
<kw name="Split String" owner="String">
<msg time="2024-06-05T17:47:34.136025" level="INFO">@{month_year_as_list} = [ June | 2024 ]</msg>
<var>@{month_year_as_list}</var>
<arg>${month_year_as_string}</arg>
<doc>Splits the ``string`` using ``separator`` as a delimiter string.</doc>
<status status="PASS" start="2024-06-05T17:47:34.136025" elapsed="0.000000"/>
</kw>
<variable name="&amp;{month_year_as_dict}">
<var>month=${month_year_as_list}[0]</var>
<var>year=${month_year_as_list}[1]</var>
<status status="PASS" start="2024-06-05T17:47:34.136025" elapsed="0.000000"/>
</variable>
<return>
<value>${month_year_as_dict}</value>
<status status="PASS" start="2024-06-05T17:47:34.137127" elapsed="0.000000"/>
</return>
<msg time="2024-06-05T17:47:34.137127" level="INFO">${current_month_year_dict} = {'month': 'June', 'year': '2024'}</msg>
<var>${current_month_year_dict}</var>
<status status="PASS" start="2024-06-05T17:47:34.135023" elapsed="0.002104"/>
</kw>
<kw name="Verify Calendar Header Displays Month And Year" owner="GameMainMenu">
<kw name="Convert To Upper Case" owner="String">
<msg time="2024-06-05T17:47:34.139034" level="INFO">${month_name} = JUNE</msg>
<var>${month_name}</var>
<arg>${month_name}</arg>
<doc>Converts string to upper case.</doc>
<status status="PASS" start="2024-06-05T17:47:34.139034" elapsed="0.000000"/>
</kw>
<variable name="${expected_month_and_year_string}">
<var>${month_name}</var>
<var>${year}</var>
<status status="PASS" start="2024-06-05T17:47:34.139034" elapsed="0.001159"/>
</variable>
<kw name="Get Text" owner="SeleniumLibrary">
<msg time="2024-06-05T17:47:34.155820" level="INFO">${displayed_month_and_year_string} = JUNE 2024</msg>
<var>${displayed_month_and_year_string}</var>
<arg>xpath:${MAIN_MENU_SELECTED_MONTH_XPATH}</arg>
<doc>Returns the text value of the element identified by ``locator``.</doc>
<status status="PASS" start="2024-06-05T17:47:34.140193" elapsed="0.015627"/>
</kw>
<kw name="Should Be Equal As Strings" owner="BuiltIn">
<arg>${expected_month_and_year_string}</arg>
<arg>${displayed_month_and_year_string}</arg>
<doc>Fails if objects are unequal after converting them to strings.</doc>
<status status="PASS" start="2024-06-05T17:47:34.155820" elapsed="0.000000"/>
</kw>
<arg>${current_month_year_dict.month}</arg>
<arg>${current_month_year_dict.year}</arg>
<status status="PASS" start="2024-06-05T17:47:34.137127" elapsed="0.018693"/>
</kw>
<kw name="Unselect Frame" owner="SeleniumLibrary" type="TEARDOWN">
<doc>Sets the main frame as the current frame.</doc>
<status status="PASS" start="2024-06-05T17:47:34.155820" elapsed="0.000000"/>
</kw>
<status status="PASS" start="2024-06-05T17:47:34.101348" elapsed="0.054472"/>
</kw>
<kw name="Start Puzzle" owner="GameWindow">
<kw name="Select Game Container Frame" owner="GameWindow" type="SETUP">
<kw name="Switch To Frame After It Loads" owner="Helpers">
<kw name="Wait Until Page Contains Element" owner="SeleniumLibrary">
<arg>${locator}</arg>
<doc>Waits until the element ``locator`` appears on the current page.</doc>
<status status="PASS" start="2024-06-05T17:47:34.155820" elapsed="0.021909"/>
</kw>
<kw name="Select Frame" owner="SeleniumLibrary">
<msg time="2024-06-05T17:47:34.178727" level="INFO">Selecting frame 'id:canvas-box'.</msg>
<arg>${locator}</arg>
<doc>Sets frame identified by ``locator`` as the current frame.</doc>
<status status="PASS" start="2024-06-05T17:47:34.178727" elapsed="0.025823"/>
</kw>
<arg>id:${GAME_CONTAINER_FRAME_ID}</arg>
<status status="PASS" start="2024-06-05T17:47:34.155820" elapsed="0.048730"/>
</kw>
<tag>robot:private</tag>
<status status="PASS" start="2024-06-05T17:47:34.155820" elapsed="0.048730"/>
</kw>
<kw name="Get Currently Selected Month and Year From Calendar Header" owner="GameMainMenu">
<kw name="Get Text" owner="SeleniumLibrary">
<msg time="2024-06-05T17:47:34.238490" level="INFO">${displayed_month_year_as_string} = JUNE 2024</msg>
<var>${displayed_month_year_as_string}</var>
<arg>xpath:${MAIN_MENU_SELECTED_MONTH_XPATH}</arg>
<doc>Returns the text value of the element identified by ``locator``.</doc>
<status status="PASS" start="2024-06-05T17:47:34.205551" elapsed="0.032939"/>
</kw>
<kw name="Split String" owner="String">
<msg time="2024-06-05T17:47:34.238490" level="INFO">@{displayed_month_year_as_list} = [ JUNE | 2024 ]</msg>
<var>@{displayed_month_year_as_list}</var>
<arg>${displayed_month_year_as_string}</arg>
<doc>Splits the ``string`` using ``separator`` as a delimiter string.</doc>
<status status="PASS" start="2024-06-05T17:47:34.238490" elapsed="0.000000"/>
</kw>
<variable name="&amp;{displayed_month_year_as_dict}">
<var>month=${displayed_month_year_as_list}[0]</var>
<var>year=${displayed_month_year_as_list}[1]</var>
<status status="PASS" start="2024-06-05T17:47:34.238490" elapsed="0.000000"/>
</variable>
<return>
<value>${displayed_month_year_as_dict}</value>
<status status="PASS" start="2024-06-05T17:47:34.238490" elapsed="0.000000"/>
</return>
<msg time="2024-06-05T17:47:34.238490" level="INFO">${calendar_header_month_year} = {'month': 'JUNE', 'year': '2024'}</msg>
<var>${calendar_header_month_year}</var>
<status status="PASS" start="2024-06-05T17:47:34.204550" elapsed="0.033940"/>
</kw>
<if>
<branch type="IF" condition="$puzzle_month_name.upper() != $calendar_header_month_year.month">
<kw name="Switch Calendar To Previous Month" owner="GameMainMenu">
<kw name="Get Text" owner="SeleniumLibrary">
<msg time="2024-06-05T17:47:34.254119" level="INFO">${initial_selected_month_text} = JUNE 2024</msg>
<var>${initial_selected_month_text}</var>
<arg>xpath:${MAIN_MENU_SELECTED_MONTH_XPATH}</arg>
<doc>Returns the text value of the element identified by ``locator``.</doc>
<status status="PASS" start="2024-06-05T17:47:34.238490" elapsed="0.015629"/>
</kw>
<kw name="Click Element After It Loads" owner="Helpers">
<kw name="Wait For Element To Be Interactable" owner="Helpers">
<kw name="Wait Until Page Contains Element" owner="SeleniumLibrary">
<arg>${locator}</arg>
<doc>Waits until the element ``locator`` appears on the current page.</doc>
<status status="PASS" start="2024-06-05T17:47:34.254119" elapsed="0.000000"/>
</kw>
<kw name="Wait Until Element Is Visible" owner="SeleniumLibrary">
<arg>${locator}</arg>
<doc>Waits until the element ``locator`` is visible.</doc>
<status status="PASS" start="2024-06-05T17:47:34.254119" elapsed="0.031777"/>
</kw>
<arg>${locator}</arg>
<status status="PASS" start="2024-06-05T17:47:34.254119" elapsed="0.031777"/>
</kw>
<kw name="Click Element" owner="SeleniumLibrary">
<msg time="2024-06-05T17:47:34.285896" level="INFO">Clicking element 'xpath://section[contains(@class, 'gameStart_container__')]/section/button[2]'.</msg>
<arg>${locator}</arg>
<arg>${modifier}</arg>
<arg>${action_chain}</arg>
<doc>Click the element identified by ``locator``.</doc>
<status status="PASS" start="2024-06-05T17:47:34.285896" elapsed="0.131166"/>
</kw>
<arg>xpath:${MAIN_MENU_CHANGE_MONTH_BUTTON_XPATH}</arg>
<status status="PASS" start="2024-06-05T17:47:34.254119" elapsed="0.162943"/>
</kw>
<kw name="Wait Until Element Does Not Contain" owner="SeleniumLibrary">
<arg>xpath:${MAIN_MENU_SELECTED_MONTH_XPATH}</arg>
<arg>${initial_selected_month_text}</arg>
<doc>Waits until the element ``locator`` does not contain ``text``.</doc>
<status status="PASS" start="2024-06-05T17:47:34.417062" elapsed="0.017001"/>
</kw>
<status status="PASS" start="2024-06-05T17:47:34.238490" elapsed="0.195573"/>
</kw>
<status status="PASS" start="2024-06-05T17:47:34.238490" elapsed="0.195573"/>
</branch>
<status status="PASS" start="2024-06-05T17:47:34.238490" elapsed="0.195573"/>
</if>
<kw name="Start Puzzle From Currently Selected Month" owner="GameMainMenu">
<kw name="Click Element After It Loads" owner="Helpers">
<kw name="Wait For Element To Be Interactable" owner="Helpers">
<kw name="Wait Until Page Contains Element" owner="SeleniumLibrary">
<arg>${locator}</arg>
<doc>Waits until the element ``locator`` appears on the current page.</doc>
<status status="PASS" start="2024-06-05T17:47:34.437067" elapsed="0.019392"/>
</kw>
<kw name="Wait Until Element Is Visible" owner="SeleniumLibrary">
<arg>${locator}</arg>
<doc>Waits until the element ``locator`` is visible.</doc>
<status status="PASS" start="2024-06-05T17:47:34.456459" elapsed="0.022376"/>
</kw>
<arg>${locator}</arg>
<status status="PASS" start="2024-06-05T17:47:34.435064" elapsed="0.043771"/>
</kw>
<kw name="Click Element" owner="SeleniumLibrary">
<msg time="2024-06-05T17:47:34.479835" level="INFO">Clicking element 'xpath://section[contains(@class, 'gameStart_container__')]/ul/li[28]'.</msg>
<arg>${locator}</arg>
<arg>${modifier}</arg>
<arg>${action_chain}</arg>
<doc>Click the element identified by ``locator``.</doc>
<status status="PASS" start="2024-06-05T17:47:34.478835" elapsed="0.065512"/>
</kw>
<arg>xpath:${MAIN_MENU_BASE_CALENDAR_DAY_XPATH}\[${puzzle_day}\]</arg>
<status status="PASS" start="2024-06-05T17:47:34.435064" elapsed="0.109283"/>
</kw>
<arg>${puzzle_day}</arg>
<status status="PASS" start="2024-06-05T17:47:34.434063" elapsed="0.110284"/>
</kw>
<kw name="Wait For Game To Be Ready" owner="GameGridAndClues">
<kw name="Wait For Element To Be Interactable" owner="Helpers">
<kw name="Wait Until Page Contains Element" owner="SeleniumLibrary">
<arg>${locator}</arg>
<doc>Waits until the element ``locator`` appears on the current page.</doc>
<status status="PASS" start="2024-06-05T17:47:34.545347" elapsed="0.400818"/>
</kw>
<kw name="Wait Until Element Is Visible" owner="SeleniumLibrary">
<arg>${locator}</arg>
<doc>Waits until the element ``locator`` is visible.</doc>
<status status="PASS" start="2024-06-05T17:47:34.946165" elapsed="0.212587"/>
</kw>
<arg>xpath:${GAME_GRID_BASE_XPATH}</arg>
<status status="PASS" start="2024-06-05T17:47:34.545347" elapsed="0.613405"/>
</kw>
<status status="PASS" start="2024-06-05T17:47:34.544347" elapsed="0.615408"/>
</kw>
<kw name="Verify Game Footer Puzzle Date" owner="GameGridAndClues">
<kw name="Get Text" owner="SeleniumLibrary">
<msg time="2024-06-05T17:47:35.177703" level="INFO">${game_footer_puzzle_info_as_string} = Daily Quick Crossword: 28 May 2024By Michael Curl</msg>
<var>${game_footer_puzzle_info_as_string}</var>
<arg>xpath:${GAME_FOOTER_PUZZLE_INFO_XPATH}</arg>
<doc>Returns the text value of the element identified by ``locator``.</doc>
<status status="PASS" start="2024-06-05T17:47:35.159755" elapsed="0.017948"/>
</kw>
<kw name="Split String" owner="String">
<msg time="2024-06-05T17:47:35.177703" level="INFO">@{game_footer_puzzle_info_as_list} = [ Daily | Quick | Crossword: | 28 | May | 2024By | Michael | Curl ]</msg>
<var>@{game_footer_puzzle_info_as_list}</var>
<arg>${game_footer_puzzle_info_as_string}</arg>
<doc>Splits the ``string`` using ``separator`` as a delimiter string.</doc>
<status status="PASS" start="2024-06-05T17:47:35.177703" elapsed="0.000000"/>
</kw>
<variable name="${game_footer_puzzle_info_day}">
<var>${game_footer_puzzle_info_as_list}[3]</var>
<status status="PASS" start="2024-06-05T17:47:35.177703" elapsed="0.000000"/>
</variable>
<variable name="${game_footer_puzzle_info_month_name}">
<var>${game_footer_puzzle_info_as_list}[4]</var>
<status status="PASS" start="2024-06-05T17:47:35.177703" elapsed="0.001012"/>
</variable>
<variable name="${game_footer_puzzle_info_year}">
<var>${game_footer_puzzle_info_as_list}[5]</var>
<status status="PASS" start="2024-06-05T17:47:35.178715" elapsed="0.000000"/>
</variable>
<kw name="Get Substring" owner="String">
<msg time="2024-06-05T17:47:35.178715" level="INFO">${game_footer_puzzle_info_year} = 2024</msg>
<var>${game_footer_puzzle_info_year}</var>
<arg>${game_footer_puzzle_info_year}</arg>
<arg>0</arg>
<arg>4</arg>
<doc>Returns a substring from ``start`` index to ``end`` index.</doc>
<status status="PASS" start="2024-06-05T17:47:35.178715" elapsed="0.000000"/>
</kw>
<kw name="Should Be Equal As Strings" owner="BuiltIn">
<msg time="2024-06-05T17:47:35.179714" level="INFO">Argument types are:
&lt;class 'int'&gt;
&lt;class 'str'&gt;</msg>
<arg>${expected_day}</arg>
<arg>${game_footer_puzzle_info_day}</arg>
<doc>Fails if objects are unequal after converting them to strings.</doc>
<status status="PASS" start="2024-06-05T17:47:35.178715" elapsed="0.000999"/>
</kw>
<kw name="Should Be Equal As Strings" owner="BuiltIn">
<arg>${expected_month_name}</arg>
<arg>${game_footer_puzzle_info_month_name}</arg>
<doc>Fails if objects are unequal after converting them to strings.</doc>
<status status="PASS" start="2024-06-05T17:47:35.179714" elapsed="0.000000"/>
</kw>
<kw name="Should Be Equal As Strings" owner="BuiltIn">
<arg>${expected_year}</arg>
<arg>${game_footer_puzzle_info_year}</arg>
<doc>Fails if objects are unequal after converting them to strings.</doc>
<status status="PASS" start="2024-06-05T17:47:35.179714" elapsed="0.000000"/>
</kw>
<arg>${puzzle_day}</arg>
<arg>${puzzle_month_name}</arg>
<arg>${puzzle_year}</arg>
<status status="PASS" start="2024-06-05T17:47:35.159755" elapsed="0.020949"/>
</kw>
<kw name="Unselect Frame" owner="SeleniumLibrary" type="TEARDOWN">
<doc>Sets the main frame as the current frame.</doc>
<status status="PASS" start="2024-06-05T17:47:35.180704" elapsed="0.001999"/>
</kw>
<arg>${puzzle_dict.day}</arg>
<arg>${puzzle_dict.month_name}</arg>
<arg>${puzzle_dict.year}</arg>
<status status="PASS" start="2024-06-05T17:47:34.155820" elapsed="1.026883"/>
</kw>
<kw name="Complete Puzzle Without Mistakes" owner="GameWindow">
<kw name="Select Game Container Frame" owner="GameWindow" type="SETUP">
<kw name="Switch To Frame After It Loads" owner="Helpers">
<kw name="Wait Until Page Contains Element" owner="SeleniumLibrary">
<arg>${locator}</arg>
<doc>Waits until the element ``locator`` appears on the current page.</doc>
<status status="PASS" start="2024-06-05T17:47:35.184706" elapsed="0.006957"/>
</kw>
<kw name="Select Frame" owner="SeleniumLibrary">
<msg time="2024-06-05T17:47:35.192662" level="INFO">Selecting frame 'id:canvas-box'.</msg>
<arg>${locator}</arg>
<doc>Sets frame identified by ``locator`` as the current frame.</doc>
<status status="PASS" start="2024-06-05T17:47:35.192662" elapsed="0.019636"/>
</kw>
<arg>id:${GAME_CONTAINER_FRAME_ID}</arg>
<status status="PASS" start="2024-06-05T17:47:35.184706" elapsed="0.027592"/>
</kw>
<tag>robot:private</tag>
<status status="PASS" start="2024-06-05T17:47:35.183704" elapsed="0.028594"/>
</kw>
<kw name="Configure Game For Fast Completion" owner="GameHud">
<kw name="Click Element After It Loads" owner="Helpers">
<kw name="Wait For Element To Be Interactable" owner="Helpers">
<kw name="Wait Until Page Contains Element" owner="SeleniumLibrary">
<arg>${locator}</arg>
<doc>Waits until the element ``locator`` appears on the current page.</doc>
<status status="PASS" start="2024-06-05T17:47:35.214309" elapsed="0.025034"/>
</kw>
<kw name="Wait Until Element Is Visible" owner="SeleniumLibrary">
<arg>${locator}</arg>
<doc>Waits until the element ``locator`` is visible.</doc>
<status status="PASS" start="2024-06-05T17:47:35.239607" elapsed="0.013411"/>
</kw>
<arg>${locator}</arg>
<status status="PASS" start="2024-06-05T17:47:35.214309" elapsed="0.038709"/>
</kw>
<kw name="Click Element" owner="SeleniumLibrary">
<msg time="2024-06-05T17:47:35.254015" level="INFO">Clicking element 'xpath://section[contains(@class,'game_hud__')]/button[1]'.</msg>
<arg>${locator}</arg>
<arg>${modifier}</arg>
<arg>${action_chain}</arg>
<doc>Click the element identified by ``locator``.</doc>
<status status="PASS" start="2024-06-05T17:47:35.254015" elapsed="0.080944"/>
</kw>
<arg>xpath:${GAME_SETTINGS_MENU_OPEN_BUTTON_XPATH}</arg>
<status status="PASS" start="2024-06-05T17:47:35.213310" elapsed="0.121649"/>
</kw>
<kw name="Wait Until Page Contains Element" owner="SeleniumLibrary">
<arg>xpath:${GAME_DROPDOWN_OVERLAY_XPATH}</arg>
<doc>Waits until the element ``locator`` appears on the current page.</doc>
<status status="PASS" start="2024-06-05T17:47:35.335463" elapsed="0.009072"/>
</kw>
<kw name="Is Element Checked" owner="Helpers">
<kw name="Get WebElement" owner="SeleniumLibrary">
<msg time="2024-06-05T17:47:35.354535" level="INFO">${element} = &lt;selenium.webdriver.remote.webelement.WebElement (session="2e89b185c6b370dd75d56a6d4c0ae0f9", element="f.8472CBB8875BC7A6B5870B20D15D29D1.d.1F584BC280EF2F7056F7112D7C1C576F.e.16")&gt;</msg>
<var>${element}</var>
<arg>${locator}</arg>
<doc>Returns the first WebElement matching the given ``locator``.</doc>
<status status="PASS" start="2024-06-05T17:47:35.345547" elapsed="0.008988"/>
</kw>
<kw name="Execute Javascript" owner="SeleniumLibrary">
<msg time="2024-06-05T17:47:35.354535" level="INFO">Executing JavaScript:
return arguments[0].checked
By using argument:
'&lt;selenium.webdriver.remote.webelement.WebElement (session="2e89b185c6b370dd75d56a6d4c0ae0f9", element="f.8472CBB8875BC7A6B5870B20D15D29D1.d.1F584BC280EF2F7056F7112D7C1C576F.e.16")&gt;'</msg>
<msg time="2024-06-05T17:47:35.359078" level="INFO">${js_query_result} = True</msg>
<var>${js_query_result}</var>
<arg>return arguments[0].checked</arg>
<arg>ARGUMENTS</arg>
<arg>${element}</arg>
<doc>Executes the given JavaScript code with possible arguments.</doc>
<status status="PASS" start="2024-06-05T17:47:35.354535" elapsed="0.004543"/>
</kw>
<kw name="Set Variable" owner="BuiltIn">
<msg time="2024-06-05T17:47:35.360096" level="INFO">${is_checked} = False</msg>
<var>${is_checked}</var>
<arg>${FALSE}</arg>
<doc>Returns the given values which can then be assigned to a variables.</doc>
<status status="PASS" start="2024-06-05T17:47:35.360096" elapsed="0.000000"/>
</kw>
<if>
<branch type="IF" condition="$js_query_result == $TRUE">
<kw name="Set Variable" owner="BuiltIn">
<msg time="2024-06-05T17:47:35.360096" level="INFO">${is_checked} = True</msg>
<var>${is_checked}</var>
<arg>${TRUE}</arg>
<doc>Returns the given values which can then be assigned to a variables.</doc>
<status status="PASS" start="2024-06-05T17:47:35.360096" elapsed="0.000000"/>
</kw>
<status status="PASS" start="2024-06-05T17:47:35.360096" elapsed="0.000000"/>
</branch>
<status status="PASS" start="2024-06-05T17:47:35.360096" elapsed="0.001009"/>
</if>
<return>
<value>${is_checked}</value>
<status status="PASS" start="2024-06-05T17:47:35.361105" elapsed="0.000000"/>
</return>
<msg time="2024-06-05T17:47:35.361105" level="INFO">${is_skip_over_filled_squares_enabled} = True</msg>
<var>${is_skip_over_filled_squares_enabled}</var>
<arg>xpath:${GAME_SETTINGS_SKIP_FILLED_SQUARES_ELEM_XPATH}</arg>
<doc>This Keyword is intended to be used with elements for which
the attributes do not change when they are selected.</doc>
<status status="PASS" start="2024-06-05T17:47:35.344535" elapsed="0.016570"/>
</kw>
<if>
<branch type="IF" condition="$is_skip_over_filled_squares_enabled">
<kw name="Click Element After It Loads" owner="Helpers">
<kw name="Wait For Element To Be Interactable" owner="Helpers">
<kw name="Wait Until Page Contains Element" owner="SeleniumLibrary">
<arg>${locator}</arg>
<doc>Waits until the element ``locator`` appears on the current page.</doc>
<status status="PASS" start="2024-06-05T17:47:35.362105" elapsed="0.008686"/>
</kw>
<kw name="Wait Until Element Is Visible" owner="SeleniumLibrary">
<arg>${locator}</arg>
<doc>Waits until the element ``locator`` is visible.</doc>
<status status="PASS" start="2024-06-05T17:47:35.370791" elapsed="0.225198"/>
</kw>
<arg>${locator}</arg>
<status status="PASS" start="2024-06-05T17:47:35.362105" elapsed="0.233884"/>
</kw>
<kw name="Click Element" owner="SeleniumLibrary">
<msg time="2024-06-05T17:47:35.595989" level="INFO">Clicking element 'xpath://section[contains(@class, 'game_container__')]/section[3]/article/descendant::input[@id='skip']/../div'.</msg>
<arg>${locator}</arg>
<arg>${modifier}</arg>
<arg>${action_chain}</arg>
<doc>Click the element identified by ``locator``.</doc>
<status status="PASS" start="2024-06-05T17:47:35.595989" elapsed="0.085063"/>
</kw>
<arg>xpath:${GAME_SETTINGS_SKIP_FILLED_SQUARES_BUTTON_XPATH}</arg>
<status status="PASS" start="2024-06-05T17:47:35.361105" elapsed="0.319947"/>
</kw>
<status status="PASS" start="2024-06-05T17:47:35.361105" elapsed="0.319947"/>
</branch>
<status status="PASS" start="2024-06-05T17:47:35.361105" elapsed="0.319947"/>
</if>
<kw name="Is Element Checked" owner="Helpers">
<kw name="Get WebElement" owner="SeleniumLibrary">
<msg time="2024-06-05T17:47:35.693391" level="INFO">${element} = &lt;selenium.webdriver.remote.webelement.WebElement (session="2e89b185c6b370dd75d56a6d4c0ae0f9", element="f.8472CBB8875BC7A6B5870B20D15D29D1.d.1F584BC280EF2F7056F7112D7C1C576F.e.17")&gt;</msg>
<var>${element}</var>
<arg>${locator}</arg>
<doc>Returns the first WebElement matching the given ``locator``.</doc>
<status status="PASS" start="2024-06-05T17:47:35.682052" elapsed="0.011339"/>
</kw>
<kw name="Execute Javascript" owner="SeleniumLibrary">
<msg time="2024-06-05T17:47:35.694367" level="INFO">Executing JavaScript:
return arguments[0].checked
By using argument:
'&lt;selenium.webdriver.remote.webelement.WebElement (session="2e89b185c6b370dd75d56a6d4c0ae0f9", element="f.8472CBB8875BC7A6B5870B20D15D29D1.d.1F584BC280EF2F7056F7112D7C1C576F.e.17")&gt;'</msg>
<msg time="2024-06-05T17:47:35.697899" level="INFO">${js_query_result} = False</msg>
<var>${js_query_result}</var>
<arg>return arguments[0].checked</arg>
<arg>ARGUMENTS</arg>
<arg>${element}</arg>
<doc>Executes the given JavaScript code with possible arguments.</doc>
<status status="PASS" start="2024-06-05T17:47:35.693391" elapsed="0.004508"/>
</kw>
<kw name="Set Variable" owner="BuiltIn">
<msg time="2024-06-05T17:47:35.697899" level="INFO">${is_checked} = False</msg>
<var>${is_checked}</var>
<arg>${FALSE}</arg>
<doc>Returns the given values which can then be assigned to a variables.</doc>
<status status="PASS" start="2024-06-05T17:47:35.697899" elapsed="0.000000"/>
</kw>
<if>
<branch type="IF" condition="$js_query_result == $TRUE">
<kw name="Set Variable" owner="BuiltIn">
<var>${is_checked}</var>
<arg>${TRUE}</arg>
<doc>Returns the given values which can then be assigned to a variables.</doc>
<status status="NOT RUN" start="2024-06-05T17:47:35.697899" elapsed="0.000000"/>
</kw>
<status status="NOT RUN" start="2024-06-05T17:47:35.697899" elapsed="0.000000"/>
</branch>
<status status="PASS" start="2024-06-05T17:47:35.697899" elapsed="0.000000"/>
</if>
<return>
<value>${is_checked}</value>
<status status="PASS" start="2024-06-05T17:47:35.697899" elapsed="0.000000"/>
</return>
<msg time="2024-06-05T17:47:35.697899" level="INFO">${is_skip_next_word_enabled} = False</msg>
<var>${is_skip_next_word_enabled}</var>
<arg>xpath:${GAME_SETTINGS_SKIP_NEXT_WORD_ELEM_XPATH}</arg>
<doc>This Keyword is intended to be used with elements for which
the attributes do not change when they are selected.</doc>
<status status="PASS" start="2024-06-05T17:47:35.681052" elapsed="0.016847"/>
</kw>
<if>
<branch type="IF" condition="$is_skip_next_word_enabled">
<kw name="Click Element After It Loads" owner="Helpers">
<arg>xpath:${GAME_SETTINGS_SKIP_NEXT_WORD_BUTTON_XPATH}</arg>
<status status="NOT RUN" start="2024-06-05T17:47:35.697899" elapsed="0.000000"/>
</kw>
<status status="NOT RUN" start="2024-06-05T17:47:35.697899" elapsed="0.000000"/>
</branch>
<status status="PASS" start="2024-06-05T17:47:35.697899" elapsed="0.000000"/>
</if>
<kw name="Is Element Checked" owner="Helpers">
<kw name="Get WebElement" owner="SeleniumLibrary">
<msg time="2024-06-05T17:47:35.708045" level="INFO">${element} = &lt;selenium.webdriver.remote.webelement.WebElement (session="2e89b185c6b370dd75d56a6d4c0ae0f9", element="f.8472CBB8875BC7A6B5870B20D15D29D1.d.1F584BC280EF2F7056F7112D7C1C576F.e.19")&gt;</msg>
<var>${element}</var>
<arg>${locator}</arg>
<doc>Returns the first WebElement matching the given ``locator``.</doc>
<status status="PASS" start="2024-06-05T17:47:35.697899" elapsed="0.010146"/>
</kw>
<kw name="Execute Javascript" owner="SeleniumLibrary">
<msg time="2024-06-05T17:47:35.708045" level="INFO">Executing JavaScript:
return arguments[0].checked
By using argument:
'&lt;selenium.webdriver.remote.webelement.WebElement (session="2e89b185c6b370dd75d56a6d4c0ae0f9", element="f.8472CBB8875BC7A6B5870B20D15D29D1.d.1F584BC280EF2F7056F7112D7C1C576F.e.19")&gt;'</msg>
<msg time="2024-06-05T17:47:35.708045" level="INFO">${js_query_result} = True</msg>
<var>${js_query_result}</var>
<arg>return arguments[0].checked</arg>
<arg>ARGUMENTS</arg>
<arg>${element}</arg>
<doc>Executes the given JavaScript code with possible arguments.</doc>
<status status="PASS" start="2024-06-05T17:47:35.708045" elapsed="0.000000"/>
</kw>
<kw name="Set Variable" owner="BuiltIn">
<msg time="2024-06-05T17:47:35.708045" level="INFO">${is_checked} = False</msg>
<var>${is_checked}</var>
<arg>${FALSE}</arg>
<doc>Returns the given values which can then be assigned to a variables.</doc>
<status status="PASS" start="2024-06-05T17:47:35.708045" elapsed="0.000000"/>
</kw>
<if>
<branch type="IF" condition="$js_query_result == $TRUE">
<kw name="Set Variable" owner="BuiltIn">
<msg time="2024-06-05T17:47:35.718207" level="INFO">${is_checked} = True</msg>
<var>${is_checked}</var>
<arg>${TRUE}</arg>
<doc>Returns the given values which can then be assigned to a variables.</doc>
<status status="PASS" start="2024-06-05T17:47:35.718207" elapsed="0.000000"/>
</kw>
<status status="PASS" start="2024-06-05T17:47:35.718048" elapsed="0.000159"/>
</branch>
<status status="PASS" start="2024-06-05T17:47:35.718048" elapsed="0.000159"/>
</if>
<return>
<value>${is_checked}</value>
<status status="PASS" start="2024-06-05T17:47:35.718207" elapsed="0.000000"/>
</return>
<msg time="2024-06-05T17:47:35.718207" level="INFO">${is_display_clue_list_enabled} = True</msg>
<var>${is_display_clue_list_enabled}</var>
<arg>xpath:${GAME_SETTINGS_DISPLAY_CLUE_LIST_ELEM_XPATH}</arg>
<doc>This Keyword is intended to be used with elements for which
the attributes do not change when they are selected.</doc>
<status status="PASS" start="2024-06-05T17:47:35.697899" elapsed="0.020308"/>
</kw>
<if>
<branch type="IF" condition="not $is_display_clue_list_enabled">
<kw name="Click Element After It Loads" owner="Helpers">
<arg>xpath:${GAME_SETTINGS_DISPLAY_CLUE_LIST_BUTTON_XPATH}</arg>
<status status="NOT RUN" start="2024-06-05T17:47:35.718207" elapsed="0.000000"/>
</kw>
<status status="NOT RUN" start="2024-06-05T17:47:35.718207" elapsed="0.000000"/>
</branch>
<status status="PASS" start="2024-06-05T17:47:35.718207" elapsed="0.000000"/>
</if>
<kw name="Click Element After It Loads" owner="Helpers">
<kw name="Wait For Element To Be Interactable" owner="Helpers">
<kw name="Wait Until Page Contains Element" owner="SeleniumLibrary">
<arg>${locator}</arg>
<doc>Waits until the element ``locator`` appears on the current page.</doc>
<status status="PASS" start="2024-06-05T17:47:35.718207" elapsed="0.010000"/>
</kw>
<kw name="Wait Until Element Is Visible" owner="SeleniumLibrary">
<arg>${locator}</arg>
<doc>Waits until the element ``locator`` is visible.</doc>
<status status="PASS" start="2024-06-05T17:47:35.728207" elapsed="0.012981"/>
</kw>
<arg>${locator}</arg>
<status status="PASS" start="2024-06-05T17:47:35.718207" elapsed="0.022981"/>
</kw>
<kw name="Click Element" owner="SeleniumLibrary">
<msg time="2024-06-05T17:47:35.741188" level="INFO">Clicking element 'xpath://section[contains(@class, 'game_container__')]/section[3]/article/button'.</msg>
<arg>${locator}</arg>
<arg>${modifier}</arg>
<arg>${action_chain}</arg>
<doc>Click the element identified by ``locator``.</doc>
<status status="PASS" start="2024-06-05T17:47:35.741188" elapsed="0.094241"/>
</kw>
<arg>xpath:${GAME_SETTINGS_MENU_CLOSE_BUTTON_XPATH}</arg>
<status status="PASS" start="2024-06-05T17:47:35.718207" elapsed="0.117222"/>
</kw>
<kw name="Wait Until Page Does Not Contain Element" owner="SeleniumLibrary">
<arg>xpath:${GAME_DROPDOWN_OVERLAY_XPATH}</arg>
<doc>Waits until the element ``locator`` disappears from the current page.</doc>
<status status="PASS" start="2024-06-05T17:47:35.835429" elapsed="0.004514"/>
</kw>
<status status="PASS" start="2024-06-05T17:47:35.213310" elapsed="0.626633"/>
</kw>
<kw name="Fill In Puzzle Completely" owner="GameGridAndClues">
<kw name="Fill In Entries For Clues In List" owner="GameGridAndClues">
<kw name="Get Length" owner="BuiltIn">
<msg time="2024-06-05T17:47:35.839943" level="INFO">Length is 14.</msg>
<msg time="2024-06-05T17:47:35.839943" level="INFO">${expected_number_of_clues} = 14</msg>
<var>${expected_number_of_clues}</var>
<arg>${clues_with_solutions}</arg>
<doc>Returns and logs the length of the given item as an integer.</doc>
<status status="PASS" start="2024-06-05T17:47:35.839943" elapsed="0.000000"/>
</kw>
<kw name="Get Element Count" owner="SeleniumLibrary">
<msg time="2024-06-05T17:47:35.860209" level="INFO">${actual_number_of_clues} = 14</msg>
<var>${actual_number_of_clues}</var>
<arg>xpath:${clue_list_item_locator}</arg>
<doc>Returns the number of elements matching ``locator``.</doc>
<status status="PASS" start="2024-06-05T17:47:35.839943" elapsed="0.020266"/>
</kw>
<kw name="Should Be Equal As Integers" owner="BuiltIn">
<arg>${actual_number_of_clues}</arg>
<arg>${expected_number_of_clues}</arg>
<doc>Fails if objects are unequal after converting them to integers.</doc>
<status status="PASS" start="2024-06-05T17:47:35.860209" elapsed="0.000000"/>
</kw>
<for flavor="IN ENUMERATE">
<iter>
<variable name="${dom_index}">
<var>${index + 1}</var>
<status status="PASS" start="2024-06-05T17:47:35.860209" elapsed="0.000000"/>
</variable>
<variable name="${current_clue_list_item_locator}">
<var>${clue_list_item_locator}\[${dom_index}\]/section</var>
<status status="PASS" start="2024-06-05T17:47:35.860209" elapsed="0.000000"/>
</variable>
<kw name="Click Element After It Loads" owner="Helpers">
<kw name="Wait For Element To Be Interactable" owner="Helpers">
<kw name="Wait Until Page Contains Element" owner="SeleniumLibrary">
<arg>${locator}</arg>
<doc>Waits until the element ``locator`` appears on the current page.</doc>
<status status="PASS" start="2024-06-05T17:47:35.860209" elapsed="0.016618"/>
</kw>
<kw name="Wait Until Element Is Visible" owner="SeleniumLibrary">
<arg>${locator}</arg>
<doc>Waits until the element ``locator`` is visible.</doc>
<status status="PASS" start="2024-06-05T17:47:35.876827" elapsed="0.023964"/>
</kw>
<arg>${locator}</arg>
<status status="PASS" start="2024-06-05T17:47:35.860209" elapsed="0.040582"/>
</kw>
<kw name="Click Element" owner="SeleniumLibrary">
<msg time="2024-06-05T17:47:35.900791" level="INFO">Clicking element '//section[contains(@class,'connectedCluePanel_cluePanel__')][1]/ul/li[1]/section'.</msg>
<arg>${locator}</arg>
<arg>${modifier}</arg>
<arg>${action_chain}</arg>
<doc>Click the element identified by ``locator``.</doc>
<status status="PASS" start="2024-06-05T17:47:35.900791" elapsed="0.082725"/>
</kw>
<arg>${current_clue_list_item_locator}</arg>
<status status="PASS" start="2024-06-05T17:47:35.860209" elapsed="0.123307"/>
</kw>
<kw name="Scroll Element Into View" owner="SeleniumLibrary">
<arg>${current_clue_list_item_locator}</arg>
<doc>Scrolls the element identified by ``locator`` into view.</doc>
<status status="PASS" start="2024-06-05T17:47:35.983516" elapsed="0.324159"/>
</kw>
<kw name="Get Text" owner="SeleniumLibrary">
<msg time="2024-06-05T17:47:36.323137" level="INFO">${actual_clue_id} = 1</msg>
<var>${actual_clue_id}</var>
<arg>xpath:${current_clue_list_item_locator}/strong/div</arg>
<doc>Returns the text value of the element identified by ``locator``.</doc>
<status status="PASS" start="2024-06-05T17:47:36.307675" elapsed="0.015462"/>
</kw>
<kw name="Get Text" owner="SeleniumLibrary">
<msg time="2024-06-05T17:47:36.338698" level="INFO">${full_clue_string} = Sacred place (7)</msg>
<var>${full_clue_string}</var>
<arg>xpath:${current_clue_list_item_locator}/div</arg>
<doc>Returns the text value of the element identified by ``locator``.</doc>
<status status="PASS" start="2024-06-05T17:47:36.324142" elapsed="0.014556"/>
</kw>
<kw name="Fetch From Left" owner="String">
<msg time="2024-06-05T17:47:36.339271" level="INFO">${actual_clue_string} = Sacred place</msg>
<var>${actual_clue_string}</var>
<arg>${full_clue_string}</arg>
<arg>${SPACE}(</arg>
<doc>Returns contents of the ``string`` before the first occurrence of ``marker``.</doc>
<status status="PASS" start="2024-06-05T17:47:36.338698" elapsed="0.000623"/>
</kw>
<kw name="Fetch From Right" owner="String">
<msg time="2024-06-05T17:47:36.339321" level="INFO">${actual_clue_char_counts} = 7)</msg>
<var>${actual_clue_char_counts}</var>
<arg>${full_clue_string}</arg>
<arg>(</arg>
<doc>Returns contents of the ``string`` after the last occurrence of ``marker``.</doc>
<status status="PASS" start="2024-06-05T17:47:36.339321" elapsed="0.000000"/>
</kw>
<kw name="Fetch From Left" owner="String">
<msg time="2024-06-05T17:47:36.339321" level="INFO">${actual_clue_char_counts} = 7</msg>
<var>${actual_clue_char_counts}</var>
<arg>${actual_clue_char_counts}</arg>
<arg>)</arg>
<doc>Returns contents of the ``string`` before the first occurrence of ``marker``.</doc>
<status status="PASS" start="2024-06-05T17:47:36.339321" elapsed="0.000000"/>
</kw>
<kw name="Should Be Equal As Strings" owner="BuiltIn">
<arg>${actual_clue_id}</arg>
<arg>${clue_dict.id}</arg>
<doc>Fails if objects are unequal after converting them to strings.</doc>
<status status="PASS" start="2024-06-05T17:47:36.340376" elapsed="0.000000"/>
</kw>
<kw name="Should Be Equal As Strings" owner="BuiltIn">
<arg>${actual_clue_string}</arg>
<arg>${clue_dict.clue}</arg>
<doc>Fails if objects are unequal after converting them to strings.</doc>
<status status="PASS" start="2024-06-05T17:47:36.340376" elapsed="0.000000"/>
</kw>
<kw name="Should Be Equal As Strings" owner="BuiltIn">
<arg>${actual_clue_char_counts}</arg>
<arg>${clue_dict.char_counts}</arg>
<doc>Fails if objects are unequal after converting them to strings.</doc>
<status status="PASS" start="2024-06-05T17:47:36.340376" elapsed="0.000000"/>
</kw>
<variable name="${clue_start_grid_cell}">
<var>${GAME_GRID_TABLE_CELL_XPATH}/*[local-name()='text' and text()='${clue_dict.id}']</var>
<status status="PASS" start="2024-06-05T17:47:36.340376" elapsed="0.000000"/>
</variable>
<kw name="Get Element Attribute" owner="SeleniumLibrary">
<msg time="2024-06-05T17:47:36.363346" level="INFO">${clue_start_grid_cell_current_color} = rgb(255, 222, 113)</msg>
<var>${clue_start_grid_cell_current_color}</var>
<arg>${clue_start_grid_cell}/../*[local-name()='rect']</arg>
<arg>fill</arg>
<doc>Returns the value of ``attribute`` from the element ``locator``.</doc>
<status status="PASS" start="2024-06-05T17:47:36.340376" elapsed="0.023970"/>
</kw>
<if>
<branch type="IF" condition="$clue_start_grid_cell_current_color != $GAME_SELECTED_SQUARE_COLOR">
<kw name="Click Element After It Loads" owner="Helpers">
<arg>${clue_start_grid_cell}</arg>
<status status="NOT RUN" start="2024-06-05T17:47:36.364346" elapsed="0.000000"/>
</kw>
<status status="NOT RUN" start="2024-06-05T17:47:36.364346" elapsed="0.000000"/>
</branch>
<status status="PASS" start="2024-06-05T17:47:36.364346" elapsed="0.000000"/>
</if>
<kw name="Press Keys" owner="SeleniumLibrary">
<msg time="2024-06-05T17:47:36.366350" level="INFO">Sending key(s) ('sanctum',) to page.</msg>
<msg time="2024-06-05T17:47:36.366350" level="INFO">Sending keys sanctum</msg>
<arg>None</arg>
<arg>${clue_dict.solution}</arg>
<doc>Simulates the user pressing key(s) to an element or on the active browser.</doc>
<status status="PASS" start="2024-06-05T17:47:36.364346" elapsed="0.071208"/>
</kw>
<var name="${index}">0</var>
<var name="${clue_dict}">{'id': '1', 'clue': 'Sacred place', 'char_counts': '7', 'solution': 'sanctum'}</var>
<status status="PASS" start="2024-06-05T17:47:35.860209" elapsed="0.575345"/>
</iter>
<iter>
<variable name="${dom_index}">
<var>${index + 1}</var>
<status status="PASS" start="2024-06-05T17:47:36.436566" elapsed="0.000988"/>
</variable>
<variable name="${current_clue_list_item_locator}">
<var>${clue_list_item_locator}\[${dom_index}\]/section</var>
<status status="PASS" start="2024-06-05T17:47:36.437554" elapsed="0.000000"/>
</variable>
<kw name="Click Element After It Loads" owner="Helpers">
<kw name="Wait For Element To Be Interactable" owner="Helpers">
<kw name="Wait Until Page Contains Element" owner="SeleniumLibrary">
<arg>${locator}</arg>
<doc>Waits until the element ``locator`` appears on the current page.</doc>
<status status="PASS" start="2024-06-05T17:47:36.438566" elapsed="0.010764"/>
</kw>
<kw name="Wait Until Element Is Visible" owner="SeleniumLibrary">
<arg>${locator}</arg>
<doc>Waits until the element ``locator`` is visible.</doc>
<status status="PASS" start="2024-06-05T17:47:36.449330" elapsed="0.010270"/>
</kw>
<arg>${locator}</arg>
<status status="PASS" start="2024-06-05T17:47:36.438566" elapsed="0.021034"/>
</kw>
<kw name="Click Element" owner="SeleniumLibrary">
<msg time="2024-06-05T17:47:36.459600" level="INFO">Clicking element '//section[contains(@class,'connectedCluePanel_cluePanel__')][1]/ul/li[2]/section'.</msg>
<arg>${locator}</arg>
<arg>${modifier}</arg>
<arg>${action_chain}</arg>
<doc>Click the element identified by ``locator``.</doc>
<status status="PASS" start="2024-06-05T17:47:36.459600" elapsed="0.068481"/>
</kw>
<arg>${current_clue_list_item_locator}</arg>
<status status="PASS" start="2024-06-05T17:47:36.437554" elapsed="0.090527"/>
</kw>
<kw name="Scroll Element Into View" owner="SeleniumLibrary">
<arg>${current_clue_list_item_locator}</arg>
<doc>Scrolls the element identified by ``locator`` into view.</doc>
<status status="PASS" start="2024-06-05T17:47:36.528081" elapsed="0.448668"/>
</kw>
<kw name="Get Text" owner="SeleniumLibrary">
<msg time="2024-06-05T17:47:37.019480" level="INFO">${actual_clue_id} = 5</msg>
<var>${actual_clue_id}</var>
<arg>xpath:${current_clue_list_item_locator}/strong/div</arg>
<doc>Returns the text value of the element identified by ``locator``.</doc>
<status status="PASS" start="2024-06-05T17:47:36.976749" elapsed="0.042731"/>
</kw>
<kw name="Get Text" owner="SeleniumLibrary">
<msg time="2024-06-05T17:47:37.036711" level="INFO">${full_clue_string} = Thigh bone (5)</msg>
<var>${full_clue_string}</var>
<arg>xpath:${current_clue_list_item_locator}/div</arg>
<doc>Returns the text value of the element identified by ``locator``.</doc>
<status status="PASS" start="2024-06-05T17:47:37.019480" elapsed="0.017231"/>
</kw>
<kw name="Fetch From Left" owner="String">
<msg time="2024-06-05T17:47:37.036711" level="INFO">${actual_clue_string} = Thigh bone</msg>
<var>${actual_clue_string}</var>
<arg>${full_clue_string}</arg>
<arg>${SPACE}(</arg>
<doc>Returns contents of the ``string`` before the first occurrence of ``marker``.</doc>
<status status="PASS" start="2024-06-05T17:47:37.036711" elapsed="0.000000"/>
</kw>
<kw name="Fetch From Right" owner="String">
<msg time="2024-06-05T17:47:37.037710" level="INFO">${actual_clue_char_counts} = 5)</msg>
<var>${actual_clue_char_counts}</var>
<arg>${full_clue_string}</arg>
<arg>(</arg>
<doc>Returns contents of the ``string`` after the last occurrence of ``marker``.</doc>
<status status="PASS" start="2024-06-05T17:47:37.036711" elapsed="0.000999"/>
</kw>
<kw name="Fetch From Left" owner="String">
<msg time="2024-06-05T17:47:37.037710" level="INFO">${actual_clue_char_counts} = 5</msg>
<var>${actual_clue_char_counts}</var>
<arg>${actual_clue_char_counts}</arg>
<arg>)</arg>
<doc>Returns contents of the ``string`` before the first occurrence of ``marker``.</doc>
<status status="PASS" start="2024-06-05T17:47:37.037710" elapsed="0.000000"/>
</kw>
<kw name="Should Be Equal As Strings" owner="BuiltIn">
<arg>${actual_clue_id}</arg>
<arg>${clue_dict.id}</arg>
<doc>Fails if objects are unequal after converting them to strings.</doc>
<status status="PASS" start="2024-06-05T17:47:37.037710" elapsed="0.001003"/>
</kw>
<kw name="Should Be Equal As Strings" owner="BuiltIn">
<arg>${actual_clue_string}</arg>
<arg>${clue_dict.clue}</arg>
<doc>Fails if objects are unequal after converting them to strings.</doc>
<status status="PASS" start="2024-06-05T17:47:37.038713" elapsed="0.000998"/>
</kw>
<kw name="Should Be Equal As Strings" owner="BuiltIn">
<arg>${actual_clue_char_counts}</arg>
<arg>${clue_dict.char_counts}</arg>
<doc>Fails if objects are unequal after converting them to strings.</doc>
<status status="PASS" start="2024-06-05T17:47:37.040709" elapsed="0.001000"/>
</kw>
<variable name="${clue_start_grid_cell}">
<var>${GAME_GRID_TABLE_CELL_XPATH}/*[local-name()='text' and text()='${clue_dict.id}']</var>
<status status="PASS" start="2024-06-05T17:47:37.041709" elapsed="0.001000"/>
</variable>
<kw name="Get Element Attribute" owner="SeleniumLibrary">
<msg time="2024-06-05T17:47:37.059853" level="INFO">${clue_start_grid_cell_current_color} = rgb(255, 222, 113)</msg>
<var>${clue_start_grid_cell_current_color}</var>
<arg>${clue_start_grid_cell}/../*[local-name()='rect']</arg>
<arg>fill</arg>
<doc>Returns the value of ``attribute`` from the element ``locator``.</doc>
<status status="PASS" start="2024-06-05T17:47:37.042709" elapsed="0.017144"/>
</kw>
<if>
<branch type="IF" condition="$clue_start_grid_cell_current_color != $GAME_SELECTED_SQUARE_COLOR">
<kw name="Click Element After It Loads" owner="Helpers">
<arg>${clue_start_grid_cell}</arg>
<status status="NOT RUN" start="2024-06-05T17:47:37.059853" elapsed="0.000000"/>
</kw>
<status status="NOT RUN" start="2024-06-05T17:47:37.059853" elapsed="0.000000"/>
</branch>
<status status="PASS" start="2024-06-05T17:47:37.059853" elapsed="0.000000"/>
</if>
<kw name="Press Keys" owner="SeleniumLibrary">
<msg time="2024-06-05T17:47:37.059853" level="INFO">Sending key(s) ('femur',) to page.</msg>
<msg time="2024-06-05T17:47:37.059853" level="INFO">Sending keys femur</msg>
<arg>None</arg>
<arg>${clue_dict.solution}</arg>
<doc>Simulates the user pressing key(s) to an element or on the active browser.</doc>
<status status="PASS" start="2024-06-05T17:47:37.059853" elapsed="0.051061"/>
</kw>
<var name="${index}">1</var>
<var name="${clue_dict}">{'id': '5', 'clue': 'Thigh bone', 'char_counts': '5', 'solution': 'femur'}</var>
<status status="PASS" start="2024-06-05T17:47:36.436566" elapsed="0.674348"/>
</iter>
<iter>
<variable name="${dom_index}">
<var>${index + 1}</var>
<status status="PASS" start="2024-06-05T17:47:37.111916" elapsed="0.001034"/>
</variable>
<variable name="${current_clue_list_item_locator}">
<var>${clue_list_item_locator}\[${dom_index}\]/section</var>
<status status="PASS" start="2024-06-05T17:47:37.112950" elapsed="0.000000"/>
</variable>
<kw name="Click Element After It Loads" owner="Helpers">
<kw name="Wait For Element To Be Interactable" owner="Helpers">
<kw name="Wait Until Page Contains Element" owner="SeleniumLibrary">
<arg>${locator}</arg>
<doc>Waits until the element ``locator`` appears on the current page.</doc>
<status status="PASS" start="2024-06-05T17:47:37.112950" elapsed="0.011414"/>
</kw>
<kw name="Wait Until Element Is Visible" owner="SeleniumLibrary">
<arg>${locator}</arg>
<doc>Waits until the element ``locator`` is visible.</doc>
<status status="PASS" start="2024-06-05T17:47:37.125368" elapsed="0.014056"/>
</kw>
<arg>${locator}</arg>
<status status="PASS" start="2024-06-05T17:47:37.112950" elapsed="0.026474"/>
</kw>
<kw name="Click Element" owner="SeleniumLibrary">
<msg time="2024-06-05T17:47:37.140369" level="INFO">Clicking element '//section[contains(@class,'connectedCluePanel_cluePanel__')][1]/ul/li[3]/section'.</msg>
<arg>${locator}</arg>
<arg>${modifier}</arg>
<arg>${action_chain}</arg>
<doc>Click the element identified by ``locator``.</doc>
<status status="PASS" start="2024-06-05T17:47:37.140369" elapsed="0.100282"/>
</kw>
<arg>${current_clue_list_item_locator}</arg>
<status status="PASS" start="2024-06-05T17:47:37.112950" elapsed="0.127701"/>
</kw>
<kw name="Scroll Element Into View" owner="SeleniumLibrary">
<arg>${current_clue_list_item_locator}</arg>
<doc>Scrolls the element identified by ``locator`` into view.</doc>
<status status="PASS" start="2024-06-05T17:47:37.240651" elapsed="0.317611"/>
</kw>
<kw name="Get Text" owner="SeleniumLibrary">
<msg time="2024-06-05T17:47:37.578962" level="INFO">${actual_clue_id} = 8</msg>
<var>${actual_clue_id}</var>
<arg>xpath:${current_clue_list_item_locator}/strong/div</arg>
<doc>Returns the text value of the element identified by ``locator``.</doc>
<status status="PASS" start="2024-06-05T17:47:37.558262" elapsed="0.020700"/>
</kw>
<kw name="Get Text" owner="SeleniumLibrary">
<msg time="2024-06-05T17:47:37.597222" level="INFO">${full_clue_string} = Enthusiastic (5)</msg>
<var>${full_clue_string}</var>
<arg>xpath:${current_clue_list_item_locator}/div</arg>
<doc>Returns the text value of the element identified by ``locator``.</doc>
<status status="PASS" start="2024-06-05T17:47:37.578962" elapsed="0.018260"/>
</kw>
<kw name="Fetch From Left" owner="String">
<msg time="2024-06-05T17:47:37.597222" level="INFO">${actual_clue_string} = Enthusiastic</msg>
<var>${actual_clue_string}</var>
<arg>${full_clue_string}</arg>
<arg>${SPACE}(</arg>
<doc>Returns contents of the ``string`` before the first occurrence of ``marker``.</doc>
<status status="PASS" start="2024-06-05T17:47:37.597222" elapsed="0.000000"/>
</kw>
<kw name="Fetch From Right" owner="String">
<msg time="2024-06-05T17:47:37.597222" level="INFO">${actual_clue_char_counts} = 5)</msg>
<var>${actual_clue_char_counts}</var>
<arg>${full_clue_string}</arg>
<arg>(</arg>
<doc>Returns contents of the ``string`` after the last occurrence of ``marker``.</doc>
<status status="PASS" start="2024-06-05T17:47:37.597222" elapsed="0.000000"/>
</kw>
<kw name="Fetch From Left" owner="String">
<msg time="2024-06-05T17:47:37.597222" level="INFO">${actual_clue_char_counts} = 5</msg>
<var>${actual_clue_char_counts}</var>
<arg>${actual_clue_char_counts}</arg>
<arg>)</arg>
<doc>Returns contents of the ``string`` before the first occurrence of ``marker``.</doc>
<status status="PASS" start="2024-06-05T17:47:37.597222" elapsed="0.000000"/>
</kw>
<kw name="Should Be Equal As Strings" owner="BuiltIn">
<arg>${actual_clue_id}</arg>
<arg>${clue_dict.id}</arg>
<doc>Fails if objects are unequal after converting them to strings.</doc>
<status status="PASS" start="2024-06-05T17:47:37.597222" elapsed="0.000000"/>
</kw>
<kw name="Should Be Equal As Strings" owner="BuiltIn">
<arg>${actual_clue_string}</arg>
<arg>${clue_dict.clue}</arg>
<doc>Fails if objects are unequal after converting them to strings.</doc>
<status status="PASS" start="2024-06-05T17:47:37.597222" elapsed="0.000000"/>
</kw>
<kw name="Should Be Equal As Strings" owner="BuiltIn">
<arg>${actual_clue_char_counts}</arg>
<arg>${clue_dict.char_counts}</arg>
<doc>Fails if objects are unequal after converting them to strings.</doc>
<status status="PASS" start="2024-06-05T17:47:37.597222" elapsed="0.000000"/>
</kw>
<variable name="${clue_start_grid_cell}">
<var>${GAME_GRID_TABLE_CELL_XPATH}/*[local-name()='text' and text()='${clue_dict.id}']</var>
<status status="PASS" start="2024-06-05T17:47:37.597222" elapsed="0.000000"/>
</variable>
<kw name="Get Element Attribute" owner="SeleniumLibrary">
<msg time="2024-06-05T17:47:37.617935" level="INFO">${clue_start_grid_cell_current_color} = rgb(255, 222, 113)</msg>
<var>${clue_start_grid_cell_current_color}</var>
<arg>${clue_start_grid_cell}/../*[local-name()='rect']</arg>
<arg>fill</arg>
<doc>Returns the value of ``attribute`` from the element ``locator``.</doc>
<status status="PASS" start="2024-06-05T17:47:37.597222" elapsed="0.020713"/>
</kw>
<if>
<branch type="IF" condition="$clue_start_grid_cell_current_color != $GAME_SELECTED_SQUARE_COLOR">
<kw name="Click Element After It Loads" owner="Helpers">
<arg>${clue_start_grid_cell}</arg>
<status status="NOT RUN" start="2024-06-05T17:47:37.617935" elapsed="0.000000"/>
</kw>
<status status="NOT RUN" start="2024-06-05T17:47:37.617935" elapsed="0.000000"/>
</branch>
<status status="PASS" start="2024-06-05T17:47:37.617935" elapsed="0.000000"/>
</if>
<kw name="Press Keys" owner="SeleniumLibrary">
<msg time="2024-06-05T17:47:37.622800" level="INFO">Sending key(s) ('eager',) to page.</msg>
<msg time="2024-06-05T17:47:37.622800" level="INFO">Sending keys eager</msg>
<arg>None</arg>
<arg>${clue_dict.solution}</arg>
<doc>Simulates the user pressing key(s) to an element or on the active browser.</doc>
<status status="PASS" start="2024-06-05T17:47:37.617935" elapsed="0.057933"/>
</kw>
<var name="${index}">2</var>
<var name="${clue_dict}">{'id': '8', 'clue': 'Enthusiastic', 'char_counts': '5', 'solution': 'eager'}</var>
<status status="PASS" start="2024-06-05T17:47:37.111916" elapsed="0.564954"/>
</iter>
<iter>
<variable name="${dom_index}">
<var>${index + 1}</var>
<status status="PASS" start="2024-06-05T17:47:37.676870" elapsed="0.001034"/>
</variable>
<variable name="${current_clue_list_item_locator}">
<var>${clue_list_item_locator}\[${dom_index}\]/section</var>
<status status="PASS" start="2024-06-05T17:47:37.678434" elapsed="0.000000"/>
</variable>
<kw name="Click Element After It Loads" owner="Helpers">
<kw name="Wait For Element To Be Interactable" owner="Helpers">
<kw name="Wait Until Page Contains Element" owner="SeleniumLibrary">
<arg>${locator}</arg>
<doc>Waits until the element ``locator`` appears on the current page.</doc>
<status status="PASS" start="2024-06-05T17:47:37.678958" elapsed="0.010365"/>
</kw>
<kw name="Wait Until Element Is Visible" owner="SeleniumLibrary">
<arg>${locator}</arg>
<doc>Waits until the element ``locator`` is visible.</doc>
<status status="PASS" start="2024-06-05T17:47:37.690327" elapsed="0.008902"/>
</kw>
<arg>${locator}</arg>
<status status="PASS" start="2024-06-05T17:47:37.678958" elapsed="0.020271"/>
</kw>
<kw name="Click Element" owner="SeleniumLibrary">
<msg time="2024-06-05T17:47:37.699229" level="INFO">Clicking element '//section[contains(@class,'connectedCluePanel_cluePanel__')][1]/ul/li[4]/section'.</msg>
<arg>${locator}</arg>
<arg>${modifier}</arg>
<arg>${action_chain}</arg>
<doc>Click the element identified by ``locator``.</doc>
<status status="PASS" start="2024-06-05T17:47:37.699229" elapsed="0.073411"/>
</kw>
<arg>${current_clue_list_item_locator}</arg>
<status status="PASS" start="2024-06-05T17:47:37.678434" elapsed="0.094206"/>
</kw>
<kw name="Scroll Element Into View" owner="SeleniumLibrary">
<arg>${current_clue_list_item_locator}</arg>
<doc>Scrolls the element identified by ``locator`` into view.</doc>
<status status="PASS" start="2024-06-05T17:47:37.772640" elapsed="0.306501"/>
</kw>
<kw name="Get Text" owner="SeleniumLibrary">
<msg time="2024-06-05T17:47:38.109126" level="INFO">${actual_clue_id} = 9</msg>
<var>${actual_clue_id}</var>
<arg>xpath:${current_clue_list_item_locator}/strong/div</arg>
<doc>Returns the text value of the element identified by ``locator``.</doc>
<status status="PASS" start="2024-06-05T17:47:38.079141" elapsed="0.029985"/>
</kw>
<kw name="Get Text" owner="SeleniumLibrary">
<msg time="2024-06-05T17:47:38.135842" level="INFO">${full_clue_string} = Skin-tight garment (7)</msg>
<var>${full_clue_string}</var>
<arg>xpath:${current_clue_list_item_locator}/div</arg>
<doc>Returns the text value of the element identified by ``locator``.</doc>
<status status="PASS" start="2024-06-05T17:47:38.109126" elapsed="0.026716"/>
</kw>
<kw name="Fetch From Left" owner="String">
<msg time="2024-06-05T17:47:38.135842" level="INFO">${actual_clue_string} = Skin-tight garment</msg>
<var>${actual_clue_string}</var>
<arg>${full_clue_string}</arg>
<arg>${SPACE}(</arg>
<doc>Returns contents of the ``string`` before the first occurrence of ``marker``.</doc>
<status status="PASS" start="2024-06-05T17:47:38.135842" elapsed="0.000000"/>
</kw>
<kw name="Fetch From Right" owner="String">
<msg time="2024-06-05T17:47:38.135842" level="INFO">${actual_clue_char_counts} = 7)</msg>
<var>${actual_clue_char_counts}</var>
<arg>${full_clue_string}</arg>
<arg>(</arg>
<doc>Returns contents of the ``string`` after the last occurrence of ``marker``.</doc>
<status status="PASS" start="2024-06-05T17:47:38.135842" elapsed="0.000000"/>
</kw>
<kw name="Fetch From Left" owner="String">
<msg time="2024-06-05T17:47:38.135842" level="INFO">${actual_clue_char_counts} = 7</msg>
<var>${actual_clue_char_counts}</var>
<arg>${actual_clue_char_counts}</arg>
<arg>)</arg>
<doc>Returns contents of the ``string`` before the first occurrence of ``marker``.</doc>
<status status="PASS" start="2024-06-05T17:47:38.135842" elapsed="0.000000"/>
</kw>
<kw name="Should Be Equal As Strings" owner="BuiltIn">
<arg>${actual_clue_id}</arg>
<arg>${clue_dict.id}</arg>
<doc>Fails if objects are unequal after converting them to strings.</doc>
<status status="PASS" start="2024-06-05T17:47:38.135842" elapsed="0.003644"/>
</kw>
<kw name="Should Be Equal As Strings" owner="BuiltIn">
<arg>${actual_clue_string}</arg>
<arg>${clue_dict.clue}</arg>
<doc>Fails if objects are unequal after converting them to strings.</doc>
<status status="PASS" start="2024-06-05T17:47:38.139486" elapsed="0.000997"/>
</kw>
<kw name="Should Be Equal As Strings" owner="BuiltIn">
<arg>${actual_clue_char_counts}</arg>
<arg>${clue_dict.char_counts}</arg>
<doc>Fails if objects are unequal after converting them to strings.</doc>
<status status="PASS" start="2024-06-05T17:47:38.140483" elapsed="0.000994"/>
</kw>
<variable name="${clue_start_grid_cell}">
<var>${GAME_GRID_TABLE_CELL_XPATH}/*[local-name()='text' and text()='${clue_dict.id}']</var>
<status status="PASS" start="2024-06-05T17:47:38.141477" elapsed="0.000000"/>
</variable>
<kw name="Get Element Attribute" owner="SeleniumLibrary">
<msg time="2024-06-05T17:47:38.158106" level="INFO">${clue_start_grid_cell_current_color} = rgb(255, 222, 113)</msg>
<var>${clue_start_grid_cell_current_color}</var>
<arg>${clue_start_grid_cell}/../*[local-name()='rect']</arg>
<arg>fill</arg>
<doc>Returns the value of ``attribute`` from the element ``locator``.</doc>
<status status="PASS" start="2024-06-05T17:47:38.141477" elapsed="0.016629"/>
</kw>
<if>
<branch type="IF" condition="$clue_start_grid_cell_current_color != $GAME_SELECTED_SQUARE_COLOR">
<kw name="Click Element After It Loads" owner="Helpers">
<arg>${clue_start_grid_cell}</arg>
<status status="NOT RUN" start="2024-06-05T17:47:38.158106" elapsed="0.000000"/>
</kw>
<status status="NOT RUN" start="2024-06-05T17:47:38.158106" elapsed="0.000000"/>
</branch>
<status status="PASS" start="2024-06-05T17:47:38.158106" elapsed="0.000000"/>
</if>
<kw name="Press Keys" owner="SeleniumLibrary">
<msg time="2024-06-05T17:47:38.158106" level="INFO">Sending key(s) ('leotard',) to page.</msg>
<msg time="2024-06-05T17:47:38.158106" level="INFO">Sending keys leotard</msg>
<arg>None</arg>
<arg>${clue_dict.solution}</arg>
<doc>Simulates the user pressing key(s) to an element or on the active browser.</doc>
<status status="PASS" start="2024-06-05T17:47:38.158106" elapsed="0.065330"/>
</kw>
<var name="${index}">3</var>
<var name="${clue_dict}">{'id': '9', 'clue': 'Skin-tight garment', 'char_counts': '7', 'solution': 'leotard'}</var>
<status status="PASS" start="2024-06-05T17:47:37.676870" elapsed="0.547566"/>
</iter>
<iter>
<variable name="${dom_index}">
<var>${index + 1}</var>
<status status="PASS" start="2024-06-05T17:47:38.224436" elapsed="0.001000"/>
</variable>
<variable name="${current_clue_list_item_locator}">
<var>${clue_list_item_locator}\[${dom_index}\]/section</var>
<status status="PASS" start="2024-06-05T17:47:38.225436" elapsed="0.000000"/>
</variable>
<kw name="Click Element After It Loads" owner="Helpers">
<kw name="Wait For Element To Be Interactable" owner="Helpers">
<kw name="Wait Until Page Contains Element" owner="SeleniumLibrary">
<arg>${locator}</arg>
<doc>Waits until the element ``locator`` appears on the current page.</doc>
<status status="PASS" start="2024-06-05T17:47:38.226446" elapsed="0.005553"/>
</kw>
<kw name="Wait Until Element Is Visible" owner="SeleniumLibrary">
<arg>${locator}</arg>
<doc>Waits until the element ``locator`` is visible.</doc>
<status status="PASS" start="2024-06-05T17:47:38.231999" elapsed="0.015503"/>
</kw>
<arg>${locator}</arg>
<status status="PASS" start="2024-06-05T17:47:38.226446" elapsed="0.021056"/>
</kw>
<kw name="Click Element" owner="SeleniumLibrary">
<msg time="2024-06-05T17:47:38.247502" level="INFO">Clicking element '//section[contains(@class,'connectedCluePanel_cluePanel__')][1]/ul/li[5]/section'.</msg>
<arg>${locator}</arg>
<arg>${modifier}</arg>
<arg>${action_chain}</arg>
<doc>Click the element identified by ``locator``.</doc>
<status status="PASS" start="2024-06-05T17:47:38.247502" elapsed="0.064517"/>
</kw>
<arg>${current_clue_list_item_locator}</arg>
<status status="PASS" start="2024-06-05T17:47:38.225436" elapsed="0.086583"/>
</kw>
<kw name="Scroll Element Into View" owner="SeleniumLibrary">
<arg>${current_clue_list_item_locator}</arg>
<doc>Scrolls the element identified by ``locator`` into view.</doc>
<status status="PASS" start="2024-06-05T17:47:38.312019" elapsed="0.296377"/>
</kw>
<kw name="Get Text" owner="SeleniumLibrary">
<msg time="2024-06-05T17:47:38.624555" level="INFO">${actual_clue_id} = 10</msg>
<var>${actual_clue_id}</var>
<arg>xpath:${current_clue_list_item_locator}/strong/div</arg>
<doc>Returns the text value of the element identified by ``locator``.</doc>
<status status="PASS" start="2024-06-05T17:47:38.608396" elapsed="0.016159"/>
</kw>
<kw name="Get Text" owner="SeleniumLibrary">
<msg time="2024-06-05T17:47:38.643620" level="INFO">${full_clue_string} = Throw away (7)</msg>
<var>${full_clue_string}</var>
<arg>xpath:${current_clue_list_item_locator}/div</arg>
<doc>Returns the text value of the element identified by ``locator``.</doc>
<status status="PASS" start="2024-06-05T17:47:38.624555" elapsed="0.019065"/>
</kw>
<kw name="Fetch From Left" owner="String">
<msg time="2024-06-05T17:47:38.643620" level="INFO">${actual_clue_string} = Throw away</msg>
<var>${actual_clue_string}</var>
<arg>${full_clue_string}</arg>
<arg>${SPACE}(</arg>
<doc>Returns contents of the ``string`` before the first occurrence of ``marker``.</doc>
<status status="PASS" start="2024-06-05T17:47:38.643620" elapsed="0.000000"/>
</kw>
<kw name="Fetch From Right" owner="String">
<msg time="2024-06-05T17:47:38.643620" level="INFO">${actual_clue_char_counts} = 7)</msg>
<var>${actual_clue_char_counts}</var>
<arg>${full_clue_string}</arg>
<arg>(</arg>
<doc>Returns contents of the ``string`` after the last occurrence of ``marker``.</doc>
<status status="PASS" start="2024-06-05T17:47:38.643620" elapsed="0.000000"/>
</kw>
<kw name="Fetch From Left" owner="String">
<msg time="2024-06-05T17:47:38.643620" level="INFO">${actual_clue_char_counts} = 7</msg>
<var>${actual_clue_char_counts}</var>
<arg>${actual_clue_char_counts}</arg>
<arg>)</arg>
<doc>Returns contents of the ``string`` before the first occurrence of ``marker``.</doc>
<status status="PASS" start="2024-06-05T17:47:38.643620" elapsed="0.000000"/>
</kw>
<kw name="Should Be Equal As Strings" owner="BuiltIn">
<arg>${actual_clue_id}</arg>
<arg>${clue_dict.id}</arg>
<doc>Fails if objects are unequal after converting them to strings.</doc>
<status status="PASS" start="2024-06-05T17:47:38.643620" elapsed="0.000000"/>
</kw>
<kw name="Should Be Equal As Strings" owner="BuiltIn">
<arg>${actual_clue_string}</arg>
<arg>${clue_dict.clue}</arg>
<doc>Fails if objects are unequal after converting them to strings.</doc>
<status status="PASS" start="2024-06-05T17:47:38.643620" elapsed="0.000000"/>
</kw>
<kw name="Should Be Equal As Strings" owner="BuiltIn">
<arg>${actual_clue_char_counts}</arg>
<arg>${clue_dict.char_counts}</arg>
<doc>Fails if objects are unequal after converting them to strings.</doc>
<status status="PASS" start="2024-06-05T17:47:38.643620" elapsed="0.000000"/>
</kw>
<variable name="${clue_start_grid_cell}">
<var>${GAME_GRID_TABLE_CELL_XPATH}/*[local-name()='text' and text()='${clue_dict.id}']</var>
<status status="PASS" start="2024-06-05T17:47:38.643620" elapsed="0.000000"/>
</variable>
<kw name="Get Element Attribute" owner="SeleniumLibrary">
<msg time="2024-06-05T17:47:38.664203" level="INFO">${clue_start_grid_cell_current_color} = rgb(255, 222, 113)</msg>
<var>${clue_start_grid_cell_current_color}</var>
<arg>${clue_start_grid_cell}/../*[local-name()='rect']</arg>
<arg>fill</arg>
<doc>Returns the value of ``attribute`` from the element ``locator``.</doc>
<status status="PASS" start="2024-06-05T17:47:38.643620" elapsed="0.020583"/>
</kw>
<if>
<branch type="IF" condition="$clue_start_grid_cell_current_color != $GAME_SELECTED_SQUARE_COLOR">
<kw name="Click Element After It Loads" owner="Helpers">
<arg>${clue_start_grid_cell}</arg>
<status status="NOT RUN" start="2024-06-05T17:47:38.664203" elapsed="0.000000"/>
</kw>
<status status="NOT RUN" start="2024-06-05T17:47:38.664203" elapsed="0.000000"/>
</branch>
<status status="PASS" start="2024-06-05T17:47:38.664203" elapsed="0.000000"/>
</if>
<kw name="Press Keys" owner="SeleniumLibrary">
<msg time="2024-06-05T17:47:38.672613" level="INFO">Sending key(s) ('discard',) to page.</msg>
<msg time="2024-06-05T17:47:38.672613" level="INFO">Sending keys discard</msg>
<arg>None</arg>
<arg>${clue_dict.solution}</arg>
<doc>Simulates the user pressing key(s) to an element or on the active browser.</doc>
<status status="PASS" start="2024-06-05T17:47:38.664203" elapsed="0.070429"/>
</kw>
<var name="${index}">4</var>
<var name="${clue_dict}">{'id': '10', 'clue': 'Throw away', 'char_counts': '7', 'solution': 'discard'}</var>
<status status="PASS" start="2024-06-05T17:47:38.224436" elapsed="0.510196"/>
</iter>
<iter>
<variable name="${dom_index}">
<var>${index + 1}</var>
<status status="PASS" start="2024-06-05T17:47:38.734632" elapsed="0.001002"/>
</variable>
<variable name="${current_clue_list_item_locator}">
<var>${clue_list_item_locator}\[${dom_index}\]/section</var>
<status status="PASS" start="2024-06-05T17:47:38.735634" elapsed="0.000000"/>
</variable>
<kw name="Click Element After It Loads" owner="Helpers">
<kw name="Wait For Element To Be Interactable" owner="Helpers">
<kw name="Wait Until Page Contains Element" owner="SeleniumLibrary">
<arg>${locator}</arg>
<doc>Waits until the element ``locator`` appears on the current page.</doc>
<status status="PASS" start="2024-06-05T17:47:38.736632" elapsed="0.009029"/>
</kw>
<kw name="Wait Until Element Is Visible" owner="SeleniumLibrary">
<arg>${locator}</arg>
<doc>Waits until the element ``locator`` is visible.</doc>
<status status="PASS" start="2024-06-05T17:47:38.745661" elapsed="0.011576"/>
</kw>
<arg>${locator}</arg>
<status status="PASS" start="2024-06-05T17:47:38.736632" elapsed="0.020605"/>
</kw>
<kw name="Click Element" owner="SeleniumLibrary">
<msg time="2024-06-05T17:47:38.757237" level="INFO">Clicking element '//section[contains(@class,'connectedCluePanel_cluePanel__')][1]/ul/li[6]/section'.</msg>
<arg>${locator}</arg>
<arg>${modifier}</arg>
<arg>${action_chain}</arg>
<doc>Click the element identified by ``locator``.</doc>
<status status="PASS" start="2024-06-05T17:47:38.757237" elapsed="0.067293"/>
</kw>
<arg>${current_clue_list_item_locator}</arg>
<status status="PASS" start="2024-06-05T17:47:38.736632" elapsed="0.087898"/>
</kw>
<kw name="Scroll Element Into View" owner="SeleniumLibrary">
<arg>${current_clue_list_item_locator}</arg>
<doc>Scrolls the element identified by ``locator`` into view.</doc>
<status status="PASS" start="2024-06-05T17:47:38.825529" elapsed="0.315552"/>
</kw>
<kw name="Get Text" owner="SeleniumLibrary">
<msg time="2024-06-05T17:47:39.158334" level="INFO">${actual_clue_id} = 11</msg>
<var>${actual_clue_id}</var>
<arg>xpath:${current_clue_list_item_locator}/strong/div</arg>
<doc>Returns the text value of the element identified by ``locator``.</doc>
<status status="PASS" start="2024-06-05T17:47:39.141081" elapsed="0.017253"/>
</kw>
<kw name="Get Text" owner="SeleniumLibrary">
<msg time="2024-06-05T17:47:39.183779" level="INFO">${full_clue_string} = Cord (5)</msg>
<var>${full_clue_string}</var>
<arg>xpath:${current_clue_list_item_locator}/div</arg>
<doc>Returns the text value of the element identified by ``locator``.</doc>
<status status="PASS" start="2024-06-05T17:47:39.158334" elapsed="0.025445"/>
</kw>
<kw name="Fetch From Left" owner="String">
<msg time="2024-06-05T17:47:39.184789" level="INFO">${actual_clue_string} = Cord</msg>
<var>${actual_clue_string}</var>
<arg>${full_clue_string}</arg>
<arg>${SPACE}(</arg>
<doc>Returns contents of the ``string`` before the first occurrence of ``marker``.</doc>
<status status="PASS" start="2024-06-05T17:47:39.184789" elapsed="0.000000"/>
</kw>
<kw name="Fetch From Right" owner="String">
[...]
</kw>
<kw name="Fetch From Left" owner="String">
<msg time="2024-06-05T17:47:51.120830" level="INFO">${actual_clue_char_counts} = 5</msg>
<var>${actual_clue_char_counts}</var>
<arg>${actual_clue_char_counts}</arg>
<arg>)</arg>
<doc>Returns contents of the ``string`` before the first occurrence of ``marker``.</doc>
<status status="PASS" start="2024-06-05T17:47:51.120830" elapsed="0.000000"/>
</kw>
<kw name="Should Be Equal As Strings" owner="BuiltIn">
<arg>${actual_clue_id}</arg>
<arg>${clue_dict.id}</arg>
<doc>Fails if objects are unequal after converting them to strings.</doc>
<status status="PASS" start="2024-06-05T17:47:51.120830" elapsed="0.000987"/>
</kw>
<kw name="Should Be Equal As Strings" owner="BuiltIn">
<arg>${actual_clue_string}</arg>
<arg>${clue_dict.clue}</arg>
<doc>Fails if objects are unequal after converting them to strings.</doc>
<status status="PASS" start="2024-06-05T17:47:51.121817" elapsed="0.001002"/>
</kw>
<kw name="Should Be Equal As Strings" owner="BuiltIn">
<arg>${actual_clue_char_counts}</arg>
<arg>${clue_dict.char_counts}</arg>
<doc>Fails if objects are unequal after converting them to strings.</doc>
<status status="PASS" start="2024-06-05T17:47:51.123821" elapsed="0.001009"/>
</kw>
<variable name="${clue_start_grid_cell}">
<var>${GAME_GRID_TABLE_CELL_XPATH}/*[local-name()='text' and text()='${clue_dict.id}']</var>
<status status="PASS" start="2024-06-05T17:47:51.124830" elapsed="0.001000"/>
</variable>
<kw name="Get Element Attribute" owner="SeleniumLibrary">
<msg time="2024-06-05T17:47:51.142514" level="INFO">${clue_start_grid_cell_current_color} = rgb(255, 255, 255)</msg>
<var>${clue_start_grid_cell_current_color}</var>
<arg>${clue_start_grid_cell}/../*[local-name()='rect']</arg>
<arg>fill</arg>
<doc>Returns the value of ``attribute`` from the element ``locator``.</doc>
<status status="PASS" start="2024-06-05T17:47:51.125830" elapsed="0.016684"/>
</kw>
<if>
<branch type="IF" condition="$clue_start_grid_cell_current_color != $GAME_SELECTED_SQUARE_COLOR">
<kw name="Click Element After It Loads" owner="Helpers">
<kw name="Wait For Element To Be Interactable" owner="Helpers">
<kw name="Wait Until Page Contains Element" owner="SeleniumLibrary">
<arg>${locator}</arg>
<doc>Waits until the element ``locator`` appears on the current page.</doc>
<status status="PASS" start="2024-06-05T17:47:51.143514" elapsed="0.009522"/>
</kw>
<kw name="Wait Until Element Is Visible" owner="SeleniumLibrary">
<arg>${locator}</arg>
<doc>Waits until the element ``locator`` is visible.</doc>
<status status="PASS" start="2024-06-05T17:47:51.153036" elapsed="0.013636"/>
</kw>
<arg>${locator}</arg>
<status status="PASS" start="2024-06-05T17:47:51.143514" elapsed="0.023158"/>
</kw>
<kw name="Click Element" owner="SeleniumLibrary">
<msg time="2024-06-05T17:47:51.167671" level="INFO">Clicking element '//section[contains(@class,'game_gridLayout__')]/*[local-name()='svg']/*[local-name()='g']/*[local-name()='g']/*[local-name()='text' and text()='19']'.</msg>
<arg>${locator}</arg>
<arg>${modifier}</arg>
<arg>${action_chain}</arg>
<doc>Click the element identified by ``locator``.</doc>
<status status="PASS" start="2024-06-05T17:47:51.167671" elapsed="0.068187"/>
</kw>
<arg>${clue_start_grid_cell}</arg>
<status status="PASS" start="2024-06-05T17:47:51.142514" elapsed="0.094345"/>
</kw>
<status status="PASS" start="2024-06-05T17:47:51.142514" elapsed="0.094345"/>
</branch>
<status status="PASS" start="2024-06-05T17:47:51.142514" elapsed="0.094345"/>
</if>
<kw name="Press Keys" owner="SeleniumLibrary">
<msg time="2024-06-05T17:47:51.237862" level="INFO">Sending key(s) ('hunch',) to page.</msg>
<msg time="2024-06-05T17:47:51.237862" level="INFO">Sending keys hunch</msg>
<arg>None</arg>
<arg>${clue_dict.solution}</arg>
<doc>Simulates the user pressing key(s) to an element or on the active browser.</doc>
<status status="PASS" start="2024-06-05T17:47:51.236859" elapsed="0.044282"/>
</kw>
<var name="${index}">12</var>
<var name="${clue_dict}">{'id': '19', 'clue': 'Intuitive feeling', 'char_counts': '5', 'solution': 'hunch'}</var>
<status status="PASS" start="2024-06-05T17:47:50.692157" elapsed="0.588984"/>
</iter>
<iter>
<variable name="${dom_index}">
<var>${index + 1}</var>
<status status="PASS" start="2024-06-05T17:47:51.281141" elapsed="0.001000"/>
</variable>
<variable name="${current_clue_list_item_locator}">
<var>${clue_list_item_locator}\[${dom_index}\]/section</var>
<status status="PASS" start="2024-06-05T17:47:51.282141" elapsed="0.000997"/>
</variable>
<kw name="Click Element After It Loads" owner="Helpers">
<kw name="Wait For Element To Be Interactable" owner="Helpers">
<kw name="Wait Until Page Contains Element" owner="SeleniumLibrary">
<arg>${locator}</arg>
<doc>Waits until the element ``locator`` appears on the current page.</doc>
<status status="PASS" start="2024-06-05T17:47:51.284140" elapsed="0.011347"/>
</kw>
<kw name="Wait Until Element Is Visible" owner="SeleniumLibrary">
<arg>${locator}</arg>
<doc>Waits until the element ``locator`` is visible.</doc>
<status status="PASS" start="2024-06-05T17:47:51.296487" elapsed="0.014000"/>
</kw>
<arg>${locator}</arg>
<status status="PASS" start="2024-06-05T17:47:51.283138" elapsed="0.027349"/>
</kw>
<kw name="Click Element" owner="SeleniumLibrary">
<msg time="2024-06-05T17:47:51.311484" level="INFO">Clicking element '//section[contains(@class,'connectedCluePanel_cluePanel__')][2]/ul/li[14]/section'.</msg>
<arg>${locator}</arg>
<arg>${modifier}</arg>
<arg>${action_chain}</arg>
<doc>Click the element identified by ``locator``.</doc>
<status status="PASS" start="2024-06-05T17:47:51.310487" elapsed="0.064585"/>
</kw>
<arg>${current_clue_list_item_locator}</arg>
<status status="PASS" start="2024-06-05T17:47:51.283138" elapsed="0.091934"/>
</kw>
<kw name="Scroll Element Into View" owner="SeleniumLibrary">
<arg>${current_clue_list_item_locator}</arg>
<doc>Scrolls the element identified by ``locator`` into view.</doc>
<status status="PASS" start="2024-06-05T17:47:51.375072" elapsed="0.313242"/>
</kw>
<kw name="Get Text" owner="SeleniumLibrary">
<msg time="2024-06-05T17:47:51.704660" level="INFO">${actual_clue_id} = 21</msg>
<var>${actual_clue_id}</var>
<arg>xpath:${current_clue_list_item_locator}/strong/div</arg>
<doc>Returns the text value of the element identified by ``locator``.</doc>
<status status="PASS" start="2024-06-05T17:47:51.688314" elapsed="0.016346"/>
</kw>
<kw name="Get Text" owner="SeleniumLibrary">
<msg time="2024-06-05T17:47:51.722659" level="INFO">${full_clue_string} = Move furtively (5)</msg>
<var>${full_clue_string}</var>
<arg>xpath:${current_clue_list_item_locator}/div</arg>
<doc>Returns the text value of the element identified by ``locator``.</doc>
<status status="PASS" start="2024-06-05T17:47:51.705670" elapsed="0.016989"/>
</kw>
<kw name="Fetch From Left" owner="String">
<msg time="2024-06-05T17:47:51.723662" level="INFO">${actual_clue_string} = Move furtively</msg>
<var>${actual_clue_string}</var>
<arg>${full_clue_string}</arg>
<arg>${SPACE}(</arg>
<doc>Returns contents of the ``string`` before the first occurrence of ``marker``.</doc>
<status status="PASS" start="2024-06-05T17:47:51.723662" elapsed="0.000000"/>
</kw>
<kw name="Fetch From Right" owner="String">
<msg time="2024-06-05T17:47:51.723662" level="INFO">${actual_clue_char_counts} = 5)</msg>
<var>${actual_clue_char_counts}</var>
<arg>${full_clue_string}</arg>
<arg>(</arg>
<doc>Returns contents of the ``string`` after the last occurrence of ``marker``.</doc>
<status status="PASS" start="2024-06-05T17:47:51.723662" elapsed="0.000000"/>
</kw>
<kw name="Fetch From Left" owner="String">
<msg time="2024-06-05T17:47:51.724671" level="INFO">${actual_clue_char_counts} = 5</msg>
<var>${actual_clue_char_counts}</var>
<arg>${actual_clue_char_counts}</arg>
<arg>)</arg>
<doc>Returns contents of the ``string`` before the first occurrence of ``marker``.</doc>
<status status="PASS" start="2024-06-05T17:47:51.724671" elapsed="0.000000"/>
</kw>
<kw name="Should Be Equal As Strings" owner="BuiltIn">
<arg>${actual_clue_id}</arg>
<arg>${clue_dict.id}</arg>
<doc>Fails if objects are unequal after converting them to strings.</doc>
<status status="PASS" start="2024-06-05T17:47:51.724671" elapsed="0.000999"/>
</kw>
<kw name="Should Be Equal As Strings" owner="BuiltIn">
<arg>${actual_clue_string}</arg>
<arg>${clue_dict.clue}</arg>
<doc>Fails if objects are unequal after converting them to strings.</doc>
<status status="PASS" start="2024-06-05T17:47:51.725670" elapsed="0.001000"/>
</kw>
<kw name="Should Be Equal As Strings" owner="BuiltIn">
<arg>${actual_clue_char_counts}</arg>
<arg>${clue_dict.char_counts}</arg>
<doc>Fails if objects are unequal after converting them to strings.</doc>
<status status="PASS" start="2024-06-05T17:47:51.726670" elapsed="0.001000"/>
</kw>
<variable name="${clue_start_grid_cell}">
<var>${GAME_GRID_TABLE_CELL_XPATH}/*[local-name()='text' and text()='${clue_dict.id}']</var>
<status status="PASS" start="2024-06-05T17:47:51.727670" elapsed="0.001001"/>
</variable>
<kw name="Get Element Attribute" owner="SeleniumLibrary">
<msg time="2024-06-05T17:47:51.746355" level="INFO">${clue_start_grid_cell_current_color} = rgb(255, 255, 255)</msg>
<var>${clue_start_grid_cell_current_color}</var>
<arg>${clue_start_grid_cell}/../*[local-name()='rect']</arg>
<arg>fill</arg>
<doc>Returns the value of ``attribute`` from the element ``locator``.</doc>
<status status="PASS" start="2024-06-05T17:47:51.728671" elapsed="0.017684"/>
</kw>
<if>
<branch type="IF" condition="$clue_start_grid_cell_current_color != $GAME_SELECTED_SQUARE_COLOR">
<kw name="Click Element After It Loads" owner="Helpers">
<kw name="Wait For Element To Be Interactable" owner="Helpers">
<kw name="Wait Until Page Contains Element" owner="SeleniumLibrary">
<arg>${locator}</arg>
<doc>Waits until the element ``locator`` appears on the current page.</doc>
<status status="PASS" start="2024-06-05T17:47:51.747367" elapsed="0.010990"/>
</kw>
<kw name="Wait Until Element Is Visible" owner="SeleniumLibrary">
<arg>${locator}</arg>
<doc>Waits until the element ``locator`` is visible.</doc>
<status status="PASS" start="2024-06-05T17:47:51.759355" elapsed="0.020293"/>
</kw>
<arg>${locator}</arg>
<status status="PASS" start="2024-06-05T17:47:51.747367" elapsed="0.032281"/>
</kw>
<kw name="Click Element" owner="SeleniumLibrary">
<msg time="2024-06-05T17:47:51.780660" level="INFO">Clicking element '//section[contains(@class,'game_gridLayout__')]/*[local-name()='svg']/*[local-name()='g']/*[local-name()='g']/*[local-name()='text' and text()='21']'.</msg>
<arg>${locator}</arg>
<arg>${modifier}</arg>
<arg>${action_chain}</arg>
<doc>Click the element identified by ``locator``.</doc>
<status status="PASS" start="2024-06-05T17:47:51.779648" elapsed="0.068395"/>
</kw>
<arg>${clue_start_grid_cell}</arg>
<status status="PASS" start="2024-06-05T17:47:51.746355" elapsed="0.101688"/>
</kw>
<status status="PASS" start="2024-06-05T17:47:51.746355" elapsed="0.101688"/>
</branch>
<status status="PASS" start="2024-06-05T17:47:51.746355" elapsed="0.101688"/>
</if>
<kw name="Press Keys" owner="SeleniumLibrary">
<msg time="2024-06-05T17:47:51.850039" level="INFO">Sending key(s) ('sidle',) to page.</msg>
<msg time="2024-06-05T17:47:51.850039" level="INFO">Sending keys sidle</msg>
<arg>None</arg>
<arg>${clue_dict.solution}</arg>
<doc>Simulates the user pressing key(s) to an element or on the active browser.</doc>
<status status="PASS" start="2024-06-05T17:47:51.848043" elapsed="0.151429"/>
</kw>
<var name="${index}">13</var>
<var name="${clue_dict}">{'id': '21', 'clue': 'Move furtively', 'char_counts': '5', 'solution': 'sidle'}</var>
<status status="PASS" start="2024-06-05T17:47:51.281141" elapsed="0.719337"/>
</iter>
<var>${index}</var>
<var>${clue_dict}</var>
<value>@{clues_with_solutions}</value>
<status status="PASS" start="2024-06-05T17:47:43.326708" elapsed="8.673770"/>
</for>
<arg>${GAME_CLUE_LIST_DOWN_ITEM_XPATH}</arg>
<arg>${clues_with_solutions.down}</arg>
<tag>robot:private</tag>
<status status="PASS" start="2024-06-05T17:47:43.322194" elapsed="8.678284"/>
</kw>
<arg>${clues_with_solutions}</arg>
<status status="PASS" start="2024-06-05T17:47:35.839943" elapsed="16.160535"/>
</kw>
<kw name="Unselect Frame" owner="SeleniumLibrary" type="TEARDOWN">
<doc>Sets the main frame as the current frame.</doc>
<status status="PASS" start="2024-06-05T17:47:52.000478" elapsed="0.002993"/>
</kw>
<arg>${puzzle_dict.clues}</arg>
<status status="PASS" start="2024-06-05T17:47:35.182703" elapsed="16.820768"/>
</kw>
<kw name="Verify Results Screen Of Puzzle From Previous Month Completed Without Mistakes" owner="GameWindow">
<kw name="Select Game Container Frame" owner="GameWindow" type="SETUP">
<kw name="Switch To Frame After It Loads" owner="Helpers">
<kw name="Wait Until Page Contains Element" owner="SeleniumLibrary">
<arg>${locator}</arg>
<doc>Waits until the element ``locator`` appears on the current page.</doc>
<status status="PASS" start="2024-06-05T17:47:52.006475" elapsed="0.011636"/>
</kw>
<kw name="Select Frame" owner="SeleniumLibrary">
<msg time="2024-06-05T17:47:52.018111" level="INFO">Selecting frame 'id:canvas-box'.</msg>
<arg>${locator}</arg>
<doc>Sets frame identified by ``locator`` as the current frame.</doc>
<status status="PASS" start="2024-06-05T17:47:52.018111" elapsed="0.024326"/>
</kw>
<arg>id:${GAME_CONTAINER_FRAME_ID}</arg>
<status status="PASS" start="2024-06-05T17:47:52.005475" elapsed="0.036962"/>
</kw>
<tag>robot:private</tag>
<status status="PASS" start="2024-06-05T17:47:52.004472" elapsed="0.037965"/>
</kw>
<kw name="Verify Results Screen Content" owner="GameResults">
<kw name="Wait Until Element Contains" owner="SeleniumLibrary">
<arg>xpath:${GAME_END_RESULTS_SCREEN_COMP_PERCENT_FIELD_XPATH}</arg>
<arg>%</arg>
<doc>Waits until the element ``locator`` contains ``text``.</doc>
<status status="PASS" start="2024-06-05T17:47:52.043434" elapsed="0.460171"/>
</kw>
<kw name="Get Text" owner="SeleniumLibrary">
<msg time="2024-06-05T17:47:52.520287" level="INFO">${actual_completed_percentage} = 100%</msg>
<var>${actual_completed_percentage}</var>
<arg>xpath:${GAME_END_RESULTS_SCREEN_COMP_PERCENT_FIELD_XPATH}</arg>
<doc>Returns the text value of the element identified by ``locator``.</doc>
<status status="PASS" start="2024-06-05T17:47:52.504605" elapsed="0.015682"/>
</kw>
<kw name="Should Be Equal As Strings" owner="BuiltIn">
<arg>${actual_completed_percentage}</arg>
<arg>${expected_completion_percentage}</arg>
<doc>Fails if objects are unequal after converting them to strings.</doc>
<status status="PASS" start="2024-06-05T17:47:52.520287" elapsed="0.000000"/>
</kw>
<arg>100%</arg>
<status status="PASS" start="2024-06-05T17:47:52.043434" elapsed="0.476853"/>
</kw>
<kw name="Unselect Frame" owner="SeleniumLibrary" type="TEARDOWN">
<doc>Sets the main frame as the current frame.</doc>
<status status="PASS" start="2024-06-05T17:47:52.521290" elapsed="0.002004"/>
</kw>
<status status="PASS" start="2024-06-05T17:47:52.004472" elapsed="0.518822"/>
</kw>
<kw name="Take Screenshots Of Completed Puzzle" owner="GameWindow">
<kw name="Select Game Container Frame" owner="GameWindow" type="SETUP">
<kw name="Switch To Frame After It Loads" owner="Helpers">
<kw name="Wait Until Page Contains Element" owner="SeleniumLibrary">
<arg>${locator}</arg>
<doc>Waits until the element ``locator`` appears on the current page.</doc>
<status status="PASS" start="2024-06-05T17:47:52.525295" elapsed="0.006419"/>
</kw>
<kw name="Select Frame" owner="SeleniumLibrary">
<msg time="2024-06-05T17:47:52.532730" level="INFO">Selecting frame 'id:canvas-box'.</msg>
<arg>${locator}</arg>
<doc>Sets frame identified by ``locator`` as the current frame.</doc>
<status status="PASS" start="2024-06-05T17:47:52.532730" elapsed="0.020891"/>
</kw>
<arg>id:${GAME_CONTAINER_FRAME_ID}</arg>
<status status="PASS" start="2024-06-05T17:47:52.525295" elapsed="0.028326"/>
</kw>
<tag>robot:private</tag>
<status status="PASS" start="2024-06-05T17:47:52.524294" elapsed="0.029327"/>
</kw>
<kw name="Take Completed Puzzle Screenshots" owner="GameResults">
<kw name="Capture Page Screenshot" owner="SeleniumLibrary">
<msg time="2024-06-05T17:47:52.745111" level="INFO" html="true">&lt;/td&gt;&lt;/tr&gt;&lt;tr&gt;&lt;td colspan="3"&gt;&lt;a href="completed_puzzle_results_screen_proof.png"&gt;&lt;img src="completed_puzzle_results_screen_proof.png" width="800px"&gt;&lt;/a&gt;</msg>
<arg>${RESULT_SCREEN_SCREENSHOT_NAME}</arg>
<doc>Takes a screenshot of the current page and embeds it into a log file.</doc>
<status status="PASS" start="2024-06-05T17:47:52.554632" elapsed="0.190479"/>
</kw>
<kw name="Click Element After It Loads" owner="Helpers">
<kw name="Wait For Element To Be Interactable" owner="Helpers">
<kw name="Wait Until Page Contains Element" owner="SeleniumLibrary">
<arg>${locator}</arg>
<doc>Waits until the element ``locator`` appears on the current page.</doc>
<status status="PASS" start="2024-06-05T17:47:52.747110" elapsed="0.010920"/>
</kw>
<kw name="Wait Until Element Is Visible" owner="SeleniumLibrary">
<arg>${locator}</arg>
<doc>Waits until the element ``locator`` is visible.</doc>
<status status="PASS" start="2024-06-05T17:47:52.759027" elapsed="0.013728"/>
</kw>
<arg>${locator}</arg>
<status status="PASS" start="2024-06-05T17:47:52.746098" elapsed="0.026657"/>
</kw>
<kw name="Click Element" owner="SeleniumLibrary">
<msg time="2024-06-05T17:47:52.773763" level="INFO">Clicking element 'xpath://section[contains(@class,'gameEndPopup_window__')]/descendant::section[contains(@class,'gameEndPopup_submitContainer__')]/button[text()='Review Answers']'.</msg>
<arg>${locator}</arg>
<arg>${modifier}</arg>
<arg>${action_chain}</arg>
<doc>Click the element identified by ``locator``.</doc>
<status status="PASS" start="2024-06-05T17:47:52.772755" elapsed="0.077605"/>
</kw>
<arg>xpath:${GAME_END_RESULTS_SCREEN_REVIEW_BUTTON_XPATH}</arg>
<status status="PASS" start="2024-06-05T17:47:52.746098" elapsed="0.104262"/>
</kw>
<kw name="Wait Until Page Contains Element" owner="SeleniumLibrary">
<arg>xpath:${GAME_END_RESULTS_SCREEN_SHOW_BUTTON_XPATH}</arg>
<doc>Waits until the element ``locator`` appears on the current page.</doc>
<status status="PASS" start="2024-06-05T17:47:52.850360" elapsed="0.664751"/>
</kw>
<kw name="Capture Page Screenshot" owner="SeleniumLibrary">
<msg time="2024-06-05T17:47:53.701231" level="INFO" html="true">&lt;/td&gt;&lt;/tr&gt;&lt;tr&gt;&lt;td colspan="3"&gt;&lt;a href="completed_puzzle_proof.png"&gt;&lt;img src="completed_puzzle_proof.png" width="800px"&gt;&lt;/a&gt;</msg>
<arg>${COMPLETED_PUZZLE_SCREENSHOT_NAME}</arg>
<doc>Takes a screenshot of the current page and embeds it into a log file.</doc>
<status status="PASS" start="2024-06-05T17:47:53.516109" elapsed="0.185122"/>
</kw>
<status status="PASS" start="2024-06-05T17:47:52.554632" elapsed="1.146599"/>
</kw>
<kw name="Unselect Frame" owner="SeleniumLibrary" type="TEARDOWN">
<doc>Sets the main frame as the current frame.</doc>
<status status="PASS" start="2024-06-05T17:47:53.702230" elapsed="0.002000"/>
</kw>
<status status="PASS" start="2024-06-05T17:47:52.523294" elapsed="1.180936"/>
</kw>
<kw name="Shutdown Browsers" owner="Helpers" type="TEARDOWN">
<kw name="Close All Browsers" owner="SeleniumLibrary">
<doc>Closes all open browsers and resets the browser cache.</doc>
<status status="PASS" start="2024-06-05T17:47:53.705233" elapsed="6.254892"/>
</kw>
<status status="PASS" start="2024-06-05T17:47:53.705233" elapsed="6.254892"/>
</kw>
<status status="PASS" start="2024-06-05T17:47:27.359456" elapsed="32.600669"/>
</test>
<status status="PASS" start="2024-06-05T17:47:27.105650" elapsed="32.854475"/>
</suite>
<statistics>
<total>
<stat pass="1" fail="0" skip="0">All Tests</stat>
</total>
<tag>
</tag>
<suite>
<stat pass="1" fail="0" skip="0" id="s1" name="PuzzleCompletionSmokeTests">PuzzleCompletionSmokeTests</stat>
</suite>
</statistics>
<errors>
</errors>
</robot>
