<?xml version="1.0" encoding="UTF-8"?>
<robot generator="Robot 7.0 (Python 3.10.6 on win32)" generated="2024-06-05T15:51:09.287752" rpa="false" schemaversion="5">
<suite id="s1" name="PuzzleCompletionSmokeTests" source="G:\Projects\dqc_bbta\daily_quick_crossword_browser_test_automation\src\tests\PuzzleCompletionSmokeTests.robot">
<test id="s1-t1" name="Complete Puzzle From Previous Month Without Making Mistakes" line="10">
<variable name="${puzzle_dict}">
<var>${28May2024-NoMistakes}</var>
<status status="PASS" start="2024-06-05T15:51:09.537762" elapsed="0.000989"/>
</variable>
<kw name="Open Browser At Daily Quick Crossword Game Page" owner="GamePage">
<kw name="Start Browser" owner="Helpers">
<kw name="Open Browser" owner="SeleniumLibrary">
<msg time="2024-06-05T15:51:09.540751" level="INFO">Opening browser 'chrome' to base url 'https://www.gamelab.com/games/daily-quick-crossword'.</msg>
<arg>browser=${browser}</arg>
<arg>url=${url}</arg>
<doc>Opens a new browser instance to the optional ``url``.</doc>
<status status="PASS" start="2024-06-05T15:51:09.540751" elapsed="6.683109"/>
</kw>
<kw name="Set Window Size" owner="SeleniumLibrary">
<msg time="2024-06-05T15:51:16.262858" level="INFO">window.innerWidth is 1904 and window.innerHeight is 772</msg>
<msg time="2024-06-05T15:51:16.263856" level="INFO">Setting window size to 1936 1066</msg>
<arg>${inner_doc_width}</arg>
<arg>${inner_doc_height}</arg>
<arg>${TRUE}</arg>
<doc>Sets current windows size to given ``width`` and ``height``.</doc>
<status status="PASS" start="2024-06-05T15:51:16.223860" elapsed="0.079998"/>
</kw>
<kw name="Set Window Position" owner="SeleniumLibrary">
<arg>${0}</arg>
<arg>${0}</arg>
<doc>Sets window position using ``x`` and ``y`` coordinates.</doc>
<status status="PASS" start="2024-06-05T15:51:16.304858" elapsed="0.024290"/>
</kw>
<kw name="Set Selenium Timeout" owner="SeleniumLibrary">
<arg>${SELENIUM_TIMEOUT}</arg>
<doc>Sets the timeout that is used by various keywords.</doc>
<status status="PASS" start="2024-06-05T15:51:16.329148" elapsed="0.001710"/>
</kw>
<arg>${BROWSER}</arg>
<arg>${INNER_DOC_WIDTH}</arg>
<arg>${INNER_DOC_HEIGHT}</arg>
<arg>${DQC_GAME_URL}</arg>
<status status="PASS" start="2024-06-05T15:51:09.539763" elapsed="6.791095"/>
</kw>
<status status="PASS" start="2024-06-05T15:51:09.538751" elapsed="6.793110"/>
</kw>
<kw name="Prepare Game Main Menu For Interaction" owner="GamePage">
<kw name="Wait For Page To Become Interactable" owner="GamePage">
<kw name="Get &quot;Is Element Loaded&quot; JavaScript" owner="Helpers">
<variable name="${js}">
<var>document.evaluate("${element_xpath}", document, null, XPathResult.BOOLEAN_TYPE, null).booleanValue</var>
<status status="PASS" start="2024-06-05T15:51:16.332860" elapsed="0.000996"/>
</variable>
<return>
<value>${js}</value>
<status status="PASS" start="2024-06-05T15:51:16.333856" elapsed="0.000000"/>
</return>
<msg time="2024-06-05T15:51:16.333856" level="INFO">${cookie_dialog_loaded_cond} = document.evaluate("//div[@id='qc-cmp2-ui']", document, null, XPathResult.BOOLEAN_TYPE, null).booleanValue</msg>
<var>${cookie_dialog_loaded_cond}</var>
<arg>${COOKIE_DIALOG_XPATH}</arg>
<status status="PASS" start="2024-06-05T15:51:16.332860" elapsed="0.000996"/>
</kw>
<kw name="Get &quot;Is Element Loaded&quot; JavaScript" owner="Helpers">
<variable name="${js}">
<var>document.evaluate("${element_xpath}", document, null, XPathResult.BOOLEAN_TYPE, null).booleanValue</var>
<status status="PASS" start="2024-06-05T15:51:16.334858" elapsed="0.000000"/>
</variable>
<return>
<value>${js}</value>
<status status="PASS" start="2024-06-05T15:51:16.334858" elapsed="0.000000"/>
</return>
<msg time="2024-06-05T15:51:16.334858" level="INFO">${preroll_container_frame_loaded_cond} = document.evaluate("//div[@id='ark_pre-roll']/descendant::iframe", document, null, XPathResult.BOOLEAN_TYPE, null).booleanValue</msg>
<var>${preroll_container_frame_loaded_cond}</var>
<arg>${PREROLL_CONTAINER_FRAME_XPATH}</arg>
<status status="PASS" start="2024-06-05T15:51:16.333856" elapsed="0.001002"/>
</kw>
<kw name="Get &quot;Is Element Loaded&quot; JavaScript" owner="Helpers">
<variable name="${js}">
<var>document.evaluate("${element_xpath}", document, null, XPathResult.BOOLEAN_TYPE, null).booleanValue</var>
<status status="PASS" start="2024-06-05T15:51:16.335856" elapsed="0.000000"/>
</variable>
<return>
<value>${js}</value>
<status status="PASS" start="2024-06-05T15:51:16.335856" elapsed="0.000000"/>
</return>
<msg time="2024-06-05T15:51:16.335856" level="INFO">${game_container_frame_loaded_cond} = document.evaluate("//iframe[@id='canvas-box']", document, null, XPathResult.BOOLEAN_TYPE, null).booleanValue</msg>
<var>${game_container_frame_loaded_cond}</var>
<arg>${GAME_CONTAINER_FRAME_XPATH}</arg>
<status status="PASS" start="2024-06-05T15:51:16.335856" elapsed="0.001007"/>
</kw>
<kw name="Wait For Condition" owner="SeleniumLibrary">
<arg>return ${cookie_dialog_loaded_cond} || ${preroll_container_frame_loaded_cond} || ${game_container_frame_loaded_cond}</arg>
<doc>Waits until ``condition`` is true or ``timeout`` expires.</doc>
<status status="PASS" start="2024-06-05T15:51:16.336863" elapsed="0.008995"/>
</kw>
<status status="PASS" start="2024-06-05T15:51:16.332860" elapsed="0.012998"/>
</kw>
<kw name="Close Dialogs Blocking Game Container" owner="GamePage">
<kw name="Get Element Count" owner="SeleniumLibrary">
<msg time="2024-06-05T15:51:16.357857" level="INFO">${is_cookie_policy_dialog_displayed} = 1</msg>
<var>${is_cookie_policy_dialog_displayed}</var>
<arg>id:${COOKIE_DIALOG_ID}</arg>
<doc>Returns the number of elements matching ``locator``.</doc>
<status status="PASS" start="2024-06-05T15:51:16.347860" elapsed="0.009997"/>
</kw>
<if>
<branch type="IF" condition="$is_cookie_policy_dialog_displayed">
<kw name="Agree To Cookie Policy" owner="GamePage">
<kw name="Click Element After It Loads" owner="Helpers">
<kw name="Wait For Element To Be Interactable" owner="Helpers">
<kw name="Wait Until Page Contains Element" owner="SeleniumLibrary">
<arg>${locator}</arg>
<doc>Waits until the element ``locator`` appears on the current page.</doc>
<status status="PASS" start="2024-06-05T15:51:16.363858" elapsed="0.009000"/>
</kw>
<kw name="Wait Until Element Is Visible" owner="SeleniumLibrary">
<arg>${locator}</arg>
<doc>Waits until the element ``locator`` is visible.</doc>
<status status="PASS" start="2024-06-05T15:51:16.373858" elapsed="0.022015"/>
</kw>
<arg>${locator}</arg>
<status status="PASS" start="2024-06-05T15:51:16.362857" elapsed="0.033016"/>
</kw>
<kw name="Click Element" owner="SeleniumLibrary">
<msg time="2024-06-05T15:51:16.396876" level="INFO">Clicking element '//div[@id='qc-cmp2-ui']/descendant::div[contains(@class,'qc-cmp2-summary-buttons')]/button/span[text()='AGREE']/..'.</msg>
<arg>${locator}</arg>
<arg>${modifier}</arg>
<arg>${action_chain}</arg>
<doc>Click the element identified by ``locator``.</doc>
<status status="PASS" start="2024-06-05T15:51:16.395873" elapsed="0.179524"/>
</kw>
<arg>${COOKIE_DIALOG_AGREE_BUTTON_XPATH}</arg>
<status status="PASS" start="2024-06-05T15:51:16.362857" elapsed="0.212540"/>
</kw>
<status status="PASS" start="2024-06-05T15:51:16.361859" elapsed="0.213538"/>
</kw>
<status status="PASS" start="2024-06-05T15:51:16.357857" elapsed="0.217540"/>
</branch>
<status status="PASS" start="2024-06-05T15:51:16.357857" elapsed="0.217540"/>
</if>
<kw name="Get Element Count" owner="SeleniumLibrary">
<msg time="2024-06-05T15:51:16.590919" level="INFO">${is_preroll_container_frame_displayed} = 1</msg>
<var>${is_preroll_container_frame_displayed}</var>
<arg>xpath:${PREROLL_CONTAINER_FRAME_XPATH}</arg>
<doc>Returns the number of elements matching ``locator``.</doc>
<status status="PASS" start="2024-06-05T15:51:16.576396" elapsed="0.014523"/>
</kw>
<if>
<branch type="IF" condition="$is_preroll_container_frame_displayed">
<try>
<branch type="TRY">
<kw name="Switch To Frame After It Loads" owner="Helpers">
<kw name="Wait Until Page Contains Element" owner="SeleniumLibrary">
<arg>${locator}</arg>
<doc>Waits until the element ``locator`` appears on the current page.</doc>
<status status="PASS" start="2024-06-05T15:51:16.592921" elapsed="0.007000"/>
</kw>
<kw name="Select Frame" owner="SeleniumLibrary">
<msg time="2024-06-05T15:51:16.600922" level="INFO">Selecting frame 'xpath://div[@id='ark_pre-roll']/descendant::iframe'.</msg>
<arg>${locator}</arg>
<doc>Sets frame identified by ``locator`` as the current frame.</doc>
<status status="PASS" start="2024-06-05T15:51:16.600922" elapsed="0.027997"/>
</kw>
<arg>xpath:${PREROLL_CONTAINER_FRAME_XPATH}</arg>
<status status="PASS" start="2024-06-05T15:51:16.591920" elapsed="0.038001"/>
</kw>
<kw name="Switch To Frame After It Loads" owner="Helpers">
<kw name="Wait Until Page Contains Element" owner="SeleniumLibrary">
<arg>${locator}</arg>
<doc>Waits until the element ``locator`` appears on the current page.</doc>
<status status="PASS" start="2024-06-05T15:51:16.629921" elapsed="0.900349"/>
</kw>
<kw name="Select Frame" owner="SeleniumLibrary">
<msg time="2024-06-05T15:51:17.530270" level="INFO">Selecting frame 'xpath://iframe[starts-with(@id, 'google_ads_iframe')]'.</msg>
<arg>${locator}</arg>
<doc>Sets frame identified by ``locator`` as the current frame.</doc>
<status status="PASS" start="2024-06-05T15:51:17.530270" elapsed="0.258002"/>
</kw>
<arg>xpath:${COMMON_GOOGLE_ADS_FRAME_XPATH}</arg>
<status status="PASS" start="2024-06-05T15:51:16.629921" elapsed="1.158351"/>
</kw>
<kw name="Get Element Count" owner="SeleniumLibrary">
<msg time="2024-06-05T15:51:17.864269" level="INFO">${is_ad_dismiss_button_in_current_frame} = 0</msg>
<var>${is_ad_dismiss_button_in_current_frame}</var>
<arg>id:${PREROLL_CONTAINER_DISMISS_AD_BUTTON_ID}</arg>
<doc>Returns the number of elements matching ``locator``.</doc>
<status status="PASS" start="2024-06-05T15:51:17.788272" elapsed="0.075997"/>
</kw>
<if>
<branch type="IF" condition="not $is_ad_dismiss_button_in_current_frame">
<kw name="Switch To Frame After It Loads" owner="Helpers">
<kw name="Wait Until Page Contains Element" owner="SeleniumLibrary">
<arg>${locator}</arg>
<doc>Waits until the element ``locator`` appears on the current page.</doc>
<status status="PASS" start="2024-06-05T15:51:17.865267" elapsed="0.285002"/>
</kw>
<kw name="Select Frame" owner="SeleniumLibrary">
<msg time="2024-06-05T15:51:18.150269" level="INFO">Selecting frame 'xpath://iframe[@id='ad_iframe']'.</msg>
<arg>${locator}</arg>
<doc>Sets frame identified by ``locator`` as the current frame.</doc>
<status status="PASS" start="2024-06-05T15:51:18.150269" elapsed="0.025001"/>
</kw>
<arg>xpath:${COMMON_GOOGLE_ADS_NESTED_FRAME_XPATH}</arg>
<status status="PASS" start="2024-06-05T15:51:17.865267" elapsed="0.310003"/>
</kw>
<status status="PASS" start="2024-06-05T15:51:17.864269" elapsed="0.311001"/>
</branch>
<status status="PASS" start="2024-06-05T15:51:17.864269" elapsed="0.311001"/>
</if>
<kw name="Click Element After It Loads" owner="Helpers">
<kw name="Wait For Element To Be Interactable" owner="Helpers">
<kw name="Wait Until Page Contains Element" owner="SeleniumLibrary">
<arg>${locator}</arg>
<doc>Waits until the element ``locator`` appears on the current page.</doc>
<status status="PASS" start="2024-06-05T15:51:18.177269" elapsed="0.006000"/>
</kw>
<kw name="Wait Until Element Is Visible" owner="SeleniumLibrary">
<arg>${locator}</arg>
<doc>Waits until the element ``locator`` is visible.</doc>
<status status="PASS" start="2024-06-05T15:51:18.183269" elapsed="0.017999"/>
</kw>
<arg>${locator}</arg>
<status status="PASS" start="2024-06-05T15:51:18.176270" elapsed="0.024998"/>
</kw>
<kw name="Click Element" owner="SeleniumLibrary">
<msg time="2024-06-05T15:51:18.201268" level="INFO">Clicking element 'id:dismiss-button'.</msg>
<arg>${locator}</arg>
<arg>${modifier}</arg>
<arg>${action_chain}</arg>
<doc>Click the element identified by ``locator``.</doc>
<status status="PASS" start="2024-06-05T15:51:18.201268" elapsed="0.208004"/>
</kw>
<arg>id:${PREROLL_CONTAINER_DISMISS_AD_BUTTON_ID}</arg>
<status status="PASS" start="2024-06-05T15:51:18.175270" elapsed="0.234002"/>
</kw>
<kw name="Unselect Frame" owner="SeleniumLibrary">
<doc>Sets the main frame as the current frame.</doc>
<status status="PASS" start="2024-06-05T15:51:18.410275" elapsed="0.072994"/>
</kw>
<status status="PASS" start="2024-06-05T15:51:16.591920" elapsed="1.891349"/>
</branch>
<branch type="EXCEPT">
<kw name="Unselect Frame" owner="SeleniumLibrary">
<doc>Sets the main frame as the current frame.</doc>
<status status="NOT RUN" start="2024-06-05T15:51:18.484267" elapsed="0.000000"/>
</kw>
<status status="NOT RUN" start="2024-06-05T15:51:18.483269" elapsed="0.000998"/>
</branch>
<status status="PASS" start="2024-06-05T15:51:16.591920" elapsed="1.892347"/>
</try>
<status status="PASS" start="2024-06-05T15:51:16.590919" elapsed="1.893348"/>
</branch>
<status status="PASS" start="2024-06-05T15:51:16.590919" elapsed="1.893348"/>
</if>
<status status="PASS" start="2024-06-05T15:51:16.346859" elapsed="2.137408"/>
</kw>
<kw name="Wait For Main Menu To Load" owner="GameContainer">
<kw name="Select Game Container Frame" owner="GameContainer" type="SETUP">
<kw name="Switch To Frame After It Loads" owner="Helpers">
<kw name="Wait Until Page Contains Element" owner="SeleniumLibrary">
<arg>${locator}</arg>
<doc>Waits until the element ``locator`` appears on the current page.</doc>
<status status="PASS" start="2024-06-05T15:51:18.485268" elapsed="0.010004"/>
</kw>
<kw name="Select Frame" owner="SeleniumLibrary">
<msg time="2024-06-05T15:51:18.496280" level="INFO">Selecting frame 'id:canvas-box'.</msg>
<arg>${locator}</arg>
<doc>Sets frame identified by ``locator`` as the current frame.</doc>
<status status="PASS" start="2024-06-05T15:51:18.495272" elapsed="0.029999"/>
</kw>
<arg>id:${GAME_CONTAINER_FRAME_ID}</arg>
<status status="PASS" start="2024-06-05T15:51:18.485268" elapsed="0.041006"/>
</kw>
<status status="PASS" start="2024-06-05T15:51:18.485268" elapsed="0.041006"/>
</kw>
<kw name="Wait Until Page Contains Element" owner="SeleniumLibrary">
<arg>xpath:${MAIN_MENU_SELECTED_MONTH_XPATH}</arg>
<doc>Waits until the element ``locator`` appears on the current page.</doc>
<status status="PASS" start="2024-06-05T15:51:18.526274" elapsed="0.899087"/>
</kw>
<kw name="Unselect Frame" owner="SeleniumLibrary" type="TEARDOWN">
<doc>Sets the main frame as the current frame.</doc>
<status status="PASS" start="2024-06-05T15:51:19.426357" elapsed="0.003002"/>
</kw>
<status status="PASS" start="2024-06-05T15:51:18.484267" elapsed="0.945092"/>
</kw>
<status status="PASS" start="2024-06-05T15:51:16.331861" elapsed="3.097498"/>
</kw>
<kw name="Verify That Current Month Is Selected In Main Menu" owner="GamePage">
<kw name="Get Current Month And Year In Local Time" owner="Helpers">
<kw name="Get Current Date" owner="DateTime">
<msg time="2024-06-05T15:51:19.430357" level="INFO">${month_year_as_string} = June 2024</msg>
<var>${month_year_as_string}</var>
<arg>result_format=%B %Y</arg>
<arg>exclude_millis=True</arg>
<doc>Returns current local or UTC time with an optional increment.</doc>
<status status="PASS" start="2024-06-05T15:51:19.430357" elapsed="0.000000"/>
</kw>
<kw name="Split String" owner="String">
<msg time="2024-06-05T15:51:19.431355" level="INFO">@{month_year_as_list} = [ June | 2024 ]</msg>
<var>@{month_year_as_list}</var>
<arg>${month_year_as_string}</arg>
<doc>Splits the ``string`` using ``separator`` as a delimiter string.</doc>
<status status="PASS" start="2024-06-05T15:51:19.431355" elapsed="0.000000"/>
</kw>
<variable name="&amp;{month_year_as_dict}">
<var>month=${month_year_as_list}[0]</var>
<var>year=${month_year_as_list}[1]</var>
<status status="PASS" start="2024-06-05T15:51:19.431355" elapsed="0.000000"/>
</variable>
<return>
<value>${month_year_as_dict}</value>
<status status="PASS" start="2024-06-05T15:51:19.431355" elapsed="0.000000"/>
</return>
<msg time="2024-06-05T15:51:19.432355" level="INFO">${current_month_year_dict} = {'month': 'June', 'year': '2024'}</msg>
<var>${current_month_year_dict}</var>
<status status="PASS" start="2024-06-05T15:51:19.430357" elapsed="0.001998"/>
</kw>
<kw name="Verify Calendar Header Displays Month And Year" owner="GameContainer">
<kw name="Select Game Container Frame" owner="GameContainer" type="SETUP">
<kw name="Switch To Frame After It Loads" owner="Helpers">
<kw name="Wait Until Page Contains Element" owner="SeleniumLibrary">
<arg>${locator}</arg>
<doc>Waits until the element ``locator`` appears on the current page.</doc>
<status status="PASS" start="2024-06-05T15:51:19.435358" elapsed="0.005999"/>
</kw>
<kw name="Select Frame" owner="SeleniumLibrary">
<msg time="2024-06-05T15:51:19.442360" level="INFO">Selecting frame 'id:canvas-box'.</msg>
<arg>${locator}</arg>
<doc>Sets frame identified by ``locator`` as the current frame.</doc>
<status status="PASS" start="2024-06-05T15:51:19.442360" elapsed="0.019994"/>
</kw>
<arg>id:${GAME_CONTAINER_FRAME_ID}</arg>
<status status="PASS" start="2024-06-05T15:51:19.434356" elapsed="0.029001"/>
</kw>
<status status="PASS" start="2024-06-05T15:51:19.434356" elapsed="0.029001"/>
</kw>
<kw name="Convert To Upper Case" owner="String">
<msg time="2024-06-05T15:51:19.463357" level="INFO">${month_name} = JUNE</msg>
<var>${month_name}</var>
<arg>${month_name}</arg>
<doc>Converts string to upper case.</doc>
<status status="PASS" start="2024-06-05T15:51:19.463357" elapsed="0.000000"/>
</kw>
<variable name="${expected_month_and_year_string}">
<var>${month_name}</var>
<var>${year}</var>
<status status="PASS" start="2024-06-05T15:51:19.463357" elapsed="0.000000"/>
</variable>
<kw name="Get Text" owner="SeleniumLibrary">
<msg time="2024-06-05T15:51:19.481357" level="INFO">${displayed_month_and_year_string} = JUNE 2024</msg>
<var>${displayed_month_and_year_string}</var>
<arg>xpath:${MAIN_MENU_SELECTED_MONTH_XPATH}</arg>
<doc>Returns the text value of the element identified by ``locator``.</doc>
<status status="PASS" start="2024-06-05T15:51:19.464450" elapsed="0.016907"/>
</kw>
<kw name="Should Be Equal As Strings" owner="BuiltIn">
<arg>${expected_month_and_year_string}</arg>
<arg>${displayed_month_and_year_string}</arg>
<doc>Fails if objects are unequal after converting them to strings.</doc>
<status status="PASS" start="2024-06-05T15:51:19.481357" elapsed="0.001010"/>
</kw>
<kw name="Unselect Frame" owner="SeleniumLibrary" type="TEARDOWN">
<doc>Sets the main frame as the current frame.</doc>
<status status="PASS" start="2024-06-05T15:51:19.482367" elapsed="0.001989"/>
</kw>
<arg>${current_month_year_dict.month}</arg>
<arg>${current_month_year_dict.year}</arg>
<status status="PASS" start="2024-06-05T15:51:19.432355" elapsed="0.052001"/>
</kw>
<status status="PASS" start="2024-06-05T15:51:19.429359" elapsed="0.054997"/>
</kw>
<kw name="Start Puzzle" owner="GamePage">
<kw name="Get Currently Selected Month and Year From Calendar Header" owner="GameContainer">
<kw name="Select Game Container Frame" owner="GameContainer" type="SETUP">
<kw name="Switch To Frame After It Loads" owner="Helpers">
<kw name="Wait Until Page Contains Element" owner="SeleniumLibrary">
<arg>${locator}</arg>
<doc>Waits until the element ``locator`` appears on the current page.</doc>
<status status="PASS" start="2024-06-05T15:51:19.488368" elapsed="0.005987"/>
</kw>
<kw name="Select Frame" owner="SeleniumLibrary">
<msg time="2024-06-05T15:51:19.495357" level="INFO">Selecting frame 'id:canvas-box'.</msg>
<arg>${locator}</arg>
<doc>Sets frame identified by ``locator`` as the current frame.</doc>
<status status="PASS" start="2024-06-05T15:51:19.495357" elapsed="0.018999"/>
</kw>
<arg>id:${GAME_CONTAINER_FRAME_ID}</arg>
<status status="PASS" start="2024-06-05T15:51:19.488368" elapsed="0.025988"/>
</kw>
<status status="PASS" start="2024-06-05T15:51:19.488368" elapsed="0.025988"/>
</kw>
<kw name="Get Text" owner="SeleniumLibrary">
<msg time="2024-06-05T15:51:19.526356" level="INFO">${displayed_month_year_as_string} = JUNE 2024</msg>
<var>${displayed_month_year_as_string}</var>
<arg>xpath:${MAIN_MENU_SELECTED_MONTH_XPATH}</arg>
<doc>Returns the text value of the element identified by ``locator``.</doc>
<status status="PASS" start="2024-06-05T15:51:19.514356" elapsed="0.012000"/>
</kw>
<kw name="Split String" owner="String">
<msg time="2024-06-05T15:51:19.527368" level="INFO">@{displayed_month_year_as_list} = [ JUNE | 2024 ]</msg>
<var>@{displayed_month_year_as_list}</var>
<arg>${displayed_month_year_as_string}</arg>
<doc>Splits the ``string`` using ``separator`` as a delimiter string.</doc>
<status status="PASS" start="2024-06-05T15:51:19.526356" elapsed="0.001012"/>
</kw>
<variable name="&amp;{displayed_month_year_as_dict}">
<var>month=${displayed_month_year_as_list}[0]</var>
<var>year=${displayed_month_year_as_list}[1]</var>
<status status="PASS" start="2024-06-05T15:51:19.527368" elapsed="0.000000"/>
</variable>
<return>
<value>${displayed_month_year_as_dict}</value>
<status status="PASS" start="2024-06-05T15:51:19.527368" elapsed="0.000000"/>
</return>
<kw name="Unselect Frame" owner="SeleniumLibrary" type="TEARDOWN">
<doc>Sets the main frame as the current frame.</doc>
<status status="PASS" start="2024-06-05T15:51:19.527368" elapsed="0.001990"/>
</kw>
<msg time="2024-06-05T15:51:19.530356" level="INFO">${calendar_header_month_year} = {'month': 'JUNE', 'year': '2024'}</msg>
<var>${calendar_header_month_year}</var>
<status status="PASS" start="2024-06-05T15:51:19.487500" elapsed="0.042856"/>
</kw>
<if>
<branch type="IF" condition="$puzzle_month_name.upper() != $calendar_header_month_year.month">
<kw name="Switch Calendar To Previous Month" owner="GameContainer">
<kw name="Select Game Container Frame" owner="GameContainer" type="SETUP">
<kw name="Switch To Frame After It Loads" owner="Helpers">
<kw name="Wait Until Page Contains Element" owner="SeleniumLibrary">
<arg>${locator}</arg>
<doc>Waits until the element ``locator`` appears on the current page.</doc>
<status status="PASS" start="2024-06-05T15:51:19.531607" elapsed="0.005752"/>
</kw>
<kw name="Select Frame" owner="SeleniumLibrary">
<msg time="2024-06-05T15:51:19.537359" level="INFO">Selecting frame 'id:canvas-box'.</msg>
<arg>${locator}</arg>
<doc>Sets frame identified by ``locator`` as the current frame.</doc>
<status status="PASS" start="2024-06-05T15:51:19.537359" elapsed="0.020998"/>
</kw>
<arg>id:${GAME_CONTAINER_FRAME_ID}</arg>
<status status="PASS" start="2024-06-05T15:51:19.531607" elapsed="0.027751"/>
</kw>
<status status="PASS" start="2024-06-05T15:51:19.530356" elapsed="0.029002"/>
</kw>
<kw name="Get Text" owner="SeleniumLibrary">
<msg time="2024-06-05T15:51:19.571990" level="INFO">${initial_selected_month_text} = JUNE 2024</msg>
<var>${initial_selected_month_text}</var>
<arg>xpath:${MAIN_MENU_SELECTED_MONTH_XPATH}</arg>
<doc>Returns the text value of the element identified by ``locator``.</doc>
<status status="PASS" start="2024-06-05T15:51:19.559358" elapsed="0.012632"/>
</kw>
<kw name="Click Element After It Loads" owner="Helpers">
<kw name="Wait For Element To Be Interactable" owner="Helpers">
<kw name="Wait Until Page Contains Element" owner="SeleniumLibrary">
<arg>${locator}</arg>
<doc>Waits until the element ``locator`` appears on the current page.</doc>
<status status="PASS" start="2024-06-05T15:51:19.572990" elapsed="0.085002"/>
</kw>
<kw name="Wait Until Element Is Visible" owner="SeleniumLibrary">
<arg>${locator}</arg>
<doc>Waits until the element ``locator`` is visible.</doc>
<status status="PASS" start="2024-06-05T15:51:19.657992" elapsed="0.019000"/>
</kw>
<arg>${locator}</arg>
<status status="PASS" start="2024-06-05T15:51:19.572990" elapsed="0.104002"/>
</kw>
<kw name="Click Element" owner="SeleniumLibrary">
<msg time="2024-06-05T15:51:19.676992" level="INFO">Clicking element 'xpath://section[contains(@class, 'gameStart_container__')]/section/button[2]'.</msg>
<arg>${locator}</arg>
<arg>${modifier}</arg>
<arg>${action_chain}</arg>
<doc>Click the element identified by ``locator``.</doc>
<status status="PASS" start="2024-06-05T15:51:19.676992" elapsed="0.099003"/>
</kw>
<arg>xpath:${MAIN_MENU_CHANGE_MONTH_BUTTON_XPATH}</arg>
<status status="PASS" start="2024-06-05T15:51:19.571990" elapsed="0.204005"/>
</kw>
<kw name="Wait Until Element Does Not Contain" owner="SeleniumLibrary">
<arg>xpath:${MAIN_MENU_SELECTED_MONTH_XPATH}</arg>
<arg>${initial_selected_month_text}</arg>
<doc>Waits until the element ``locator`` does not contain ``text``.</doc>
<status status="PASS" start="2024-06-05T15:51:19.775995" elapsed="0.020998"/>
</kw>
<kw name="Unselect Frame" owner="SeleniumLibrary" type="TEARDOWN">
<doc>Sets the main frame as the current frame.</doc>
<status status="PASS" start="2024-06-05T15:51:19.796993" elapsed="0.002000"/>
</kw>
<status status="PASS" start="2024-06-05T15:51:19.530356" elapsed="0.268637"/>
</kw>
<status status="PASS" start="2024-06-05T15:51:19.530356" elapsed="0.268637"/>
</branch>
<status status="PASS" start="2024-06-05T15:51:19.530356" elapsed="0.268637"/>
</if>
<kw name="Start Puzzle From Currently Selected Month" owner="GameContainer">
<kw name="Select Game Container Frame" owner="GameContainer" type="SETUP">
<kw name="Switch To Frame After It Loads" owner="Helpers">
<kw name="Wait Until Page Contains Element" owner="SeleniumLibrary">
<arg>${locator}</arg>
<doc>Waits until the element ``locator`` appears on the current page.</doc>
<status status="PASS" start="2024-06-05T15:51:19.800991" elapsed="0.005998"/>
</kw>
<kw name="Select Frame" owner="SeleniumLibrary">
<msg time="2024-06-05T15:51:19.806989" level="INFO">Selecting frame 'id:canvas-box'.</msg>
<arg>${locator}</arg>
<doc>Sets frame identified by ``locator`` as the current frame.</doc>
<status status="PASS" start="2024-06-05T15:51:19.806989" elapsed="0.020019"/>
</kw>
<arg>id:${GAME_CONTAINER_FRAME_ID}</arg>
<status status="PASS" start="2024-06-05T15:51:19.799990" elapsed="0.027018"/>
</kw>
<status status="PASS" start="2024-06-05T15:51:19.799990" elapsed="0.027018"/>
</kw>
<kw name="Click Element After It Loads" owner="Helpers">
<kw name="Wait For Element To Be Interactable" owner="Helpers">
<kw name="Wait Until Page Contains Element" owner="SeleniumLibrary">
<arg>${locator}</arg>
<doc>Waits until the element ``locator`` appears on the current page.</doc>
<status status="PASS" start="2024-06-05T15:51:19.829009" elapsed="0.016999"/>
</kw>
<kw name="Wait Until Element Is Visible" owner="SeleniumLibrary">
<arg>${locator}</arg>
<doc>Waits until the element ``locator`` is visible.</doc>
<status status="PASS" start="2024-06-05T15:51:19.847010" elapsed="0.017004"/>
</kw>
<arg>${locator}</arg>
<status status="PASS" start="2024-06-05T15:51:19.828010" elapsed="0.036004"/>
</kw>
<kw name="Click Element" owner="SeleniumLibrary">
<msg time="2024-06-05T15:51:19.864014" level="INFO">Clicking element 'xpath://section[contains(@class, 'gameStart_container__')]/ul/li[28]'.</msg>
<arg>${locator}</arg>
<arg>${modifier}</arg>
<arg>${action_chain}</arg>
<doc>Click the element identified by ``locator``.</doc>
<status status="PASS" start="2024-06-05T15:51:19.864014" elapsed="0.060723"/>
</kw>
<arg>xpath:${MAIN_MENU_BASE_CALENDAR_DAY_XPATH}\[${puzzle_day}\]</arg>
<status status="PASS" start="2024-06-05T15:51:19.828010" elapsed="0.097729"/>
</kw>
<kw name="Wait For Element To Be Interactable" owner="Helpers">
<kw name="Wait Until Page Contains Element" owner="SeleniumLibrary">
<arg>${locator}</arg>
<doc>Waits until the element ``locator`` appears on the current page.</doc>
<status status="PASS" start="2024-06-05T15:51:19.925739" elapsed="0.218797"/>
</kw>
<kw name="Wait Until Element Is Visible" owner="SeleniumLibrary">
<arg>${locator}</arg>
<doc>Waits until the element ``locator`` is visible.</doc>
<status status="PASS" start="2024-06-05T15:51:20.144536" elapsed="0.016001"/>
</kw>
<arg>xpath:${GAME_GRID_BASE_XPATH}</arg>
<status status="PASS" start="2024-06-05T15:51:19.925739" elapsed="0.234798"/>
</kw>
<kw name="Unselect Frame" owner="SeleniumLibrary" type="TEARDOWN">
<doc>Sets the main frame as the current frame.</doc>
<status status="PASS" start="2024-06-05T15:51:20.160537" elapsed="0.001999"/>
</kw>
<arg>${puzzle_day}</arg>
<status status="PASS" start="2024-06-05T15:51:19.799990" elapsed="0.362546"/>
</kw>
<kw name="Verify Game Footer Puzzle Date" owner="GameContainer">
<kw name="Select Game Container Frame" owner="GameContainer" type="SETUP">
<kw name="Switch To Frame After It Loads" owner="Helpers">
<kw name="Wait Until Page Contains Element" owner="SeleniumLibrary">
<arg>${locator}</arg>
<doc>Waits until the element ``locator`` appears on the current page.</doc>
<status status="PASS" start="2024-06-05T15:51:20.164545" elapsed="0.005989"/>
</kw>
<kw name="Select Frame" owner="SeleniumLibrary">
<msg time="2024-06-05T15:51:20.170534" level="INFO">Selecting frame 'id:canvas-box'.</msg>
<arg>${locator}</arg>
<doc>Sets frame identified by ``locator`` as the current frame.</doc>
<status status="PASS" start="2024-06-05T15:51:20.170534" elapsed="0.019000"/>
</kw>
<arg>id:${GAME_CONTAINER_FRAME_ID}</arg>
<status status="PASS" start="2024-06-05T15:51:20.163547" elapsed="0.025987"/>
</kw>
<status status="PASS" start="2024-06-05T15:51:20.163547" elapsed="0.025987"/>
</kw>
<kw name="Get Text" owner="SeleniumLibrary">
<msg time="2024-06-05T15:51:20.228539" level="INFO">${game_footer_puzzle_info_as_string} = Daily Quick Crossword: 28 May 2024By Michael Curl</msg>
<var>${game_footer_puzzle_info_as_string}</var>
<arg>xpath:${GAME_FOOTER_PUZZLE_INFO_XPATH}</arg>
<doc>Returns the text value of the element identified by ``locator``.</doc>
<status status="PASS" start="2024-06-05T15:51:20.190533" elapsed="0.038006"/>
</kw>
<kw name="Split String" owner="String">
<msg time="2024-06-05T15:51:20.229539" level="INFO">@{game_footer_puzzle_info_as_list} = [ Daily | Quick | Crossword: | 28 | May | 2024By | Michael | Curl ]</msg>
<var>@{game_footer_puzzle_info_as_list}</var>
<arg>${game_footer_puzzle_info_as_string}</arg>
<doc>Splits the ``string`` using ``separator`` as a delimiter string.</doc>
<status status="PASS" start="2024-06-05T15:51:20.228539" elapsed="0.001000"/>
</kw>
<variable name="${game_footer_puzzle_info_day}">
<var>${game_footer_puzzle_info_as_list}[3]</var>
<status status="PASS" start="2024-06-05T15:51:20.229539" elapsed="0.000000"/>
</variable>
<variable name="${game_footer_puzzle_info_month_name}">
<var>${game_footer_puzzle_info_as_list}[4]</var>
<status status="PASS" start="2024-06-05T15:51:20.229539" elapsed="0.000000"/>
</variable>
<variable name="${game_footer_puzzle_info_year}">
<var>${game_footer_puzzle_info_as_list}[5]</var>
<status status="PASS" start="2024-06-05T15:51:20.229539" elapsed="0.000000"/>
</variable>
<kw name="Get Substring" owner="String">
<msg time="2024-06-05T15:51:20.230536" level="INFO">${game_footer_puzzle_info_year} = 2024</msg>
<var>${game_footer_puzzle_info_year}</var>
<arg>${game_footer_puzzle_info_year}</arg>
<arg>0</arg>
<arg>4</arg>
<doc>Returns a substring from ``start`` index to ``end`` index.</doc>
<status status="PASS" start="2024-06-05T15:51:20.230536" elapsed="0.000000"/>
</kw>
<kw name="Should Be Equal As Strings" owner="BuiltIn">
<msg time="2024-06-05T15:51:20.230536" level="INFO">Argument types are:
&lt;class 'int'&gt;
&lt;class 'str'&gt;</msg>
<arg>${expected_day}</arg>
<arg>${game_footer_puzzle_info_day}</arg>
<doc>Fails if objects are unequal after converting them to strings.</doc>
<status status="PASS" start="2024-06-05T15:51:20.230536" elapsed="0.000000"/>
</kw>
<kw name="Should Be Equal As Strings" owner="BuiltIn">
<arg>${expected_month_name}</arg>
<arg>${game_footer_puzzle_info_month_name}</arg>
<doc>Fails if objects are unequal after converting them to strings.</doc>
<status status="PASS" start="2024-06-05T15:51:20.231535" elapsed="0.012999"/>
</kw>
<kw name="Should Be Equal As Strings" owner="BuiltIn">
<arg>${expected_year}</arg>
<arg>${game_footer_puzzle_info_year}</arg>
<doc>Fails if objects are unequal after converting them to strings.</doc>
<status status="PASS" start="2024-06-05T15:51:20.244534" elapsed="0.000000"/>
</kw>
<kw name="Unselect Frame" owner="SeleniumLibrary" type="TEARDOWN">
<doc>Sets the main frame as the current frame.</doc>
<status status="PASS" start="2024-06-05T15:51:20.245536" elapsed="0.002000"/>
</kw>
<arg>${puzzle_day}</arg>
<arg>${puzzle_month_name}</arg>
<arg>${puzzle_year}</arg>
<status status="PASS" start="2024-06-05T15:51:20.162536" elapsed="0.085000"/>
</kw>
<arg>${puzzle_dict.day}</arg>
<arg>${puzzle_dict.month_name}</arg>
<arg>${puzzle_dict.year}</arg>
<status status="PASS" start="2024-06-05T15:51:19.485358" elapsed="0.762178"/>
</kw>
<kw name="Complete Puzzle Without Mistakes" owner="GamePage">
<kw name="Configure Game For Fast Completion" owner="GameContainer">
<kw name="Select Game Container Frame" owner="GameContainer" type="SETUP">
<kw name="Switch To Frame After It Loads" owner="Helpers">
<kw name="Wait Until Page Contains Element" owner="SeleniumLibrary">
<arg>${locator}</arg>
<doc>Waits until the element ``locator`` appears on the current page.</doc>
<status status="PASS" start="2024-06-05T15:51:20.250533" elapsed="0.006002"/>
</kw>
<kw name="Select Frame" owner="SeleniumLibrary">
<msg time="2024-06-05T15:51:20.257540" level="INFO">Selecting frame 'id:canvas-box'.</msg>
<arg>${locator}</arg>
<doc>Sets frame identified by ``locator`` as the current frame.</doc>
<status status="PASS" start="2024-06-05T15:51:20.256535" elapsed="0.028001"/>
</kw>
<arg>id:${GAME_CONTAINER_FRAME_ID}</arg>
<status status="PASS" start="2024-06-05T15:51:20.250533" elapsed="0.034003"/>
</kw>
<status status="PASS" start="2024-06-05T15:51:20.249536" elapsed="0.035000"/>
</kw>
<kw name="Click Element After It Loads" owner="Helpers">
<kw name="Wait For Element To Be Interactable" owner="Helpers">
<kw name="Wait Until Page Contains Element" owner="SeleniumLibrary">
<arg>${locator}</arg>
<doc>Waits until the element ``locator`` appears on the current page.</doc>
<status status="PASS" start="2024-06-05T15:51:20.285534" elapsed="0.010002"/>
</kw>
<kw name="Wait Until Element Is Visible" owner="SeleniumLibrary">
<arg>${locator}</arg>
<doc>Waits until the element ``locator`` is visible.</doc>
<status status="PASS" start="2024-06-05T15:51:20.295536" elapsed="0.016000"/>
</kw>
<arg>${locator}</arg>
<status status="PASS" start="2024-06-05T15:51:20.285534" elapsed="0.026002"/>
</kw>
<kw name="Click Element" owner="SeleniumLibrary">
<msg time="2024-06-05T15:51:20.312536" level="INFO">Clicking element 'xpath://section[contains(@class,'game_hud__')]/button[1]'.</msg>
<arg>${locator}</arg>
<arg>${modifier}</arg>
<arg>${action_chain}</arg>
<doc>Click the element identified by ``locator``.</doc>
<status status="PASS" start="2024-06-05T15:51:20.312536" elapsed="0.076000"/>
</kw>
<arg>xpath:${GAME_SETTINGS_MENU_OPEN_BUTTON_XPATH}</arg>
<status status="PASS" start="2024-06-05T15:51:20.284536" elapsed="0.104000"/>
</kw>
<kw name="Wait Until Page Contains Element" owner="SeleniumLibrary">
<arg>xpath:${GAME_DROPDOWN_OVERLAY_XPATH}</arg>
<doc>Waits until the element ``locator`` appears on the current page.</doc>
<status status="PASS" start="2024-06-05T15:51:20.388536" elapsed="0.010999"/>
</kw>
<kw name="Is Element Checked" owner="Helpers">
<kw name="Get WebElement" owner="SeleniumLibrary">
<msg time="2024-06-05T15:51:20.427538" level="INFO">${element} = &lt;selenium.webdriver.remote.webelement.WebElement (session="e4840824e0a1b783601fcb0389b1099a", element="f.A2B22F0EA7A5FEE426EB4A48E94C351A.d.48055BF832B3384A4876EC3D7D05D547.e.16")&gt;</msg>
<var>${element}</var>
<arg>${locator}</arg>
<doc>Returns the first WebElement matching the given ``locator``.</doc>
<status status="PASS" start="2024-06-05T15:51:20.400533" elapsed="0.027005"/>
</kw>
<kw name="Execute Javascript" owner="SeleniumLibrary">
<msg time="2024-06-05T15:51:20.428537" level="INFO">Executing JavaScript:
return arguments[0].checked
By using argument:
'&lt;selenium.webdriver.remote.webelement.WebElement (session="e4840824e0a1b783601fcb0389b1099a", element="f.A2B22F0EA7A5FEE426EB4A48E94C351A.d.48055BF832B3384A4876EC3D7D05D547.e.16")&gt;'</msg>
<msg time="2024-06-05T15:51:20.435538" level="INFO">${js_query_result} = True</msg>
<var>${js_query_result}</var>
<arg>return arguments[0].checked</arg>
<arg>ARGUMENTS</arg>
<arg>${element}</arg>
<doc>Executes the given JavaScript code with possible arguments.</doc>
<status status="PASS" start="2024-06-05T15:51:20.427538" elapsed="0.008000"/>
</kw>
<kw name="Set Variable" owner="BuiltIn">
<msg time="2024-06-05T15:51:20.436534" level="INFO">${is_checked} = False</msg>
<var>${is_checked}</var>
<arg>${FALSE}</arg>
<doc>Returns the given values which can then be assigned to a variables.</doc>
<status status="PASS" start="2024-06-05T15:51:20.436534" elapsed="0.000000"/>
</kw>
<if>
<branch type="IF" condition="$js_query_result == $TRUE">
<kw name="Set Variable" owner="BuiltIn">
<msg time="2024-06-05T15:51:20.437535" level="INFO">${is_checked} = True</msg>
<var>${is_checked}</var>
<arg>${TRUE}</arg>
<doc>Returns the given values which can then be assigned to a variables.</doc>
<status status="PASS" start="2024-06-05T15:51:20.437535" elapsed="0.000000"/>
</kw>
<status status="PASS" start="2024-06-05T15:51:20.436534" elapsed="0.001001"/>
</branch>
<status status="PASS" start="2024-06-05T15:51:20.436534" elapsed="0.001001"/>
</if>
<return>
<value>${is_checked}</value>
<status status="PASS" start="2024-06-05T15:51:20.437535" elapsed="0.000000"/>
</return>
<msg time="2024-06-05T15:51:20.437535" level="INFO">${is_skip_over_filled_squares_enabled} = True</msg>
<var>${is_skip_over_filled_squares_enabled}</var>
<arg>xpath:${GAME_SETTINGS_SKIP_FILLED_SQUARES_ELEM_XPATH}</arg>
<doc>This Keyword is intended to be used with elements for which
the attributes do not change when they are selected.</doc>
<status status="PASS" start="2024-06-05T15:51:20.399535" elapsed="0.038000"/>
</kw>
<if>
<branch type="IF" condition="$is_skip_over_filled_squares_enabled">
<kw name="Click Element After It Loads" owner="Helpers">
<kw name="Wait For Element To Be Interactable" owner="Helpers">
<kw name="Wait Until Page Contains Element" owner="SeleniumLibrary">
<arg>${locator}</arg>
<doc>Waits until the element ``locator`` appears on the current page.</doc>
<status status="PASS" start="2024-06-05T15:51:20.438546" elapsed="0.010989"/>
</kw>
<kw name="Wait Until Element Is Visible" owner="SeleniumLibrary">
<arg>${locator}</arg>
<doc>Waits until the element ``locator`` is visible.</doc>
<status status="PASS" start="2024-06-05T15:51:20.450545" elapsed="0.240785"/>
</kw>
<arg>${locator}</arg>
<status status="PASS" start="2024-06-05T15:51:20.438546" elapsed="0.253786"/>
</kw>
<kw name="Click Element" owner="SeleniumLibrary">
<msg time="2024-06-05T15:51:20.692332" level="INFO">Clicking element 'xpath://section[contains(@class, 'game_container__')]/section[3]/article/descendant::input[@id='skip']/../div'.</msg>
<arg>${locator}</arg>
<arg>${modifier}</arg>
<arg>${action_chain}</arg>
<doc>Click the element identified by ``locator``.</doc>
<status status="PASS" start="2024-06-05T15:51:20.692332" elapsed="0.107040"/>
</kw>
<arg>xpath:${GAME_SETTINGS_SKIP_FILLED_SQUARES_BUTTON_XPATH}</arg>
<status status="PASS" start="2024-06-05T15:51:20.438546" elapsed="0.360826"/>
</kw>
<status status="PASS" start="2024-06-05T15:51:20.437535" elapsed="0.361837"/>
</branch>
<status status="PASS" start="2024-06-05T15:51:20.437535" elapsed="0.361837"/>
</if>
<kw name="Is Element Checked" owner="Helpers">
<kw name="Get WebElement" owner="SeleniumLibrary">
<msg time="2024-06-05T15:51:20.811375" level="INFO">${element} = &lt;selenium.webdriver.remote.webelement.WebElement (session="e4840824e0a1b783601fcb0389b1099a", element="f.A2B22F0EA7A5FEE426EB4A48E94C351A.d.48055BF832B3384A4876EC3D7D05D547.e.17")&gt;</msg>
<var>${element}</var>
<arg>${locator}</arg>
<doc>Returns the first WebElement matching the given ``locator``.</doc>
<status status="PASS" start="2024-06-05T15:51:20.801376" elapsed="0.009999"/>
</kw>
<kw name="Execute Javascript" owner="SeleniumLibrary">
<msg time="2024-06-05T15:51:20.812372" level="INFO">Executing JavaScript:
return arguments[0].checked
By using argument:
'&lt;selenium.webdriver.remote.webelement.WebElement (session="e4840824e0a1b783601fcb0389b1099a", element="f.A2B22F0EA7A5FEE426EB4A48E94C351A.d.48055BF832B3384A4876EC3D7D05D547.e.17")&gt;'</msg>
<msg time="2024-06-05T15:51:20.816373" level="INFO">${js_query_result} = False</msg>
<var>${js_query_result}</var>
<arg>return arguments[0].checked</arg>
<arg>ARGUMENTS</arg>
<arg>${element}</arg>
<doc>Executes the given JavaScript code with possible arguments.</doc>
<status status="PASS" start="2024-06-05T15:51:20.811375" elapsed="0.004998"/>
</kw>
<kw name="Set Variable" owner="BuiltIn">
<msg time="2024-06-05T15:51:20.816373" level="INFO">${is_checked} = False</msg>
<var>${is_checked}</var>
<arg>${FALSE}</arg>
<doc>Returns the given values which can then be assigned to a variables.</doc>
<status status="PASS" start="2024-06-05T15:51:20.816373" elapsed="0.000000"/>
</kw>
<if>
<branch type="IF" condition="$js_query_result == $TRUE">
<kw name="Set Variable" owner="BuiltIn">
<var>${is_checked}</var>
<arg>${TRUE}</arg>
<doc>Returns the given values which can then be assigned to a variables.</doc>
<status status="NOT RUN" start="2024-06-05T15:51:20.817385" elapsed="0.000000"/>
</kw>
<status status="NOT RUN" start="2024-06-05T15:51:20.816373" elapsed="0.001012"/>
</branch>
<status status="PASS" start="2024-06-05T15:51:20.816373" elapsed="0.001012"/>
</if>
<return>
<value>${is_checked}</value>
<status status="PASS" start="2024-06-05T15:51:20.817385" elapsed="0.000000"/>
</return>
<msg time="2024-06-05T15:51:20.817385" level="INFO">${is_skip_next_word_enabled} = False</msg>
<var>${is_skip_next_word_enabled}</var>
<arg>xpath:${GAME_SETTINGS_SKIP_NEXT_WORD_ELEM_XPATH}</arg>
<doc>This Keyword is intended to be used with elements for which
the attributes do not change when they are selected.</doc>
<status status="PASS" start="2024-06-05T15:51:20.800379" elapsed="0.017006"/>
</kw>
<if>
<branch type="IF" condition="$is_skip_next_word_enabled">
<kw name="Click Element After It Loads" owner="Helpers">
<arg>xpath:${GAME_SETTINGS_SKIP_NEXT_WORD_BUTTON_XPATH}</arg>
<status status="NOT RUN" start="2024-06-05T15:51:20.817385" elapsed="0.000000"/>
</kw>
<status status="NOT RUN" start="2024-06-05T15:51:20.817385" elapsed="0.000989"/>
</branch>
<status status="PASS" start="2024-06-05T15:51:20.817385" elapsed="0.000989"/>
</if>
<kw name="Click Element After It Loads" owner="Helpers">
<kw name="Wait For Element To Be Interactable" owner="Helpers">
<kw name="Wait Until Page Contains Element" owner="SeleniumLibrary">
<arg>${locator}</arg>
<doc>Waits until the element ``locator`` appears on the current page.</doc>
<status status="PASS" start="2024-06-05T15:51:20.819386" elapsed="0.009572"/>
</kw>
<kw name="Wait Until Element Is Visible" owner="SeleniumLibrary">
<arg>${locator}</arg>
<doc>Waits until the element ``locator`` is visible.</doc>
<status status="PASS" start="2024-06-05T15:51:20.828958" elapsed="0.014378"/>
</kw>
<arg>${locator}</arg>
<status status="PASS" start="2024-06-05T15:51:20.818374" elapsed="0.024962"/>
</kw>
<kw name="Click Element" owner="SeleniumLibrary">
<msg time="2024-06-05T15:51:20.843336" level="INFO">Clicking element 'xpath://section[contains(@class, 'game_container__')]/section[3]/article/button'.</msg>
<arg>${locator}</arg>
<arg>${modifier}</arg>
<arg>${action_chain}</arg>
<doc>Click the element identified by ``locator``.</doc>
<status status="PASS" start="2024-06-05T15:51:20.843336" elapsed="0.069677"/>
</kw>
<arg>xpath:${GAME_SETTINGS_MENU_CLOSE_BUTTON_XPATH}</arg>
<status status="PASS" start="2024-06-05T15:51:20.818374" elapsed="0.094639"/>
</kw>
<kw name="Wait Until Page Does Not Contain Element" owner="SeleniumLibrary">
<arg>xpath:${GAME_DROPDOWN_OVERLAY_XPATH}</arg>
<doc>Waits until the element ``locator`` disappears from the current page.</doc>
<status status="PASS" start="2024-06-05T15:51:20.914010" elapsed="0.005997"/>
</kw>
<kw name="Unselect Frame" owner="SeleniumLibrary" type="TEARDOWN">
<doc>Sets the main frame as the current frame.</doc>
<status status="PASS" start="2024-06-05T15:51:20.921007" elapsed="0.002000"/>
</kw>
<status status="PASS" start="2024-06-05T15:51:20.249536" elapsed="0.673471"/>
</kw>
<kw name="Fill In Puzzle Completely" owner="GameContainer">
<kw name="Select Game Container Frame" owner="GameContainer" type="SETUP">
<kw name="Switch To Frame After It Loads" owner="Helpers">
<kw name="Wait Until Page Contains Element" owner="SeleniumLibrary">
<arg>${locator}</arg>
<doc>Waits until the element ``locator`` appears on the current page.</doc>
<status status="PASS" start="2024-06-05T15:51:20.924172" elapsed="0.007516"/>
</kw>
<kw name="Select Frame" owner="SeleniumLibrary">
<msg time="2024-06-05T15:51:20.931688" level="INFO">Selecting frame 'id:canvas-box'.</msg>
<arg>${locator}</arg>
<doc>Sets frame identified by ``locator`` as the current frame.</doc>
<status status="PASS" start="2024-06-05T15:51:20.931688" elapsed="0.022188"/>
</kw>
<arg>id:${GAME_CONTAINER_FRAME_ID}</arg>
<status status="PASS" start="2024-06-05T15:51:20.924172" elapsed="0.029704"/>
</kw>
<status status="PASS" start="2024-06-05T15:51:20.923007" elapsed="0.030869"/>
</kw>
<kw name="Fill In Entries For Clues In List" owner="GameContainer">
<kw name="Get Length" owner="BuiltIn">
<msg time="2024-06-05T15:51:20.955887" level="INFO">Length is 14.</msg>
<msg time="2024-06-05T15:51:20.955887" level="INFO">${expected_number_of_clues} = 14</msg>
<var>${expected_number_of_clues}</var>
<arg>${clues_with_solutions}</arg>
<doc>Returns and logs the length of the given item as an integer.</doc>
<status status="PASS" start="2024-06-05T15:51:20.955887" elapsed="0.000000"/>
</kw>
<kw name="Get Element Count" owner="SeleniumLibrary">
<msg time="2024-06-05T15:51:20.967875" level="INFO">${actual_number_of_clues} = 14</msg>
<var>${actual_number_of_clues}</var>
<arg>xpath:${clue_list_item_locator}</arg>
<doc>Returns the number of elements matching ``locator``.</doc>
<status status="PASS" start="2024-06-05T15:51:20.955887" elapsed="0.011988"/>
</kw>
<kw name="Should Be Equal As Integers" owner="BuiltIn">
<arg>${actual_number_of_clues}</arg>
<arg>${expected_number_of_clues}</arg>
<doc>Fails if objects are unequal after converting them to integers.</doc>
<status status="PASS" start="2024-06-05T15:51:20.968875" elapsed="0.000000"/>
</kw>
<for flavor="IN ENUMERATE">
<iter>
<variable name="${dom_index}">
<var>${index + 1}</var>
<status status="PASS" start="2024-06-05T15:51:20.968875" elapsed="0.001664"/>
</variable>
<variable name="${current_clue_list_item_locator}">
<var>${clue_list_item_locator}\[${dom_index}\]/section</var>
<status status="PASS" start="2024-06-05T15:51:20.970598" elapsed="0.000000"/>
</variable>
<kw name="Click Element After It Loads" owner="Helpers">
<kw name="Wait For Element To Be Interactable" owner="Helpers">
<kw name="Wait Until Page Contains Element" owner="SeleniumLibrary">
<arg>${locator}</arg>
<doc>Waits until the element ``locator`` appears on the current page.</doc>
<status status="PASS" start="2024-06-05T15:51:20.971547" elapsed="0.010001"/>
</kw>
<kw name="Wait Until Element Is Visible" owner="SeleniumLibrary">
<arg>${locator}</arg>
<doc>Waits until the element ``locator`` is visible.</doc>
<status status="PASS" start="2024-06-05T15:51:20.981548" elapsed="0.014000"/>
</kw>
<arg>${locator}</arg>
<status status="PASS" start="2024-06-05T15:51:20.971547" elapsed="0.024001"/>
</kw>
<kw name="Click Element" owner="SeleniumLibrary">
<msg time="2024-06-05T15:51:20.995548" level="INFO">Clicking element '//section[contains(@class,'connectedCluePanel_cluePanel__')][1]/ul/li[1]/section'.</msg>
<arg>${locator}</arg>
<arg>${modifier}</arg>
<arg>${action_chain}</arg>
<doc>Click the element identified by ``locator``.</doc>
<status status="PASS" start="2024-06-05T15:51:20.995548" elapsed="0.074932"/>
</kw>
<arg>${current_clue_list_item_locator}</arg>
<status status="PASS" start="2024-06-05T15:51:20.970598" elapsed="0.100882"/>
</kw>
<kw name="Scroll Element Into View" owner="SeleniumLibrary">
<arg>${current_clue_list_item_locator}</arg>
<doc>Scrolls the element identified by ``locator`` into view.</doc>
<status status="PASS" start="2024-06-05T15:51:21.071480" elapsed="0.291515"/>
</kw>
<kw name="Get Text" owner="SeleniumLibrary">
<msg time="2024-06-05T15:51:21.378623" level="INFO">${actual_clue_id} = 1</msg>
<var>${actual_clue_id}</var>
<arg>xpath:${current_clue_list_item_locator}/strong/div</arg>
<doc>Returns the text value of the element identified by ``locator``.</doc>
<status status="PASS" start="2024-06-05T15:51:21.362995" elapsed="0.015628"/>
</kw>
<kw name="Get Text" owner="SeleniumLibrary">
<msg time="2024-06-05T15:51:21.400721" level="INFO">${full_clue_string} = Sacred place (7)</msg>
<var>${full_clue_string}</var>
<arg>xpath:${current_clue_list_item_locator}/div</arg>
<doc>Returns the text value of the element identified by ``locator``.</doc>
<status status="PASS" start="2024-06-05T15:51:21.378623" elapsed="0.022098"/>
</kw>
<kw name="Fetch From Left" owner="String">
<msg time="2024-06-05T15:51:21.401734" level="INFO">${actual_clue_string} = Sacred place</msg>
<var>${actual_clue_string}</var>
<arg>${full_clue_string}</arg>
<arg>${SPACE}(</arg>
<doc>Returns contents of the ``string`` before the first occurrence of ``marker``.</doc>
<status status="PASS" start="2024-06-05T15:51:21.400721" elapsed="0.001013"/>
</kw>
<kw name="Fetch From Right" owner="String">
<msg time="2024-06-05T15:51:21.401734" level="INFO">${actual_clue_char_counts} = 7)</msg>
<var>${actual_clue_char_counts}</var>
<arg>${full_clue_string}</arg>
<arg>(</arg>
<doc>Returns contents of the ``string`` after the last occurrence of ``marker``.</doc>
<status status="PASS" start="2024-06-05T15:51:21.401734" elapsed="0.000000"/>
</kw>
<kw name="Fetch From Left" owner="String">
<msg time="2024-06-05T15:51:21.401734" level="INFO">${actual_clue_char_counts} = 7</msg>
<var>${actual_clue_char_counts}</var>
<arg>${actual_clue_char_counts}</arg>
<arg>)</arg>
<doc>Returns contents of the ``string`` before the first occurrence of ``marker``.</doc>
<status status="PASS" start="2024-06-05T15:51:21.401734" elapsed="0.000000"/>
</kw>
<kw name="Should Be Equal As Strings" owner="BuiltIn">
<arg>${actual_clue_id}</arg>
<arg>${clue_dict.id}</arg>
<doc>Fails if objects are unequal after converting them to strings.</doc>
<status status="PASS" start="2024-06-05T15:51:21.402721" elapsed="0.001013"/>
</kw>
<kw name="Should Be Equal As Strings" owner="BuiltIn">
<arg>${actual_clue_string}</arg>
<arg>${clue_dict.clue}</arg>
<doc>Fails if objects are unequal after converting them to strings.</doc>
<status status="PASS" start="2024-06-05T15:51:21.403734" elapsed="0.000999"/>
</kw>
<kw name="Should Be Equal As Strings" owner="BuiltIn">
<arg>${actual_clue_char_counts}</arg>
<arg>${clue_dict.char_counts}</arg>
<doc>Fails if objects are unequal after converting them to strings.</doc>
<status status="PASS" start="2024-06-05T15:51:21.404733" elapsed="0.001000"/>
</kw>
<variable name="${clue_start_grid_cell}">
<var>${GAME_GRID_TABLE_CELL_XPATH}/*[local-name()='text' and text()='${clue_dict.id}']</var>
<status status="PASS" start="2024-06-05T15:51:21.405733" elapsed="0.001000"/>
</variable>
<kw name="Get Element Attribute" owner="SeleniumLibrary">
<msg time="2024-06-05T15:51:21.427724" level="INFO">${clue_start_grid_cell_current_color} = rgb(255, 222, 113)</msg>
<var>${clue_start_grid_cell_current_color}</var>
<arg>${clue_start_grid_cell}/../*[local-name()='rect']</arg>
<arg>fill</arg>
<doc>Returns the value of ``attribute`` from the element ``locator``.</doc>
<status status="PASS" start="2024-06-05T15:51:21.406733" elapsed="0.020991"/>
</kw>
<if>
<branch type="IF" condition="$clue_start_grid_cell_current_color != $GAME_SELECTED_SQUARE_COLOR">
<kw name="Click Element After It Loads" owner="Helpers">
<arg>${clue_start_grid_cell}</arg>
<status status="NOT RUN" start="2024-06-05T15:51:21.427724" elapsed="0.000000"/>
</kw>
<status status="NOT RUN" start="2024-06-05T15:51:21.427724" elapsed="0.000000"/>
</branch>
<status status="PASS" start="2024-06-05T15:51:21.427724" elapsed="0.000000"/>
</if>
<kw name="Press Keys" owner="SeleniumLibrary">
<msg time="2024-06-05T15:51:21.429734" level="INFO">Sending key(s) ('sanctum',) to page.</msg>
<msg time="2024-06-05T15:51:21.429734" level="INFO">Sending keys sanctum</msg>
<arg>None</arg>
<arg>${clue_dict.solution}</arg>
<doc>Simulates the user pressing key(s) to an element or on the active browser.</doc>
<status status="PASS" start="2024-06-05T15:51:21.428722" elapsed="0.069588"/>
</kw>
<var name="${index}">0</var>
<var name="${clue_dict}">{'id': '1', 'clue': 'Sacred place', 'char_counts': '7', 'solution': 'sanctum'}</var>
<status status="PASS" start="2024-06-05T15:51:20.968875" elapsed="0.529435"/>
</iter>
<iter>
<variable name="${dom_index}">
<var>${index + 1}</var>
<status status="PASS" start="2024-06-05T15:51:21.499311" elapsed="0.000998"/>
</variable>
<variable name="${current_clue_list_item_locator}">
<var>${clue_list_item_locator}\[${dom_index}\]/section</var>
<status status="PASS" start="2024-06-05T15:51:21.500309" elapsed="0.000000"/>
</variable>
<kw name="Click Element After It Loads" owner="Helpers">
<kw name="Wait For Element To Be Interactable" owner="Helpers">
<kw name="Wait Until Page Contains Element" owner="SeleniumLibrary">
<arg>${locator}</arg>
<doc>Waits until the element ``locator`` appears on the current page.</doc>
<status status="PASS" start="2024-06-05T15:51:21.501310" elapsed="0.011000"/>
</kw>
<kw name="Wait Until Element Is Visible" owner="SeleniumLibrary">
<arg>${locator}</arg>
<doc>Waits until the element ``locator`` is visible.</doc>
<status status="PASS" start="2024-06-05T15:51:21.512310" elapsed="0.013282"/>
</kw>
<arg>${locator}</arg>
<status status="PASS" start="2024-06-05T15:51:21.501310" elapsed="0.024282"/>
</kw>
<kw name="Click Element" owner="SeleniumLibrary">
<msg time="2024-06-05T15:51:21.526593" level="INFO">Clicking element '//section[contains(@class,'connectedCluePanel_cluePanel__')][1]/ul/li[2]/section'.</msg>
<arg>${locator}</arg>
<arg>${modifier}</arg>
<arg>${action_chain}</arg>
<doc>Click the element identified by ``locator``.</doc>
<status status="PASS" start="2024-06-05T15:51:21.525592" elapsed="0.286545"/>
</kw>
<arg>${current_clue_list_item_locator}</arg>
<status status="PASS" start="2024-06-05T15:51:21.500309" elapsed="0.311828"/>
</kw>
<kw name="Scroll Element Into View" owner="SeleniumLibrary">
<arg>${current_clue_list_item_locator}</arg>
<doc>Scrolls the element identified by ``locator`` into view.</doc>
<status status="PASS" start="2024-06-05T15:51:21.812137" elapsed="0.309446"/>
</kw>
<kw name="Get Text" owner="SeleniumLibrary">
<msg time="2024-06-05T15:51:22.137582" level="INFO">${actual_clue_id} = 5</msg>
<var>${actual_clue_id}</var>
<arg>xpath:${current_clue_list_item_locator}/strong/div</arg>
<doc>Returns the text value of the element identified by ``locator``.</doc>
<status status="PASS" start="2024-06-05T15:51:22.121583" elapsed="0.015999"/>
</kw>
<kw name="Get Text" owner="SeleniumLibrary">
<msg time="2024-06-05T15:51:22.155585" level="INFO">${full_clue_string} = Thigh bone (5)</msg>
<var>${full_clue_string}</var>
<arg>xpath:${current_clue_list_item_locator}/div</arg>
<doc>Returns the text value of the element identified by ``locator``.</doc>
<status status="PASS" start="2024-06-05T15:51:22.138593" elapsed="0.017990"/>
</kw>
<kw name="Fetch From Left" owner="String">
<msg time="2024-06-05T15:51:22.156583" level="INFO">${actual_clue_string} = Thigh bone</msg>
<var>${actual_clue_string}</var>
<arg>${full_clue_string}</arg>
<arg>${SPACE}(</arg>
<doc>Returns contents of the ``string`` before the first occurrence of ``marker``.</doc>
<status status="PASS" start="2024-06-05T15:51:22.156583" elapsed="0.000000"/>
</kw>
<kw name="Fetch From Right" owner="String">
<msg time="2024-06-05T15:51:22.156583" level="INFO">${actual_clue_char_counts} = 5)</msg>
<var>${actual_clue_char_counts}</var>
<arg>${full_clue_string}</arg>
<arg>(</arg>
<doc>Returns contents of the ``string`` after the last occurrence of ``marker``.</doc>
<status status="PASS" start="2024-06-05T15:51:22.156583" elapsed="0.001003"/>
</kw>
<kw name="Fetch From Left" owner="String">
<msg time="2024-06-05T15:51:22.157586" level="INFO">${actual_clue_char_counts} = 5</msg>
<var>${actual_clue_char_counts}</var>
<arg>${actual_clue_char_counts}</arg>
<arg>)</arg>
<doc>Returns contents of the ``string`` before the first occurrence of ``marker``.</doc>
<status status="PASS" start="2024-06-05T15:51:22.157586" elapsed="0.000000"/>
</kw>
<kw name="Should Be Equal As Strings" owner="BuiltIn">
<arg>${actual_clue_id}</arg>
<arg>${clue_dict.id}</arg>
<doc>Fails if objects are unequal after converting them to strings.</doc>
<status status="PASS" start="2024-06-05T15:51:22.157586" elapsed="0.001099"/>
</kw>
<kw name="Should Be Equal As Strings" owner="BuiltIn">
<arg>${actual_clue_string}</arg>
<arg>${clue_dict.clue}</arg>
<doc>Fails if objects are unequal after converting them to strings.</doc>
<status status="PASS" start="2024-06-05T15:51:22.158685" elapsed="0.000989"/>
</kw>
<kw name="Should Be Equal As Strings" owner="BuiltIn">
<arg>${actual_clue_char_counts}</arg>
<arg>${clue_dict.char_counts}</arg>
<doc>Fails if objects are unequal after converting them to strings.</doc>
<status status="PASS" start="2024-06-05T15:51:22.159674" elapsed="0.002001"/>
</kw>
<variable name="${clue_start_grid_cell}">
<var>${GAME_GRID_TABLE_CELL_XPATH}/*[local-name()='text' and text()='${clue_dict.id}']</var>
<status status="PASS" start="2024-06-05T15:51:22.162678" elapsed="0.000997"/>
</variable>
<kw name="Get Element Attribute" owner="SeleniumLibrary">
<msg time="2024-06-05T15:51:22.195007" level="INFO">${clue_start_grid_cell_current_color} = rgb(255, 222, 113)</msg>
<var>${clue_start_grid_cell_current_color}</var>
<arg>${clue_start_grid_cell}/../*[local-name()='rect']</arg>
<arg>fill</arg>
<doc>Returns the value of ``attribute`` from the element ``locator``.</doc>
<status status="PASS" start="2024-06-05T15:51:22.163675" elapsed="0.031332"/>
</kw>
<if>
<branch type="IF" condition="$clue_start_grid_cell_current_color != $GAME_SELECTED_SQUARE_COLOR">
<kw name="Click Element After It Loads" owner="Helpers">
<arg>${clue_start_grid_cell}</arg>
<status status="NOT RUN" start="2024-06-05T15:51:22.195007" elapsed="0.000000"/>
</kw>
<status status="NOT RUN" start="2024-06-05T15:51:22.195007" elapsed="0.000999"/>
</branch>
<status status="PASS" start="2024-06-05T15:51:22.195007" elapsed="0.000999"/>
</if>
<kw name="Press Keys" owner="SeleniumLibrary">
<msg time="2024-06-05T15:51:22.197002" level="INFO">Sending key(s) ('femur',) to page.</msg>
<msg time="2024-06-05T15:51:22.197002" level="INFO">Sending keys femur</msg>
<arg>None</arg>
<arg>${clue_dict.solution}</arg>
<doc>Simulates the user pressing key(s) to an element or on the active browser.</doc>
<status status="PASS" start="2024-06-05T15:51:22.196006" elapsed="0.045998"/>
</kw>
<var name="${index}">1</var>
<var name="${clue_dict}">{'id': '5', 'clue': 'Thigh bone', 'char_counts': '5', 'solution': 'femur'}</var>
<status status="PASS" start="2024-06-05T15:51:21.499311" elapsed="0.742693"/>
</iter>
<iter>
<variable name="${dom_index}">
<var>${index + 1}</var>
<status status="PASS" start="2024-06-05T15:51:22.243007" elapsed="0.001001"/>
</variable>
<variable name="${current_clue_list_item_locator}">
<var>${clue_list_item_locator}\[${dom_index}\]/section</var>
<status status="PASS" start="2024-06-05T15:51:22.244008" elapsed="0.000000"/>
</variable>
<kw name="Click Element After It Loads" owner="Helpers">
<kw name="Wait For Element To Be Interactable" owner="Helpers">
<kw name="Wait Until Page Contains Element" owner="SeleniumLibrary">
<arg>${locator}</arg>
<doc>Waits until the element ``locator`` appears on the current page.</doc>
<status status="PASS" start="2024-06-05T15:51:22.245004" elapsed="0.010628"/>
</kw>
<kw name="Wait Until Element Is Visible" owner="SeleniumLibrary">
<arg>${locator}</arg>
<doc>Waits until the element ``locator`` is visible.</doc>
<status status="PASS" start="2024-06-05T15:51:22.255632" elapsed="0.016002"/>
</kw>
<arg>${locator}</arg>
<status status="PASS" start="2024-06-05T15:51:22.245004" elapsed="0.026630"/>
</kw>
<kw name="Click Element" owner="SeleniumLibrary">
<msg time="2024-06-05T15:51:22.272632" level="INFO">Clicking element '//section[contains(@class,'connectedCluePanel_cluePanel__')][1]/ul/li[3]/section'.</msg>
<arg>${locator}</arg>
<arg>${modifier}</arg>
<arg>${action_chain}</arg>
<doc>Click the element identified by ``locator``.</doc>
<status status="PASS" start="2024-06-05T15:51:22.272632" elapsed="0.072526"/>
</kw>
<arg>${current_clue_list_item_locator}</arg>
<status status="PASS" start="2024-06-05T15:51:22.244008" elapsed="0.101150"/>
</kw>
<kw name="Scroll Element Into View" owner="SeleniumLibrary">
<arg>${current_clue_list_item_locator}</arg>
<doc>Scrolls the element identified by ``locator`` into view.</doc>
<status status="PASS" start="2024-06-05T15:51:22.345158" elapsed="0.307033"/>
</kw>
<kw name="Get Text" owner="SeleniumLibrary">
<msg time="2024-06-05T15:51:22.671543" level="INFO">${actual_clue_id} = 8</msg>
<var>${actual_clue_id}</var>
<arg>xpath:${current_clue_list_item_locator}/strong/div</arg>
<doc>Returns the text value of the element identified by ``locator``.</doc>
<status status="PASS" start="2024-06-05T15:51:22.652191" elapsed="0.019352"/>
</kw>
<kw name="Get Text" owner="SeleniumLibrary">
<msg time="2024-06-05T15:51:22.694119" level="INFO">${full_clue_string} = Enthusiastic (5)</msg>
<var>${full_clue_string}</var>
<arg>xpath:${current_clue_list_item_locator}/div</arg>
<doc>Returns the text value of the element identified by ``locator``.</doc>
<status status="PASS" start="2024-06-05T15:51:22.671543" elapsed="0.022576"/>
</kw>
<kw name="Fetch From Left" owner="String">
<msg time="2024-06-05T15:51:22.694119" level="INFO">${actual_clue_string} = Enthusiastic</msg>
<var>${actual_clue_string}</var>
<arg>${full_clue_string}</arg>
<arg>${SPACE}(</arg>
<doc>Returns contents of the ``string`` before the first occurrence of ``marker``.</doc>
<status status="PASS" start="2024-06-05T15:51:22.694119" elapsed="0.000000"/>
</kw>
<kw name="Fetch From Right" owner="String">
<msg time="2024-06-05T15:51:22.695121" level="INFO">${actual_clue_char_counts} = 5)</msg>
<var>${actual_clue_char_counts}</var>
<arg>${full_clue_string}</arg>
<arg>(</arg>
<doc>Returns contents of the ``string`` after the last occurrence of ``marker``.</doc>
<status status="PASS" start="2024-06-05T15:51:22.695121" elapsed="0.000000"/>
</kw>
<kw name="Fetch From Left" owner="String">
<msg time="2024-06-05T15:51:22.696122" level="INFO">${actual_clue_char_counts} = 5</msg>
<var>${actual_clue_char_counts}</var>
<arg>${actual_clue_char_counts}</arg>
<arg>)</arg>
<doc>Returns contents of the ``string`` before the first occurrence of ``marker``.</doc>
<status status="PASS" start="2024-06-05T15:51:22.695121" elapsed="0.001001"/>
</kw>
<kw name="Should Be Equal As Strings" owner="BuiltIn">
<arg>${actual_clue_id}</arg>
<arg>${clue_dict.id}</arg>
<doc>Fails if objects are unequal after converting them to strings.</doc>
<status status="PASS" start="2024-06-05T15:51:22.696122" elapsed="0.000995"/>
</kw>
<kw name="Should Be Equal As Strings" owner="BuiltIn">
<arg>${actual_clue_string}</arg>
<arg>${clue_dict.clue}</arg>
<doc>Fails if objects are unequal after converting them to strings.</doc>
<status status="PASS" start="2024-06-05T15:51:22.698116" elapsed="0.001001"/>
</kw>
<kw name="Should Be Equal As Strings" owner="BuiltIn">
<arg>${actual_clue_char_counts}</arg>
<arg>${clue_dict.char_counts}</arg>
<doc>Fails if objects are unequal after converting them to strings.</doc>
<status status="PASS" start="2024-06-05T15:51:22.699117" elapsed="0.001001"/>
</kw>
<variable name="${clue_start_grid_cell}">
<var>${GAME_GRID_TABLE_CELL_XPATH}/*[local-name()='text' and text()='${clue_dict.id}']</var>
<status status="PASS" start="2024-06-05T15:51:22.700118" elapsed="0.001011"/>
</variable>
<kw name="Get Element Attribute" owner="SeleniumLibrary">
<msg time="2024-06-05T15:51:22.722120" level="INFO">${clue_start_grid_cell_current_color} = rgb(255, 222, 113)</msg>
<var>${clue_start_grid_cell_current_color}</var>
<arg>${clue_start_grid_cell}/../*[local-name()='rect']</arg>
<arg>fill</arg>
<doc>Returns the value of ``attribute`` from the element ``locator``.</doc>
<status status="PASS" start="2024-06-05T15:51:22.701129" elapsed="0.020991"/>
</kw>
<if>
<branch type="IF" condition="$clue_start_grid_cell_current_color != $GAME_SELECTED_SQUARE_COLOR">
<kw name="Click Element After It Loads" owner="Helpers">
<arg>${clue_start_grid_cell}</arg>
<status status="NOT RUN" start="2024-06-05T15:51:22.722120" elapsed="0.000000"/>
</kw>
<status status="NOT RUN" start="2024-06-05T15:51:22.722120" elapsed="0.000000"/>
</branch>
<status status="PASS" start="2024-06-05T15:51:22.722120" elapsed="0.000000"/>
</if>
<kw name="Press Keys" owner="SeleniumLibrary">
<msg time="2024-06-05T15:51:22.724118" level="INFO">Sending key(s) ('eager',) to page.</msg>
<msg time="2024-06-05T15:51:22.724118" level="INFO">Sending keys eager</msg>
<arg>None</arg>
<arg>${clue_dict.solution}</arg>
<doc>Simulates the user pressing key(s) to an element or on the active browser.</doc>
<status status="PASS" start="2024-06-05T15:51:22.723118" elapsed="0.057216"/>
</kw>
<var name="${index}">2</var>
<var name="${clue_dict}">{'id': '8', 'clue': 'Enthusiastic', 'char_counts': '5', 'solution': 'eager'}</var>
<status status="PASS" start="2024-06-05T15:51:22.243007" elapsed="0.537327"/>
</iter>
<iter>
<variable name="${dom_index}">
<var>${index + 1}</var>
<status status="PASS" start="2024-06-05T15:51:22.781335" elapsed="0.000998"/>
</variable>
<variable name="${current_clue_list_item_locator}">
<var>${clue_list_item_locator}\[${dom_index}\]/section</var>
<status status="PASS" start="2024-06-05T15:51:22.782333" elapsed="0.001002"/>
</variable>
<kw name="Click Element After It Loads" owner="Helpers">
<kw name="Wait For Element To Be Interactable" owner="Helpers">
<kw name="Wait Until Page Contains Element" owner="SeleniumLibrary">
<arg>${locator}</arg>
<doc>Waits until the element ``locator`` appears on the current page.</doc>
<status status="PASS" start="2024-06-05T15:51:22.785332" elapsed="0.011002"/>
</kw>
<kw name="Wait Until Element Is Visible" owner="SeleniumLibrary">
<arg>${locator}</arg>
<doc>Waits until the element ``locator`` is visible.</doc>
<status status="PASS" start="2024-06-05T15:51:22.797336" elapsed="0.016519"/>
</kw>
<arg>${locator}</arg>
<status status="PASS" start="2024-06-05T15:51:22.784334" elapsed="0.030521"/>
</kw>
<kw name="Click Element" owner="SeleniumLibrary">
<msg time="2024-06-05T15:51:22.814855" level="INFO">Clicking element '//section[contains(@class,'connectedCluePanel_cluePanel__')][1]/ul/li[4]/section'.</msg>
<arg>${locator}</arg>
<arg>${modifier}</arg>
<arg>${action_chain}</arg>
<doc>Click the element identified by ``locator``.</doc>
<status status="PASS" start="2024-06-05T15:51:22.814855" elapsed="0.076000"/>
</kw>
<arg>${current_clue_list_item_locator}</arg>
<status status="PASS" start="2024-06-05T15:51:22.783335" elapsed="0.107520"/>
</kw>
<kw name="Scroll Element Into View" owner="SeleniumLibrary">
<arg>${current_clue_list_item_locator}</arg>
<doc>Scrolls the element identified by ``locator`` into view.</doc>
<status status="PASS" start="2024-06-05T15:51:22.891858" elapsed="0.314611"/>
</kw>
<kw name="Get Text" owner="SeleniumLibrary">
<msg time="2024-06-05T15:51:23.225469" level="INFO">${actual_clue_id} = 9</msg>
<var>${actual_clue_id}</var>
<arg>xpath:${current_clue_list_item_locator}/strong/div</arg>
<doc>Returns the text value of the element identified by ``locator``.</doc>
<status status="PASS" start="2024-06-05T15:51:23.206469" elapsed="0.019000"/>
</kw>
<kw name="Get Text" owner="SeleniumLibrary">
<msg time="2024-06-05T15:51:23.244468" level="INFO">${full_clue_string} = Skin-tight garment (7)</msg>
<var>${full_clue_string}</var>
<arg>xpath:${current_clue_list_item_locator}/div</arg>
<doc>Returns the text value of the element identified by ``locator``.</doc>
<status status="PASS" start="2024-06-05T15:51:23.226470" elapsed="0.017998"/>
</kw>
<kw name="Fetch From Left" owner="String">
<msg time="2024-06-05T15:51:23.245473" level="INFO">${actual_clue_string} = Skin-tight garment</msg>
<var>${actual_clue_string}</var>
<arg>${full_clue_string}</arg>
<arg>${SPACE}(</arg>
<doc>Returns contents of the ``string`` before the first occurrence of ``marker``.</doc>
<status status="PASS" start="2024-06-05T15:51:23.245473" elapsed="0.000000"/>
</kw>
<kw name="Fetch From Right" owner="String">
<msg time="2024-06-05T15:51:23.246471" level="INFO">${actual_clue_char_counts} = 7)</msg>
<var>${actual_clue_char_counts}</var>
<arg>${full_clue_string}</arg>
<arg>(</arg>
<doc>Returns contents of the ``string`` after the last occurrence of ``marker``.</doc>
<status status="PASS" start="2024-06-05T15:51:23.246471" elapsed="0.000000"/>
</kw>
<kw name="Fetch From Left" owner="String">
<msg time="2024-06-05T15:51:23.247469" level="INFO">${actual_clue_char_counts} = 7</msg>
<var>${actual_clue_char_counts}</var>
<arg>${actual_clue_char_counts}</arg>
<arg>)</arg>
<doc>Returns contents of the ``string`` before the first occurrence of ``marker``.</doc>
<status status="PASS" start="2024-06-05T15:51:23.246471" elapsed="0.000998"/>
</kw>
<kw name="Should Be Equal As Strings" owner="BuiltIn">
<arg>${actual_clue_id}</arg>
<arg>${clue_dict.id}</arg>
<doc>Fails if objects are unequal after converting them to strings.</doc>
<status status="PASS" start="2024-06-05T15:51:23.247469" elapsed="0.000998"/>
</kw>
<kw name="Should Be Equal As Strings" owner="BuiltIn">
<arg>${actual_clue_string}</arg>
<arg>${clue_dict.clue}</arg>
<doc>Fails if objects are unequal after converting them to strings.</doc>
<status status="PASS" start="2024-06-05T15:51:23.248467" elapsed="0.001003"/>
</kw>
<kw name="Should Be Equal As Strings" owner="BuiltIn">
<arg>${actual_clue_char_counts}</arg>
<arg>${clue_dict.char_counts}</arg>
<doc>Fails if objects are unequal after converting them to strings.</doc>
<status status="PASS" start="2024-06-05T15:51:23.249470" elapsed="0.001000"/>
</kw>
<variable name="${clue_start_grid_cell}">
<var>${GAME_GRID_TABLE_CELL_XPATH}/*[local-name()='text' and text()='${clue_dict.id}']</var>
<status status="PASS" start="2024-06-05T15:51:23.251471" elapsed="0.000000"/>
</variable>
<kw name="Get Element Attribute" owner="SeleniumLibrary">
<msg time="2024-06-05T15:51:23.271470" level="INFO">${clue_start_grid_cell_current_color} = rgb(255, 222, 113)</msg>
<var>${clue_start_grid_cell_current_color}</var>
<arg>${clue_start_grid_cell}/../*[local-name()='rect']</arg>
<arg>fill</arg>
<doc>Returns the value of ``attribute`` from the element ``locator``.</doc>
<status status="PASS" start="2024-06-05T15:51:23.252471" elapsed="0.019996"/>
</kw>
<if>
<branch type="IF" condition="$clue_start_grid_cell_current_color != $GAME_SELECTED_SQUARE_COLOR">
<kw name="Click Element After It Loads" owner="Helpers">
<arg>${clue_start_grid_cell}</arg>
<status status="NOT RUN" start="2024-06-05T15:51:23.272467" elapsed="0.000000"/>
</kw>
<status status="NOT RUN" start="2024-06-05T15:51:23.272467" elapsed="0.000000"/>
</branch>
<status status="PASS" start="2024-06-05T15:51:23.272467" elapsed="0.000000"/>
</if>
<kw name="Press Keys" owner="SeleniumLibrary">
<msg time="2024-06-05T15:51:23.274467" level="INFO">Sending key(s) ('leotard',) to page.</msg>
<msg time="2024-06-05T15:51:23.274467" level="INFO">Sending keys leotard</msg>
<arg>None</arg>
<arg>${clue_dict.solution}</arg>
<doc>Simulates the user pressing key(s) to an element or on the active browser.</doc>
<status status="PASS" start="2024-06-05T15:51:23.272467" elapsed="0.060521"/>
</kw>
<var name="${index}">3</var>
<var name="${clue_dict}">{'id': '9', 'clue': 'Skin-tight garment', 'char_counts': '7', 'solution': 'leotard'}</var>
<status status="PASS" start="2024-06-05T15:51:22.781335" elapsed="0.551653"/>
</iter>
<iter>
<variable name="${dom_index}">
<var>${index + 1}</var>
<status status="PASS" start="2024-06-05T15:51:23.333986" elapsed="0.001001"/>
</variable>
<variable name="${current_clue_list_item_locator}">
<var>${clue_list_item_locator}\[${dom_index}\]/section</var>
<status status="PASS" start="2024-06-05T15:51:23.334987" elapsed="0.000000"/>
</variable>
<kw name="Click Element After It Loads" owner="Helpers">
<kw name="Wait For Element To Be Interactable" owner="Helpers">
<kw name="Wait Until Page Contains Element" owner="SeleniumLibrary">
<arg>${locator}</arg>
<doc>Waits until the element ``locator`` appears on the current page.</doc>
<status status="PASS" start="2024-06-05T15:51:23.335986" elapsed="0.020005"/>
</kw>
<kw name="Wait Until Element Is Visible" owner="SeleniumLibrary">
<arg>${locator}</arg>
<doc>Waits until the element ``locator`` is visible.</doc>
<status status="PASS" start="2024-06-05T15:51:23.356988" elapsed="0.015998"/>
</kw>
<arg>${locator}</arg>
<status status="PASS" start="2024-06-05T15:51:23.335986" elapsed="0.038000"/>
</kw>
<kw name="Click Element" owner="SeleniumLibrary">
<msg time="2024-06-05T15:51:23.373986" level="INFO">Clicking element '//section[contains(@class,'connectedCluePanel_cluePanel__')][1]/ul/li[5]/section'.</msg>
<arg>${locator}</arg>
<arg>${modifier}</arg>
<arg>${action_chain}</arg>
<doc>Click the element identified by ``locator``.</doc>
<status status="PASS" start="2024-06-05T15:51:23.373986" elapsed="0.080525"/>
</kw>
<arg>${current_clue_list_item_locator}</arg>
<status status="PASS" start="2024-06-05T15:51:23.334987" elapsed="0.119524"/>
</kw>
<kw name="Scroll Element Into View" owner="SeleniumLibrary">
<arg>${current_clue_list_item_locator}</arg>
<doc>Scrolls the element identified by ``locator`` into view.</doc>
<status status="PASS" start="2024-06-05T15:51:23.454511" elapsed="0.309863"/>
</kw>
<kw name="Get Text" owner="SeleniumLibrary">
<msg time="2024-06-05T15:51:23.783901" level="INFO">${actual_clue_id} = 10</msg>
<var>${actual_clue_id}</var>
<arg>xpath:${current_clue_list_item_locator}/strong/div</arg>
<doc>Returns the text value of the element identified by ``locator``.</doc>
<status status="PASS" start="2024-06-05T15:51:23.764374" elapsed="0.019527"/>
</kw>
<kw name="Get Text" owner="SeleniumLibrary">
<msg time="2024-06-05T15:51:23.802891" level="INFO">${full_clue_string} = Throw away (7)</msg>
<var>${full_clue_string}</var>
<arg>xpath:${current_clue_list_item_locator}/div</arg>
<doc>Returns the text value of the element identified by ``locator``.</doc>
<status status="PASS" start="2024-06-05T15:51:23.783901" elapsed="0.018990"/>
</kw>
<kw name="Fetch From Left" owner="String">
<msg time="2024-06-05T15:51:23.803898" level="INFO">${actual_clue_string} = Throw away</msg>
<var>${actual_clue_string}</var>
<arg>${full_clue_string}</arg>
<arg>${SPACE}(</arg>
<doc>Returns contents of the ``string`` before the first occurrence of ``marker``.</doc>
<status status="PASS" start="2024-06-05T15:51:23.802891" elapsed="0.001007"/>
</kw>
<kw name="Fetch From Right" owner="String">
<msg time="2024-06-05T15:51:23.804424" level="INFO">${actual_clue_char_counts} = 7)</msg>
<var>${actual_clue_char_counts}</var>
<arg>${full_clue_string}</arg>
<arg>(</arg>
<doc>Returns contents of the ``string`` after the last occurrence of ``marker``.</doc>
<status status="PASS" start="2024-06-05T15:51:23.803898" elapsed="0.000526"/>
</kw>
<kw name="Fetch From Left" owner="String">
<msg time="2024-06-05T15:51:23.804424" level="INFO">${actual_clue_char_counts} = 7</msg>
<var>${actual_clue_char_counts}</var>
<arg>${actual_clue_char_counts}</arg>
<arg>)</arg>
<doc>Returns contents of the ``string`` before the first occurrence of ``marker``.</doc>
<status status="PASS" start="2024-06-05T15:51:23.804424" elapsed="0.000000"/>
</kw>
<kw name="Should Be Equal As Strings" owner="BuiltIn">
<arg>${actual_clue_id}</arg>
<arg>${clue_dict.id}</arg>
<doc>Fails if objects are unequal after converting them to strings.</doc>
<status status="PASS" start="2024-06-05T15:51:23.804424" elapsed="0.000992"/>
</kw>
<kw name="Should Be Equal As Strings" owner="BuiltIn">
<arg>${actual_clue_string}</arg>
<arg>${clue_dict.clue}</arg>
<doc>Fails if objects are unequal after converting them to strings.</doc>
<status status="PASS" start="2024-06-05T15:51:23.806427" elapsed="0.000987"/>
</kw>
<kw name="Should Be Equal As Strings" owner="BuiltIn">
<arg>${actual_clue_char_counts}</arg>
<arg>${clue_dict.char_counts}</arg>
<doc>Fails if objects are unequal after converting them to strings.</doc>
<status status="PASS" start="2024-06-05T15:51:23.807414" elapsed="0.002001"/>
</kw>
<variable name="${clue_start_grid_cell}">
<var>${GAME_GRID_TABLE_CELL_XPATH}/*[local-name()='text' and text()='${clue_dict.id}']</var>
<status status="PASS" start="2024-06-05T15:51:23.809415" elapsed="0.002000"/>
</variable>
<kw name="Get Element Attribute" owner="SeleniumLibrary">
<msg time="2024-06-05T15:51:23.832415" level="INFO">${clue_start_grid_cell_current_color} = rgb(255, 222, 113)</msg>
<var>${clue_start_grid_cell_current_color}</var>
<arg>${clue_start_grid_cell}/../*[local-name()='rect']</arg>
<arg>fill</arg>
<doc>Returns the value of ``attribute`` from the element ``locator``.</doc>
<status status="PASS" start="2024-06-05T15:51:23.811415" elapsed="0.021000"/>
</kw>
<if>
<branch type="IF" condition="$clue_start_grid_cell_current_color != $GAME_SELECTED_SQUARE_COLOR">
<kw name="Click Element After It Loads" owner="Helpers">
<arg>${clue_start_grid_cell}</arg>
<status status="NOT RUN" start="2024-06-05T15:51:23.833415" elapsed="0.000000"/>
</kw>
<status status="NOT RUN" start="2024-06-05T15:51:23.832415" elapsed="0.001000"/>
</branch>
<status status="PASS" start="2024-06-05T15:51:23.832415" elapsed="0.001000"/>
</if>
<kw name="Press Keys" owner="SeleniumLibrary">
<msg time="2024-06-05T15:51:23.835415" level="INFO">Sending key(s) ('discard',) to page.</msg>
<msg time="2024-06-05T15:51:23.835415" level="INFO">Sending keys discard</msg>
<arg>None</arg>
<arg>${clue_dict.solution}</arg>
<doc>Simulates the user pressing key(s) to an element or on the active browser.</doc>
<status status="PASS" start="2024-06-05T15:51:23.833415" elapsed="0.066004"/>
</kw>
<var name="${index}">4</var>
<var name="${clue_dict}">{'id': '10', 'clue': 'Throw away', 'char_counts': '7', 'solution': 'discard'}</var>
<status status="PASS" start="2024-06-05T15:51:23.333986" elapsed="0.566431"/>
</iter>
<iter>
<variable name="${dom_index}">
<var>${index + 1}</var>
<status status="PASS" start="2024-06-05T15:51:23.900417" elapsed="0.000997"/>
</variable>
<variable name="${current_clue_list_item_locator}">
<var>${clue_list_item_locator}\[${dom_index}\]/section</var>
<status status="PASS" start="2024-06-05T15:51:23.901414" elapsed="0.000000"/>
</variable>
<kw name="Click Element After It Loads" owner="Helpers">
<kw name="Wait For Element To Be Interactable" owner="Helpers">
<kw name="Wait Until Page Contains Element" owner="SeleniumLibrary">
<arg>${locator}</arg>
<doc>Waits until the element ``locator`` appears on the current page.</doc>
<status status="PASS" start="2024-06-05T15:51:23.902420" elapsed="0.010995"/>
</kw>
<kw name="Wait Until Element Is Visible" owner="SeleniumLibrary">
<arg>${locator}</arg>
<doc>Waits until the element ``locator`` is visible.</doc>
<status status="PASS" start="2024-06-05T15:51:23.914419" elapsed="0.017997"/>
</kw>
<arg>${locator}</arg>
<status status="PASS" start="2024-06-05T15:51:23.902420" elapsed="0.030996"/>
</kw>
[...]
<arg>(</arg>
<doc>Returns contents of the ``string`` after the last occurrence of ``marker``.</doc>
<status status="PASS" start="2024-06-05T15:51:36.604829" elapsed="0.000998"/>
</kw>
<kw name="Fetch From Left" owner="String">
<msg time="2024-06-05T15:51:36.605827" level="INFO">${actual_clue_char_counts} = 5</msg>
<var>${actual_clue_char_counts}</var>
<arg>${actual_clue_char_counts}</arg>
<arg>)</arg>
<doc>Returns contents of the ``string`` before the first occurrence of ``marker``.</doc>
<status status="PASS" start="2024-06-05T15:51:36.605827" elapsed="0.000000"/>
</kw>
<kw name="Should Be Equal As Strings" owner="BuiltIn">
<arg>${actual_clue_id}</arg>
<arg>${clue_dict.id}</arg>
<doc>Fails if objects are unequal after converting them to strings.</doc>
<status status="PASS" start="2024-06-05T15:51:36.605827" elapsed="0.002013"/>
</kw>
<kw name="Should Be Equal As Strings" owner="BuiltIn">
<arg>${actual_clue_string}</arg>
<arg>${clue_dict.clue}</arg>
<doc>Fails if objects are unequal after converting them to strings.</doc>
<status status="PASS" start="2024-06-05T15:51:36.607840" elapsed="0.000990"/>
</kw>
<kw name="Should Be Equal As Strings" owner="BuiltIn">
<arg>${actual_clue_char_counts}</arg>
<arg>${clue_dict.char_counts}</arg>
<doc>Fails if objects are unequal after converting them to strings.</doc>
<status status="PASS" start="2024-06-05T15:51:36.608830" elapsed="0.001010"/>
</kw>
<variable name="${clue_start_grid_cell}">
<var>${GAME_GRID_TABLE_CELL_XPATH}/*[local-name()='text' and text()='${clue_dict.id}']</var>
<status status="PASS" start="2024-06-05T15:51:36.609840" elapsed="0.001002"/>
</variable>
<kw name="Get Element Attribute" owner="SeleniumLibrary">
<msg time="2024-06-05T15:51:36.629263" level="INFO">${clue_start_grid_cell_current_color} = rgb(255, 255, 255)</msg>
<var>${clue_start_grid_cell_current_color}</var>
<arg>${clue_start_grid_cell}/../*[local-name()='rect']</arg>
<arg>fill</arg>
<doc>Returns the value of ``attribute`` from the element ``locator``.</doc>
<status status="PASS" start="2024-06-05T15:51:36.610842" elapsed="0.018421"/>
</kw>
<if>
<branch type="IF" condition="$clue_start_grid_cell_current_color != $GAME_SELECTED_SQUARE_COLOR">
<kw name="Click Element After It Loads" owner="Helpers">
<kw name="Wait For Element To Be Interactable" owner="Helpers">
<kw name="Wait Until Page Contains Element" owner="SeleniumLibrary">
<arg>${locator}</arg>
<doc>Waits until the element ``locator`` appears on the current page.</doc>
<status status="PASS" start="2024-06-05T15:51:36.631263" elapsed="0.011004"/>
</kw>
<kw name="Wait Until Element Is Visible" owner="SeleniumLibrary">
<arg>${locator}</arg>
<doc>Waits until the element ``locator`` is visible.</doc>
<status status="PASS" start="2024-06-05T15:51:36.642267" elapsed="0.017000"/>
</kw>
<arg>${locator}</arg>
<status status="PASS" start="2024-06-05T15:51:36.630265" elapsed="0.029002"/>
</kw>
<kw name="Click Element" owner="SeleniumLibrary">
<msg time="2024-06-05T15:51:36.660272" level="INFO">Clicking element '//section[contains(@class,'game_gridLayout__')]/*[local-name()='svg']/*[local-name()='g']/*[local-name()='g']/*[local-name()='text' and text()='19']'.</msg>
<arg>${locator}</arg>
<arg>${modifier}</arg>
<arg>${action_chain}</arg>
<doc>Click the element identified by ``locator``.</doc>
<status status="PASS" start="2024-06-05T15:51:36.659267" elapsed="0.082516"/>
</kw>
<arg>${clue_start_grid_cell}</arg>
<status status="PASS" start="2024-06-05T15:51:36.630265" elapsed="0.111518"/>
</kw>
<status status="PASS" start="2024-06-05T15:51:36.629263" elapsed="0.112520"/>
</branch>
<status status="PASS" start="2024-06-05T15:51:36.629263" elapsed="0.112520"/>
</if>
<kw name="Press Keys" owner="SeleniumLibrary">
<msg time="2024-06-05T15:51:36.743785" level="INFO">Sending key(s) ('hunch',) to page.</msg>
<msg time="2024-06-05T15:51:36.743785" level="INFO">Sending keys hunch</msg>
<arg>None</arg>
<arg>${clue_dict.solution}</arg>
<doc>Simulates the user pressing key(s) to an element or on the active browser.</doc>
<status status="PASS" start="2024-06-05T15:51:36.741783" elapsed="0.038998"/>
</kw>
<var name="${index}">12</var>
<var name="${clue_dict}">{'id': '19', 'clue': 'Intuitive feeling', 'char_counts': '5', 'solution': 'hunch'}</var>
<status status="PASS" start="2024-06-05T15:51:36.097981" elapsed="0.682800"/>
</iter>
<iter>
<variable name="${dom_index}">
<var>${index + 1}</var>
<status status="PASS" start="2024-06-05T15:51:36.780781" elapsed="0.001000"/>
</variable>
<variable name="${current_clue_list_item_locator}">
<var>${clue_list_item_locator}\[${dom_index}\]/section</var>
<status status="PASS" start="2024-06-05T15:51:36.781781" elapsed="0.000000"/>
</variable>
<kw name="Click Element After It Loads" owner="Helpers">
<kw name="Wait For Element To Be Interactable" owner="Helpers">
<kw name="Wait Until Page Contains Element" owner="SeleniumLibrary">
<arg>${locator}</arg>
<doc>Waits until the element ``locator`` appears on the current page.</doc>
<status status="PASS" start="2024-06-05T15:51:36.783780" elapsed="0.010001"/>
</kw>
<kw name="Wait Until Element Is Visible" owner="SeleniumLibrary">
<arg>${locator}</arg>
<doc>Waits until the element ``locator`` is visible.</doc>
<status status="PASS" start="2024-06-05T15:51:36.793781" elapsed="0.014000"/>
</kw>
<arg>${locator}</arg>
<status status="PASS" start="2024-06-05T15:51:36.782782" elapsed="0.026001"/>
</kw>
<kw name="Click Element" owner="SeleniumLibrary">
<msg time="2024-06-05T15:51:36.808783" level="INFO">Clicking element '//section[contains(@class,'connectedCluePanel_cluePanel__')][2]/ul/li[14]/section'.</msg>
<arg>${locator}</arg>
<arg>${modifier}</arg>
<arg>${action_chain}</arg>
<doc>Click the element identified by ``locator``.</doc>
<status status="PASS" start="2024-06-05T15:51:36.808783" elapsed="0.068356"/>
</kw>
<arg>${current_clue_list_item_locator}</arg>
<status status="PASS" start="2024-06-05T15:51:36.782782" elapsed="0.095359"/>
</kw>
<kw name="Scroll Element Into View" owner="SeleniumLibrary">
<arg>${current_clue_list_item_locator}</arg>
<doc>Scrolls the element identified by ``locator`` into view.</doc>
<status status="PASS" start="2024-06-05T15:51:36.878141" elapsed="0.306148"/>
</kw>
<kw name="Get Text" owner="SeleniumLibrary">
<msg time="2024-06-05T15:51:37.201290" level="INFO">${actual_clue_id} = 21</msg>
<var>${actual_clue_id}</var>
<arg>xpath:${current_clue_list_item_locator}/strong/div</arg>
<doc>Returns the text value of the element identified by ``locator``.</doc>
<status status="PASS" start="2024-06-05T15:51:37.184289" elapsed="0.017001"/>
</kw>
<kw name="Get Text" owner="SeleniumLibrary">
<msg time="2024-06-05T15:51:37.218290" level="INFO">${full_clue_string} = Move furtively (5)</msg>
<var>${full_clue_string}</var>
<arg>xpath:${current_clue_list_item_locator}/div</arg>
<doc>Returns the text value of the element identified by ``locator``.</doc>
<status status="PASS" start="2024-06-05T15:51:37.201290" elapsed="0.017000"/>
</kw>
<kw name="Fetch From Left" owner="String">
<msg time="2024-06-05T15:51:37.218290" level="INFO">${actual_clue_string} = Move furtively</msg>
<var>${actual_clue_string}</var>
<arg>${full_clue_string}</arg>
<arg>${SPACE}(</arg>
<doc>Returns contents of the ``string`` before the first occurrence of ``marker``.</doc>
<status status="PASS" start="2024-06-05T15:51:37.218290" elapsed="0.000000"/>
</kw>
<kw name="Fetch From Right" owner="String">
<msg time="2024-06-05T15:51:37.219290" level="INFO">${actual_clue_char_counts} = 5)</msg>
<var>${actual_clue_char_counts}</var>
<arg>${full_clue_string}</arg>
<arg>(</arg>
<doc>Returns contents of the ``string`` after the last occurrence of ``marker``.</doc>
<status status="PASS" start="2024-06-05T15:51:37.218290" elapsed="0.001000"/>
</kw>
<kw name="Fetch From Left" owner="String">
<msg time="2024-06-05T15:51:37.219290" level="INFO">${actual_clue_char_counts} = 5</msg>
<var>${actual_clue_char_counts}</var>
<arg>${actual_clue_char_counts}</arg>
<arg>)</arg>
<doc>Returns contents of the ``string`` before the first occurrence of ``marker``.</doc>
<status status="PASS" start="2024-06-05T15:51:37.219290" elapsed="0.000000"/>
</kw>
<kw name="Should Be Equal As Strings" owner="BuiltIn">
<arg>${actual_clue_id}</arg>
<arg>${clue_dict.id}</arg>
<doc>Fails if objects are unequal after converting them to strings.</doc>
<status status="PASS" start="2024-06-05T15:51:37.219290" elapsed="0.000999"/>
</kw>
<kw name="Should Be Equal As Strings" owner="BuiltIn">
<arg>${actual_clue_string}</arg>
<arg>${clue_dict.clue}</arg>
<doc>Fails if objects are unequal after converting them to strings.</doc>
<status status="PASS" start="2024-06-05T15:51:37.220289" elapsed="0.001000"/>
</kw>
<kw name="Should Be Equal As Strings" owner="BuiltIn">
<arg>${actual_clue_char_counts}</arg>
<arg>${clue_dict.char_counts}</arg>
<doc>Fails if objects are unequal after converting them to strings.</doc>
<status status="PASS" start="2024-06-05T15:51:37.222288" elapsed="0.001002"/>
</kw>
<variable name="${clue_start_grid_cell}">
<var>${GAME_GRID_TABLE_CELL_XPATH}/*[local-name()='text' and text()='${clue_dict.id}']</var>
<status status="PASS" start="2024-06-05T15:51:37.223290" elapsed="0.000000"/>
</variable>
<kw name="Get Element Attribute" owner="SeleniumLibrary">
<msg time="2024-06-05T15:51:37.242291" level="INFO">${clue_start_grid_cell_current_color} = rgb(255, 255, 255)</msg>
<var>${clue_start_grid_cell_current_color}</var>
<arg>${clue_start_grid_cell}/../*[local-name()='rect']</arg>
<arg>fill</arg>
<doc>Returns the value of ``attribute`` from the element ``locator``.</doc>
<status status="PASS" start="2024-06-05T15:51:37.224289" elapsed="0.018002"/>
</kw>
<if>
<branch type="IF" condition="$clue_start_grid_cell_current_color != $GAME_SELECTED_SQUARE_COLOR">
<kw name="Click Element After It Loads" owner="Helpers">
<kw name="Wait For Element To Be Interactable" owner="Helpers">
<kw name="Wait Until Page Contains Element" owner="SeleniumLibrary">
<arg>${locator}</arg>
<doc>Waits until the element ``locator`` appears on the current page.</doc>
<status status="PASS" start="2024-06-05T15:51:37.244291" elapsed="0.009999"/>
</kw>
<kw name="Wait Until Element Is Visible" owner="SeleniumLibrary">
<arg>${locator}</arg>
<doc>Waits until the element ``locator`` is visible.</doc>
<status status="PASS" start="2024-06-05T15:51:37.254290" elapsed="0.013001"/>
</kw>
<arg>${locator}</arg>
<status status="PASS" start="2024-06-05T15:51:37.244291" elapsed="0.023999"/>
</kw>
<kw name="Click Element" owner="SeleniumLibrary">
<msg time="2024-06-05T15:51:37.268290" level="INFO">Clicking element '//section[contains(@class,'game_gridLayout__')]/*[local-name()='svg']/*[local-name()='g']/*[local-name()='g']/*[local-name()='text' and text()='21']'.</msg>
<arg>${locator}</arg>
<arg>${modifier}</arg>
<arg>${action_chain}</arg>
<doc>Click the element identified by ``locator``.</doc>
<status status="PASS" start="2024-06-05T15:51:37.268290" elapsed="0.074004"/>
</kw>
<arg>${clue_start_grid_cell}</arg>
<status status="PASS" start="2024-06-05T15:51:37.242291" elapsed="0.100003"/>
</kw>
<status status="PASS" start="2024-06-05T15:51:37.242291" elapsed="0.100003"/>
</branch>
<status status="PASS" start="2024-06-05T15:51:37.242291" elapsed="0.100003"/>
</if>
<kw name="Press Keys" owner="SeleniumLibrary">
<msg time="2024-06-05T15:51:37.344303" level="INFO">Sending key(s) ('sidle',) to page.</msg>
<msg time="2024-06-05T15:51:37.344303" level="INFO">Sending keys sidle</msg>
<arg>None</arg>
<arg>${clue_dict.solution}</arg>
<doc>Simulates the user pressing key(s) to an element or on the active browser.</doc>
<status status="PASS" start="2024-06-05T15:51:37.342294" elapsed="0.151603"/>
</kw>
<var name="${index}">13</var>
<var name="${clue_dict}">{'id': '21', 'clue': 'Move furtively', 'char_counts': '5', 'solution': 'sidle'}</var>
<status status="PASS" start="2024-06-05T15:51:36.780781" elapsed="0.713116"/>
</iter>
<var>${index}</var>
<var>${clue_dict}</var>
<value>@{clues_with_solutions}</value>
<status status="PASS" start="2024-06-05T15:51:28.500707" elapsed="8.993190"/>
</for>
<arg>${GAME_CLUE_LIST_DOWN_ITEM_XPATH}</arg>
<arg>${clues_with_solutions.down}</arg>
<tag>robot:private</tag>
<status status="PASS" start="2024-06-05T15:51:28.485696" elapsed="9.008201"/>
</kw>
<kw name="Unselect Frame" owner="SeleniumLibrary" type="TEARDOWN">
<doc>Sets the main frame as the current frame.</doc>
<status status="PASS" start="2024-06-05T15:51:37.494909" elapsed="0.003987"/>
</kw>
<arg>${clues_with_solutions}</arg>
<status status="PASS" start="2024-06-05T15:51:20.923007" elapsed="16.576890"/>
</kw>
<arg>${puzzle_dict.clues}</arg>
<status status="PASS" start="2024-06-05T15:51:20.248542" elapsed="17.251355"/>
</kw>
<kw name="Verify Results Screen Of Puzzle From Previous Month Completed Without Mistakes" owner="GamePage">
<kw name="Verify Results Screen Content" owner="GameContainer">
<kw name="Select Game Container Frame" owner="GameContainer" type="SETUP">
<kw name="Switch To Frame After It Loads" owner="Helpers">
<kw name="Wait Until Page Contains Element" owner="SeleniumLibrary">
<arg>${locator}</arg>
<doc>Waits until the element ``locator`` appears on the current page.</doc>
<status status="PASS" start="2024-06-05T15:51:37.502893" elapsed="0.010002"/>
</kw>
<kw name="Select Frame" owner="SeleniumLibrary">
<msg time="2024-06-05T15:51:37.513894" level="INFO">Selecting frame 'id:canvas-box'.</msg>
<arg>${locator}</arg>
<doc>Sets frame identified by ``locator`` as the current frame.</doc>
<status status="PASS" start="2024-06-05T15:51:37.513894" elapsed="0.022000"/>
</kw>
<arg>id:${GAME_CONTAINER_FRAME_ID}</arg>
<status status="PASS" start="2024-06-05T15:51:37.501895" elapsed="0.034998"/>
</kw>
<status status="PASS" start="2024-06-05T15:51:37.501895" elapsed="0.034998"/>
</kw>
<kw name="Wait Until Element Contains" owner="SeleniumLibrary">
<arg>xpath:${GAME_END_RESULTS_SCREEN_COMP_PERCENT_FIELD_XPATH}</arg>
<arg>%</arg>
<doc>Waits until the element ``locator`` contains ``text``.</doc>
<status status="PASS" start="2024-06-05T15:51:37.536893" elapsed="0.469371"/>
</kw>
<kw name="Get Text" owner="SeleniumLibrary">
<msg time="2024-06-05T15:51:38.024275" level="INFO">${actual_completed_percentage} = 100%</msg>
<var>${actual_completed_percentage}</var>
<arg>xpath:${GAME_END_RESULTS_SCREEN_COMP_PERCENT_FIELD_XPATH}</arg>
<doc>Returns the text value of the element identified by ``locator``.</doc>
<status status="PASS" start="2024-06-05T15:51:38.007265" elapsed="0.017010"/>
</kw>
<kw name="Should Be Equal As Strings" owner="BuiltIn">
<arg>${actual_completed_percentage}</arg>
<arg>${expected_completion_percentage}</arg>
<doc>Fails if objects are unequal after converting them to strings.</doc>
<status status="PASS" start="2024-06-05T15:51:38.025279" elapsed="0.000000"/>
</kw>
<kw name="Unselect Frame" owner="SeleniumLibrary" type="TEARDOWN">
<doc>Sets the main frame as the current frame.</doc>
<status status="PASS" start="2024-06-05T15:51:38.025279" elapsed="0.002999"/>
</kw>
<arg>100%</arg>
<status status="PASS" start="2024-06-05T15:51:37.500897" elapsed="0.527381"/>
</kw>
<status status="PASS" start="2024-06-05T15:51:37.500897" elapsed="0.527381"/>
</kw>
<kw name="Take Completed Puzzle State Screenshots" owner="GameContainer">
<kw name="Select Game Container Frame" owner="GameContainer" type="SETUP">
<kw name="Switch To Frame After It Loads" owner="Helpers">
<kw name="Wait Until Page Contains Element" owner="SeleniumLibrary">
<arg>${locator}</arg>
<doc>Waits until the element ``locator`` appears on the current page.</doc>
<status status="PASS" start="2024-06-05T15:51:38.030274" elapsed="0.005548"/>
</kw>
<kw name="Select Frame" owner="SeleniumLibrary">
<msg time="2024-06-05T15:51:38.036822" level="INFO">Selecting frame 'id:canvas-box'.</msg>
<arg>${locator}</arg>
<doc>Sets frame identified by ``locator`` as the current frame.</doc>
<status status="PASS" start="2024-06-05T15:51:38.036822" elapsed="0.021640"/>
</kw>
<arg>id:${GAME_CONTAINER_FRAME_ID}</arg>
<status status="PASS" start="2024-06-05T15:51:38.029277" elapsed="0.029185"/>
</kw>
<status status="PASS" start="2024-06-05T15:51:38.029277" elapsed="0.029185"/>
</kw>
<kw name="Capture Page Screenshot" owner="SeleniumLibrary">
<msg time="2024-06-05T15:51:38.265418" level="INFO" html="true">&lt;/td&gt;&lt;/tr&gt;&lt;tr&gt;&lt;td colspan="3"&gt;&lt;a href="completed_puzzle_results_screen_proof.png"&gt;&lt;img src="completed_puzzle_results_screen_proof.png" width="800px"&gt;&lt;/a&gt;</msg>
<arg>${RESULT_SCREEN_SCREENSHOT_NAME}</arg>
<doc>Takes a screenshot of the current page and embeds it into a log file.</doc>
<status status="PASS" start="2024-06-05T15:51:38.059465" elapsed="0.205953"/>
</kw>
<kw name="Click Element After It Loads" owner="Helpers">
<kw name="Wait For Element To Be Interactable" owner="Helpers">
<kw name="Wait Until Page Contains Element" owner="SeleniumLibrary">
<arg>${locator}</arg>
<doc>Waits until the element ``locator`` appears on the current page.</doc>
<status status="PASS" start="2024-06-05T15:51:38.266417" elapsed="0.010698"/>
</kw>
<kw name="Wait Until Element Is Visible" owner="SeleniumLibrary">
<arg>${locator}</arg>
<doc>Waits until the element ``locator`` is visible.</doc>
<status status="PASS" start="2024-06-05T15:51:38.278116" elapsed="0.015000"/>
</kw>
<arg>${locator}</arg>
<status status="PASS" start="2024-06-05T15:51:38.266417" elapsed="0.027699"/>
</kw>
<kw name="Click Element" owner="SeleniumLibrary">
<msg time="2024-06-05T15:51:38.294116" level="INFO">Clicking element 'xpath://section[contains(@class,'gameEndPopup_window__')]/descendant::section[contains(@class,'gameEndPopup_submitContainer__')]/button[text()='Review Answers']'.</msg>
<arg>${locator}</arg>
<arg>${modifier}</arg>
<arg>${action_chain}</arg>
<doc>Click the element identified by ``locator``.</doc>
<status status="PASS" start="2024-06-05T15:51:38.294116" elapsed="0.077523"/>
</kw>
<arg>xpath:${GAME_END_RESULTS_SCREEN_REVIEW_BUTTON_XPATH}</arg>
<status status="PASS" start="2024-06-05T15:51:38.265418" elapsed="0.106221"/>
</kw>
<kw name="Wait Until Page Contains Element" owner="SeleniumLibrary">
<arg>xpath:${GAME_END_RESULTS_SCREEN_SHOW_BUTTON_XPATH}</arg>
<doc>Waits until the element ``locator`` appears on the current page.</doc>
<status status="PASS" start="2024-06-05T15:51:38.371639" elapsed="0.660382"/>
</kw>
<kw name="Capture Page Screenshot" owner="SeleniumLibrary">
<msg time="2024-06-05T15:51:39.226713" level="INFO" html="true">&lt;/td&gt;&lt;/tr&gt;&lt;tr&gt;&lt;td colspan="3"&gt;&lt;a href="completed_puzzle_proof.png"&gt;&lt;img src="completed_puzzle_proof.png" width="800px"&gt;&lt;/a&gt;</msg>
<arg>${COMPLETED_PUZZLE_SCREENSHOT_NAME}</arg>
<doc>Takes a screenshot of the current page and embeds it into a log file.</doc>
<status status="PASS" start="2024-06-05T15:51:39.032021" elapsed="0.195688"/>
</kw>
<kw name="Unselect Frame" owner="SeleniumLibrary" type="TEARDOWN">
<doc>Sets the main frame as the current frame.</doc>
<status status="PASS" start="2024-06-05T15:51:39.227709" elapsed="0.003001"/>
</kw>
<status status="PASS" start="2024-06-05T15:51:38.029277" elapsed="1.201433"/>
</kw>
<kw name="Shutdown Browsers" owner="Helpers" type="TEARDOWN">
<kw name="Close All Browsers" owner="SeleniumLibrary">
<doc>Closes all open browsers and resets the browser cache.</doc>
<status status="PASS" start="2024-06-05T15:51:39.231720" elapsed="6.251380"/>
</kw>
<status status="PASS" start="2024-06-05T15:51:39.231720" elapsed="6.251380"/>
</kw>
<status status="PASS" start="2024-06-05T15:51:09.537762" elapsed="35.946329"/>
</test>
<status status="PASS" start="2024-06-05T15:51:09.288753" elapsed="36.195338"/>
</suite>
<statistics>
<total>
<stat pass="1" fail="0" skip="0">All Tests</stat>
</total>
<tag>
</tag>
<suite>
<stat pass="1" fail="0" skip="0" id="s1" name="PuzzleCompletionSmokeTests">PuzzleCompletionSmokeTests</stat>
</suite>
</statistics>
<errors>
</errors>
</robot>
